#
# There is insufficient memory for the Java Runtime Environment to continue.
# Native memory allocation (malloc) failed to allocate 32744 bytes for ChunkPool::allocate
# Possible reasons:
#   The system is out of physical RAM or swap space
#   The process is running with CompressedOops enabled, and the Java Heap may be blocking the growth of the native heap
# Possible solutions:
#   Reduce memory load on the system
#   Increase physical memory or swap space
#   Check if swap backing store is full
#   Decrease Java heap size (-Xmx/-Xms)
#   Decrease number of Java threads
#   Decrease Java thread stack sizes (-Xss)
#   Set larger code cache with -XX:ReservedCodeCacheSize=
#   JVM is running with Unscaled Compressed Oops mode in which the Java heap is
#     placed in the first 4GB address space. The Java Heap base address is the
#     maximum limit for the native heap growth. Please use -XX:HeapBaseMinAddress
#     to set the Java Heap base and to place the Java Heap above 4GB virtual address.
# This output file may be truncated or incomplete.
#
#  Out of Memory Error (src/hotspot/share/memory/arena.cpp:81), pid=19500, tid=1760
#
# JRE version: OpenJDK Runtime Environment JBR-11.0.14.1.1-2043.45-jcef (11.0.14.1+1) (build 11.0.14.1+1-b2043.45)
# Java VM: OpenJDK 64-Bit Server VM JBR-11.0.14.1.1-2043.45-jcef (11.0.14.1+1-b2043.45, mixed mode, tiered, compressed oops, g1 gc, windows-amd64)
# No core dump will be written. Minidumps are not enabled by default on client versions of Windows
#

---------------  S U M M A R Y ------------

Command Line: -Djava.rmi.server.hostname=127.0.0.1 -Duser.timezone=UTC -Xmx750m -Xms128m -Dfile.encoding=GBK com.intellij.database.remote.RemoteJdbcServer com.mysql.cj.jdbc.Driver

Host: Intel(R) Core(TM) i7-10875H CPU @ 2.30GHz, 16 cores, 15G,  Windows 10 , 64 bit Build 19041 (10.0.19041.2788)
Time: Wed Apr 26 23:01:10 2023 中国标准时间 elapsed time: 8339.044489 seconds (0d 2h 18m 59s)

---------------  T H R E A D  ---------------

Current thread (0x000002c2fcfc2800):  JavaThread "C2 CompilerThread0" daemon [_thread_in_native, id=1760, stack(0x000000e69d900000,0x000000e69da00000)]


Current CompileTask:
C2:8339044 3744   !   4       sun.rmi.transport.StreamRemoteCall::releaseOutputStream (60 bytes)

Stack: [0x000000e69d900000,0x000000e69da00000]
Native frames: (J=compiled Java code, j=interpreted, Vv=VM code, C=native code)
V  [jvm.dll+0x61618a]
V  [jvm.dll+0x79c450]
V  [jvm.dll+0x79da6d]
V  [jvm.dll+0x79e143]
V  [jvm.dll+0x24c968]
V  [jvm.dll+0xc165b]
V  [jvm.dll+0xc190c]
V  [jvm.dll+0xc150c]
V  [jvm.dll+0x643220]
V  [jvm.dll+0x3478fb]
V  [jvm.dll+0x3434b9]
V  [jvm.dll+0x348bf8]
V  [jvm.dll+0x62b8f4]
V  [jvm.dll+0x62940e]
V  [jvm.dll+0x18dd8c]
V  [jvm.dll+0x18ead9]
V  [jvm.dll+0x2c100f]
V  [jvm.dll+0x633f25]
V  [jvm.dll+0x62bcca]
V  [jvm.dll+0x62b383]
V  [jvm.dll+0x6293db]
V  [jvm.dll+0x18dd8c]
V  [jvm.dll+0x2c100f]
V  [jvm.dll+0x633f25]
V  [jvm.dll+0x62bcca]
V  [jvm.dll+0x62b383]
V  [jvm.dll+0x6293db]
V  [jvm.dll+0x18dd8c]
V  [jvm.dll+0x2c100f]
V  [jvm.dll+0x633f25]
V  [jvm.dll+0x62bcca]
V  [jvm.dll+0x62b383]
V  [jvm.dll+0x6293db]
V  [jvm.dll+0x18dd8c]
V  [jvm.dll+0x203c75]
V  [jvm.dll+0x18b5e1]
V  [jvm.dll+0x212c6f]
V  [jvm.dll+0x211511]
V  [jvm.dll+0x762b9f]
V  [jvm.dll+0x75b755]
V  [jvm.dll+0x614df6]
C  [ucrtbase.dll+0x21bb2]
C  [KERNEL32.DLL+0x17604]
C  [ntdll.dll+0x526a1]


---------------  P R O C E S S  ---------------

Threads class SMR info:
_java_thread_list=0x000002c2fe058770, length=18, elements={
0x000002c2f1fb9800, 0x000002c2fcfa0000, 0x000002c2fcfa1000, 0x000002c2fcfbc800,
0x000002c2fcfbd800, 0x000002c2fcfbf000, 0x000002c2fcfc2800, 0x000002c2fcfc3800,
0x000002c2fcfc7000, 0x000002c2fda40000, 0x000002c2fda3c000, 0x000002c2fde53000,
0x000002c2fde53800, 0x000002c2fde54800, 0x000002c2fde76800, 0x000002c2fe2e4800,
0x000002c2fdf1b000, 0x000002c2fe2f0000
}

Java Threads: ( => current thread )
  0x000002c2f1fb9800 JavaThread "main" [_thread_blocked, id=9508, stack(0x000000e69cd00000,0x000000e69ce00000)]
  0x000002c2fcfa0000 JavaThread "Reference Handler" daemon [_thread_blocked, id=19704, stack(0x000000e69d400000,0x000000e69d500000)]
  0x000002c2fcfa1000 JavaThread "Finalizer" daemon [_thread_blocked, id=20424, stack(0x000000e69d500000,0x000000e69d600000)]
  0x000002c2fcfbc800 JavaThread "Signal Dispatcher" daemon [_thread_blocked, id=12224, stack(0x000000e69d600000,0x000000e69d700000)]
  0x000002c2fcfbd800 JavaThread "Attach Listener" daemon [_thread_blocked, id=16976, stack(0x000000e69d700000,0x000000e69d800000)]
  0x000002c2fcfbf000 JavaThread "Service Thread" daemon [_thread_blocked, id=11952, stack(0x000000e69d800000,0x000000e69d900000)]
=>0x000002c2fcfc2800 JavaThread "C2 CompilerThread0" daemon [_thread_in_native, id=1760, stack(0x000000e69d900000,0x000000e69da00000)]
  0x000002c2fcfc3800 JavaThread "C1 CompilerThread0" daemon [_thread_blocked, id=11052, stack(0x000000e69da00000,0x000000e69db00000)]
  0x000002c2fcfc7000 JavaThread "Sweeper thread" daemon [_thread_blocked, id=20136, stack(0x000000e69db00000,0x000000e69dc00000)]
  0x000002c2fda40000 JavaThread "Common-Cleaner" daemon [_thread_blocked, id=180, stack(0x000000e69de00000,0x000000e69df00000)]
  0x000002c2fda3c000 JavaThread "mysql-cj-abandoned-connection-cleanup" daemon [_thread_blocked, id=15808, stack(0x000000e69e100000,0x000000e69e200000)]
  0x000002c2fde53000 JavaThread "RMI TCP Accept-50700" daemon [_thread_in_native, id=6516, stack(0x000000e69e200000,0x000000e69e300000)]
  0x000002c2fde53800 JavaThread "RMI TCP Accept-0" daemon [_thread_in_native, id=19680, stack(0x000000e69e300000,0x000000e69e400000)]
  0x000002c2fde54800 JavaThread "RMI Reaper" [_thread_blocked, id=15660, stack(0x000000e69e400000,0x000000e69e500000)]
  0x000002c2fde76800 JavaThread "RMI GC Daemon" daemon [_thread_blocked, id=11072, stack(0x000000e69e500000,0x000000e69e600000)]
  0x000002c2fe2e4800 JavaThread "RMI TCP Connection(1)-127.0.0.1" daemon [_thread_in_native, id=18400, stack(0x000000e69e800000,0x000000e69e900000)]
  0x000002c2fdf1b000 JavaThread "RMI Scheduler(0)" daemon [_thread_blocked, id=2816, stack(0x000000e69e900000,0x000000e69ea00000)]
  0x000002c2fe2f0000 JavaThread "RMI TCP Connection(3)-127.0.0.1" daemon [_thread_in_native, id=8204, stack(0x000000e69ca00000,0x000000e69cb00000)]

Other Threads:
  0x000002c2fcf9e000 VMThread "VM Thread" [stack: 0x000000e69d300000,0x000000e69d400000] [id=17152]
  0x000002c2fda3e800 WatcherThread [stack: 0x000000e69dd00000,0x000000e69de00000] [id=13792]
  0x000002c2f1fd1800 GCTaskThread "GC Thread#0" [stack: 0x000000e69ce00000,0x000000e69cf00000] [id=19820]
  0x000002c2feeda800 GCTaskThread "GC Thread#1" [stack: 0x000000e69eb00000,0x000000e69ec00000] [id=8396]
  0x000002c2feedb000 GCTaskThread "GC Thread#2" [stack: 0x000000e69ec00000,0x000000e69ed00000] [id=14092]
  0x000002c2feba0000 GCTaskThread "GC Thread#3" [stack: 0x000000e69ed00000,0x000000e69ee00000] [id=17020]
  0x000002c2f1feb800 ConcurrentGCThread "G1 Main Marker" [stack: 0x000000e69cf00000,0x000000e69d000000] [id=5388]
  0x000002c2f1fed000 ConcurrentGCThread "G1 Conc#0" [stack: 0x000000e69d000000,0x000000e69d100000] [id=19532]
  0x000002c2fdddb000 ConcurrentGCThread "G1 Conc#1" [stack: 0x000000e69ee00000,0x000000e69ef00000] [id=3716]
  0x000002c2fef32800 ConcurrentGCThread "G1 Conc#2" [stack: 0x000000e69ef00000,0x000000e69f000000] [id=17832]
  0x000002c2fcdf0800 ConcurrentGCThread "G1 Refine#0" [stack: 0x000000e69d100000,0x000000e69d200000] [id=19856]
  0x000002c2f2092800 ConcurrentGCThread "G1 Young RemSet Sampling" [stack: 0x000000e69d200000,0x000000e69d300000] [id=1404]

Threads with active compile tasks:
C2 CompilerThread08339074 3744   !   4       sun.rmi.transport.StreamRemoteCall::releaseOutputStream (60 bytes)

VM state:not at safepoint (normal execution)

VM Mutex/Monitor currently owned by a thread: None

Heap address: 0x00000000d1200000, size: 750 MB, Compressed Oops mode: 32-bit
Narrow klass base: 0x0000000000000000, Narrow klass shift: 3
Compressed class space size: 1073741824 Address: 0x0000000100000000

Heap:
 garbage-first heap   total 131072K, used 12544K [0x00000000d1200000, 0x0000000100000000)
  region size 1024K, 6 young (6144K), 0 survivors (0K)
 Metaspace       used 23190K, capacity 23687K, committed 24624K, reserved 1071104K
  class space    used 2237K, capacity 2406K, committed 2688K, reserved 1048576K
Heap Regions: E=young(eden), S=young(survivor), O=old, HS=humongous(starts), HC=humongous(continues), CS=collection set, F=free, A=archive, TAMS=top-at-mark-start (previous, next)
|   0|0x00000000d1200000, 0x00000000d12f4e48, 0x00000000d1300000| 95%| O|  |TAMS 0x00000000d1200000, 0x00000000d1200000| Untracked 
|   1|0x00000000d1300000, 0x00000000d1395fb0, 0x00000000d1400000| 58%| O|  |TAMS 0x00000000d1300000, 0x00000000d1300000| Untracked 
|   2|0x00000000d1400000, 0x00000000d1500000, 0x00000000d1500000|100%| O|  |TAMS 0x00000000d1400000, 0x00000000d1400000| Untracked 
|   3|0x00000000d1500000, 0x00000000d15ffff0, 0x00000000d1600000| 99%| O|  |TAMS 0x00000000d1500000, 0x00000000d1500000| Untracked 
|   4|0x00000000d1600000, 0x00000000d16fe708, 0x00000000d1700000| 99%| O|  |TAMS 0x00000000d1600000, 0x00000000d1600000| Untracked 
|   5|0x00000000d1700000, 0x00000000d17ffff8, 0x00000000d1800000| 99%| O|  |TAMS 0x00000000d1700000, 0x00000000d1700000| Untracked 
|   6|0x00000000d1800000, 0x00000000d18fffe8, 0x00000000d1900000| 99%| O|  |TAMS 0x00000000d1800000, 0x00000000d1800000| Untracked 
|   7|0x00000000d1900000, 0x00000000d1906ad0, 0x00000000d1a00000|  2%| O|  |TAMS 0x00000000d1900000, 0x00000000d1900000| Untracked 
|   8|0x00000000d1a00000, 0x00000000d1a00000, 0x00000000d1b00000|  0%| F|  |TAMS 0x00000000d1a00000, 0x00000000d1a00000| Untracked 
|   9|0x00000000d1b00000, 0x00000000d1b00000, 0x00000000d1c00000|  0%| F|  |TAMS 0x00000000d1b00000, 0x00000000d1b00000| Untracked 
|  10|0x00000000d1c00000, 0x00000000d1c00000, 0x00000000d1d00000|  0%| F|  |TAMS 0x00000000d1c00000, 0x00000000d1c00000| Untracked 
|  11|0x00000000d1d00000, 0x00000000d1d00000, 0x00000000d1e00000|  0%| F|  |TAMS 0x00000000d1d00000, 0x00000000d1d00000| Untracked 
|  12|0x00000000d1e00000, 0x00000000d1e00000, 0x00000000d1f00000|  0%| F|  |TAMS 0x00000000d1e00000, 0x00000000d1e00000| Untracked 
|  13|0x00000000d1f00000, 0x00000000d1f00000, 0x00000000d2000000|  0%| F|  |TAMS 0x00000000d1f00000, 0x00000000d1f00000| Untracked 
|  14|0x00000000d2000000, 0x00000000d2000000, 0x00000000d2100000|  0%| F|  |TAMS 0x00000000d2000000, 0x00000000d2000000| Untracked 
|  15|0x00000000d2100000, 0x00000000d2100000, 0x00000000d2200000|  0%| F|  |TAMS 0x00000000d2100000, 0x00000000d2100000| Untracked 
|  16|0x00000000d2200000, 0x00000000d2200000, 0x00000000d2300000|  0%| F|  |TAMS 0x00000000d2200000, 0x00000000d2200000| Untracked 
|  17|0x00000000d2300000, 0x00000000d2300000, 0x00000000d2400000|  0%| F|  |TAMS 0x00000000d2300000, 0x00000000d2300000| Untracked 
|  18|0x00000000d2400000, 0x00000000d2400000, 0x00000000d2500000|  0%| F|  |TAMS 0x00000000d2400000, 0x00000000d2400000| Untracked 
|  19|0x00000000d2500000, 0x00000000d2500000, 0x00000000d2600000|  0%| F|  |TAMS 0x00000000d2500000, 0x00000000d2500000| Untracked 
|  20|0x00000000d2600000, 0x00000000d2600000, 0x00000000d2700000|  0%| F|  |TAMS 0x00000000d2600000, 0x00000000d2600000| Untracked 
|  21|0x00000000d2700000, 0x00000000d2700000, 0x00000000d2800000|  0%| F|  |TAMS 0x00000000d2700000, 0x00000000d2700000| Untracked 
|  22|0x00000000d2800000, 0x00000000d2800000, 0x00000000d2900000|  0%| F|  |TAMS 0x00000000d2800000, 0x00000000d2800000| Untracked 
|  23|0x00000000d2900000, 0x00000000d2900000, 0x00000000d2a00000|  0%| F|  |TAMS 0x00000000d2900000, 0x00000000d2900000| Untracked 
|  24|0x00000000d2a00000, 0x00000000d2a00000, 0x00000000d2b00000|  0%| F|  |TAMS 0x00000000d2a00000, 0x00000000d2a00000| Untracked 
|  25|0x00000000d2b00000, 0x00000000d2b00000, 0x00000000d2c00000|  0%| F|  |TAMS 0x00000000d2b00000, 0x00000000d2b00000| Untracked 
|  26|0x00000000d2c00000, 0x00000000d2c00000, 0x00000000d2d00000|  0%| F|  |TAMS 0x00000000d2c00000, 0x00000000d2c00000| Untracked 
|  27|0x00000000d2d00000, 0x00000000d2d00000, 0x00000000d2e00000|  0%| F|  |TAMS 0x00000000d2d00000, 0x00000000d2d00000| Untracked 
|  28|0x00000000d2e00000, 0x00000000d2e00000, 0x00000000d2f00000|  0%| F|  |TAMS 0x00000000d2e00000, 0x00000000d2e00000| Untracked 
|  29|0x00000000d2f00000, 0x00000000d2f00000, 0x00000000d3000000|  0%| F|  |TAMS 0x00000000d2f00000, 0x00000000d2f00000| Untracked 
|  30|0x00000000d3000000, 0x00000000d3000000, 0x00000000d3100000|  0%| F|  |TAMS 0x00000000d3000000, 0x00000000d3000000| Untracked 
|  31|0x00000000d3100000, 0x00000000d3100000, 0x00000000d3200000|  0%| F|  |TAMS 0x00000000d3100000, 0x00000000d3100000| Untracked 
|  32|0x00000000d3200000, 0x00000000d3200000, 0x00000000d3300000|  0%| F|  |TAMS 0x00000000d3200000, 0x00000000d3200000| Untracked 
|  33|0x00000000d3300000, 0x00000000d3300000, 0x00000000d3400000|  0%| F|  |TAMS 0x00000000d3300000, 0x00000000d3300000| Untracked 
|  34|0x00000000d3400000, 0x00000000d3400000, 0x00000000d3500000|  0%| F|  |TAMS 0x00000000d3400000, 0x00000000d3400000| Untracked 
|  35|0x00000000d3500000, 0x00000000d3500000, 0x00000000d3600000|  0%| F|  |TAMS 0x00000000d3500000, 0x00000000d3500000| Untracked 
|  36|0x00000000d3600000, 0x00000000d3600000, 0x00000000d3700000|  0%| F|  |TAMS 0x00000000d3600000, 0x00000000d3600000| Untracked 
|  37|0x00000000d3700000, 0x00000000d3700000, 0x00000000d3800000|  0%| F|  |TAMS 0x00000000d3700000, 0x00000000d3700000| Untracked 
|  38|0x00000000d3800000, 0x00000000d3800000, 0x00000000d3900000|  0%| F|  |TAMS 0x00000000d3800000, 0x00000000d3800000| Untracked 
|  39|0x00000000d3900000, 0x00000000d3900000, 0x00000000d3a00000|  0%| F|  |TAMS 0x00000000d3900000, 0x00000000d3900000| Untracked 
|  40|0x00000000d3a00000, 0x00000000d3a00000, 0x00000000d3b00000|  0%| F|  |TAMS 0x00000000d3a00000, 0x00000000d3a00000| Untracked 
|  41|0x00000000d3b00000, 0x00000000d3b00000, 0x00000000d3c00000|  0%| F|  |TAMS 0x00000000d3b00000, 0x00000000d3b00000| Untracked 
|  42|0x00000000d3c00000, 0x00000000d3c00000, 0x00000000d3d00000|  0%| F|  |TAMS 0x00000000d3c00000, 0x00000000d3c00000| Untracked 
|  43|0x00000000d3d00000, 0x00000000d3d00000, 0x00000000d3e00000|  0%| F|  |TAMS 0x00000000d3d00000, 0x00000000d3d00000| Untracked 
|  44|0x00000000d3e00000, 0x00000000d3e00000, 0x00000000d3f00000|  0%| F|  |TAMS 0x00000000d3e00000, 0x00000000d3e00000| Untracked 
|  45|0x00000000d3f00000, 0x00000000d3f00000, 0x00000000d4000000|  0%| F|  |TAMS 0x00000000d3f00000, 0x00000000d3f00000| Untracked 
|  46|0x00000000d4000000, 0x00000000d4000000, 0x00000000d4100000|  0%| F|  |TAMS 0x00000000d4000000, 0x00000000d4000000| Untracked 
|  47|0x00000000d4100000, 0x00000000d4100000, 0x00000000d4200000|  0%| F|  |TAMS 0x00000000d4100000, 0x00000000d4100000| Untracked 
|  48|0x00000000d4200000, 0x00000000d4200000, 0x00000000d4300000|  0%| F|  |TAMS 0x00000000d4200000, 0x00000000d4200000| Untracked 
|  49|0x00000000d4300000, 0x00000000d4300000, 0x00000000d4400000|  0%| F|  |TAMS 0x00000000d4300000, 0x00000000d4300000| Untracked 
|  50|0x00000000d4400000, 0x00000000d4424c20, 0x00000000d4500000| 14%| O|  |TAMS 0x00000000d4400000, 0x00000000d4400000| Untracked 
|  51|0x00000000d4500000, 0x00000000d4500000, 0x00000000d4600000|  0%| F|  |TAMS 0x00000000d4500000, 0x00000000d4500000| Untracked 
|  52|0x00000000d4600000, 0x00000000d468b6c0, 0x00000000d4700000| 54%| O|  |TAMS 0x00000000d4600000, 0x00000000d4600000| Untracked 
|  53|0x00000000d4700000, 0x00000000d4700000, 0x00000000d4800000|  0%| F|  |TAMS 0x00000000d4700000, 0x00000000d4700000| Untracked 
|  54|0x00000000d4800000, 0x00000000d4800000, 0x00000000d4900000|  0%| F|  |TAMS 0x00000000d4800000, 0x00000000d4800000| Untracked 
|  55|0x00000000d4900000, 0x00000000d4900000, 0x00000000d4a00000|  0%| F|  |TAMS 0x00000000d4900000, 0x00000000d4900000| Untracked 
|  56|0x00000000d4a00000, 0x00000000d4a00000, 0x00000000d4b00000|  0%| F|  |TAMS 0x00000000d4a00000, 0x00000000d4a00000| Untracked 
|  57|0x00000000d4b00000, 0x00000000d4b00000, 0x00000000d4c00000|  0%| F|  |TAMS 0x00000000d4b00000, 0x00000000d4b00000| Untracked 
|  58|0x00000000d4c00000, 0x00000000d4c00000, 0x00000000d4d00000|  0%| F|  |TAMS 0x00000000d4c00000, 0x00000000d4c00000| Untracked 
|  59|0x00000000d4d00000, 0x00000000d4d00000, 0x00000000d4e00000|  0%| F|  |TAMS 0x00000000d4d00000, 0x00000000d4d00000| Untracked 
|  60|0x00000000d4e00000, 0x00000000d4e00000, 0x00000000d4f00000|  0%| F|  |TAMS 0x00000000d4e00000, 0x00000000d4e00000| Untracked 
|  61|0x00000000d4f00000, 0x00000000d4f00000, 0x00000000d5000000|  0%| F|  |TAMS 0x00000000d4f00000, 0x00000000d4f00000| Untracked 
|  62|0x00000000d5000000, 0x00000000d5000000, 0x00000000d5100000|  0%| F|  |TAMS 0x00000000d5000000, 0x00000000d5000000| Untracked 
|  63|0x00000000d5100000, 0x00000000d5100000, 0x00000000d5200000|  0%| F|  |TAMS 0x00000000d5100000, 0x00000000d5100000| Untracked 
|  64|0x00000000d5200000, 0x00000000d5200000, 0x00000000d5300000|  0%| F|  |TAMS 0x00000000d5200000, 0x00000000d5200000| Untracked 
|  65|0x00000000d5300000, 0x00000000d5300000, 0x00000000d5400000|  0%| F|  |TAMS 0x00000000d5300000, 0x00000000d5300000| Untracked 
|  66|0x00000000d5400000, 0x00000000d5400000, 0x00000000d5500000|  0%| F|  |TAMS 0x00000000d5400000, 0x00000000d5400000| Untracked 
|  67|0x00000000d5500000, 0x00000000d5500000, 0x00000000d5600000|  0%| F|  |TAMS 0x00000000d5500000, 0x00000000d5500000| Untracked 
|  68|0x00000000d5600000, 0x00000000d5600000, 0x00000000d5700000|  0%| F|  |TAMS 0x00000000d5600000, 0x00000000d5600000| Untracked 
|  69|0x00000000d5700000, 0x00000000d5700000, 0x00000000d5800000|  0%| F|  |TAMS 0x00000000d5700000, 0x00000000d5700000| Untracked 
|  70|0x00000000d5800000, 0x00000000d5800000, 0x00000000d5900000|  0%| F|  |TAMS 0x00000000d5800000, 0x00000000d5800000| Untracked 
|  71|0x00000000d5900000, 0x00000000d5900000, 0x00000000d5a00000|  0%| F|  |TAMS 0x00000000d5900000, 0x00000000d5900000| Untracked 
|  72|0x00000000d5a00000, 0x00000000d5a00000, 0x00000000d5b00000|  0%| F|  |TAMS 0x00000000d5a00000, 0x00000000d5a00000| Untracked 
|  73|0x00000000d5b00000, 0x00000000d5b00000, 0x00000000d5c00000|  0%| F|  |TAMS 0x00000000d5b00000, 0x00000000d5b00000| Untracked 
|  74|0x00000000d5c00000, 0x00000000d5c00000, 0x00000000d5d00000|  0%| F|  |TAMS 0x00000000d5c00000, 0x00000000d5c00000| Untracked 
|  75|0x00000000d5d00000, 0x00000000d5d00000, 0x00000000d5e00000|  0%| F|  |TAMS 0x00000000d5d00000, 0x00000000d5d00000| Untracked 
|  76|0x00000000d5e00000, 0x00000000d5e00000, 0x00000000d5f00000|  0%| F|  |TAMS 0x00000000d5e00000, 0x00000000d5e00000| Untracked 
|  77|0x00000000d5f00000, 0x00000000d5f00000, 0x00000000d6000000|  0%| F|  |TAMS 0x00000000d5f00000, 0x00000000d5f00000| Untracked 
|  78|0x00000000d6000000, 0x00000000d6000000, 0x00000000d6100000|  0%| F|  |TAMS 0x00000000d6000000, 0x00000000d6000000| Untracked 
|  79|0x00000000d6100000, 0x00000000d6100000, 0x00000000d6200000|  0%| F|  |TAMS 0x00000000d6100000, 0x00000000d6100000| Untracked 
|  80|0x00000000d6200000, 0x00000000d6200000, 0x00000000d6300000|  0%| F|  |TAMS 0x00000000d6200000, 0x00000000d6200000| Untracked 
|  81|0x00000000d6300000, 0x00000000d6300000, 0x00000000d6400000|  0%| F|  |TAMS 0x00000000d6300000, 0x00000000d6300000| Untracked 
|  82|0x00000000d6400000, 0x00000000d6400000, 0x00000000d6500000|  0%| F|  |TAMS 0x00000000d6400000, 0x00000000d6400000| Untracked 
|  83|0x00000000d6500000, 0x00000000d6500000, 0x00000000d6600000|  0%| F|  |TAMS 0x00000000d6500000, 0x00000000d6500000| Untracked 
|  84|0x00000000d6600000, 0x00000000d6600000, 0x00000000d6700000|  0%| F|  |TAMS 0x00000000d6600000, 0x00000000d6600000| Untracked 
|  85|0x00000000d6700000, 0x00000000d6700000, 0x00000000d6800000|  0%| F|  |TAMS 0x00000000d6700000, 0x00000000d6700000| Untracked 
|  86|0x00000000d6800000, 0x00000000d6800000, 0x00000000d6900000|  0%| F|  |TAMS 0x00000000d6800000, 0x00000000d6800000| Untracked 
|  87|0x00000000d6900000, 0x00000000d6900000, 0x00000000d6a00000|  0%| F|  |TAMS 0x00000000d6900000, 0x00000000d6900000| Untracked 
|  88|0x00000000d6a00000, 0x00000000d6a00000, 0x00000000d6b00000|  0%| F|  |TAMS 0x00000000d6a00000, 0x00000000d6a00000| Untracked 
|  89|0x00000000d6b00000, 0x00000000d6b00000, 0x00000000d6c00000|  0%| F|  |TAMS 0x00000000d6b00000, 0x00000000d6b00000| Untracked 
|  90|0x00000000d6c00000, 0x00000000d6c00000, 0x00000000d6d00000|  0%| F|  |TAMS 0x00000000d6c00000, 0x00000000d6c00000| Untracked 
|  91|0x00000000d6d00000, 0x00000000d6d00000, 0x00000000d6e00000|  0%| F|  |TAMS 0x00000000d6d00000, 0x00000000d6d00000| Untracked 
|  92|0x00000000d6e00000, 0x00000000d6e00000, 0x00000000d6f00000|  0%| F|  |TAMS 0x00000000d6e00000, 0x00000000d6e00000| Untracked 
|  93|0x00000000d6f00000, 0x00000000d6f00000, 0x00000000d7000000|  0%| F|  |TAMS 0x00000000d6f00000, 0x00000000d6f00000| Untracked 
|  94|0x00000000d7000000, 0x00000000d7000000, 0x00000000d7100000|  0%| F|  |TAMS 0x00000000d7000000, 0x00000000d7000000| Untracked 
|  95|0x00000000d7100000, 0x00000000d7100000, 0x00000000d7200000|  0%| F|  |TAMS 0x00000000d7100000, 0x00000000d7100000| Untracked 
|  96|0x00000000d7200000, 0x00000000d7200000, 0x00000000d7300000|  0%| F|  |TAMS 0x00000000d7200000, 0x00000000d7200000| Untracked 
|  97|0x00000000d7300000, 0x00000000d7300000, 0x00000000d7400000|  0%| F|  |TAMS 0x00000000d7300000, 0x00000000d7300000| Untracked 
|  98|0x00000000d7400000, 0x00000000d7400000, 0x00000000d7500000|  0%| F|  |TAMS 0x00000000d7400000, 0x00000000d7400000| Untracked 
|  99|0x00000000d7500000, 0x00000000d7500000, 0x00000000d7600000|  0%| F|  |TAMS 0x00000000d7500000, 0x00000000d7500000| Untracked 
| 100|0x00000000d7600000, 0x00000000d7600000, 0x00000000d7700000|  0%| F|  |TAMS 0x00000000d7600000, 0x00000000d7600000| Untracked 
| 101|0x00000000d7700000, 0x00000000d7700000, 0x00000000d7800000|  0%| F|  |TAMS 0x00000000d7700000, 0x00000000d7700000| Untracked 
| 102|0x00000000d7800000, 0x00000000d7800000, 0x00000000d7900000|  0%| F|  |TAMS 0x00000000d7800000, 0x00000000d7800000| Untracked 
| 103|0x00000000d7900000, 0x00000000d7900000, 0x00000000d7a00000|  0%| F|  |TAMS 0x00000000d7900000, 0x00000000d7900000| Untracked 
| 104|0x00000000d7a00000, 0x00000000d7a00000, 0x00000000d7b00000|  0%| F|  |TAMS 0x00000000d7a00000, 0x00000000d7a00000| Untracked 
| 105|0x00000000d7b00000, 0x00000000d7b00000, 0x00000000d7c00000|  0%| F|  |TAMS 0x00000000d7b00000, 0x00000000d7b00000| Untracked 
| 106|0x00000000d7c00000, 0x00000000d7c00000, 0x00000000d7d00000|  0%| F|  |TAMS 0x00000000d7c00000, 0x00000000d7c00000| Untracked 
| 107|0x00000000d7d00000, 0x00000000d7d00000, 0x00000000d7e00000|  0%| F|  |TAMS 0x00000000d7d00000, 0x00000000d7d00000| Untracked 
| 108|0x00000000d7e00000, 0x00000000d7e00000, 0x00000000d7f00000|  0%| F|  |TAMS 0x00000000d7e00000, 0x00000000d7e00000| Untracked 
| 109|0x00000000d7f00000, 0x00000000d7f00000, 0x00000000d8000000|  0%| F|  |TAMS 0x00000000d7f00000, 0x00000000d7f00000| Untracked 
| 110|0x00000000d8000000, 0x00000000d8000000, 0x00000000d8100000|  0%| F|  |TAMS 0x00000000d8000000, 0x00000000d8000000| Untracked 
| 111|0x00000000d8100000, 0x00000000d8100000, 0x00000000d8200000|  0%| F|  |TAMS 0x00000000d8100000, 0x00000000d8100000| Untracked 
| 112|0x00000000d8200000, 0x00000000d8200000, 0x00000000d8300000|  0%| F|  |TAMS 0x00000000d8200000, 0x00000000d8200000| Untracked 
| 113|0x00000000d8300000, 0x00000000d8300000, 0x00000000d8400000|  0%| F|  |TAMS 0x00000000d8300000, 0x00000000d8300000| Untracked 
| 114|0x00000000d8400000, 0x00000000d8400000, 0x00000000d8500000|  0%| F|  |TAMS 0x00000000d8400000, 0x00000000d8400000| Untracked 
| 115|0x00000000d8500000, 0x00000000d8500000, 0x00000000d8600000|  0%| F|  |TAMS 0x00000000d8500000, 0x00000000d8500000| Untracked 
| 116|0x00000000d8600000, 0x00000000d8600000, 0x00000000d8700000|  0%| F|  |TAMS 0x00000000d8600000, 0x00000000d8600000| Untracked 
| 117|0x00000000d8700000, 0x00000000d8700000, 0x00000000d8800000|  0%| F|  |TAMS 0x00000000d8700000, 0x00000000d8700000| Untracked 
| 118|0x00000000d8800000, 0x00000000d8800000, 0x00000000d8900000|  0%| F|  |TAMS 0x00000000d8800000, 0x00000000d8800000| Untracked 
| 119|0x00000000d8900000, 0x00000000d8900000, 0x00000000d8a00000|  0%| F|  |TAMS 0x00000000d8900000, 0x00000000d8900000| Untracked 
| 120|0x00000000d8a00000, 0x00000000d8a00000, 0x00000000d8b00000|  0%| F|  |TAMS 0x00000000d8a00000, 0x00000000d8a00000| Untracked 
| 121|0x00000000d8b00000, 0x00000000d8b00000, 0x00000000d8c00000|  0%| F|  |TAMS 0x00000000d8b00000, 0x00000000d8b00000| Untracked 
| 122|0x00000000d8c00000, 0x00000000d8d00000, 0x00000000d8d00000|100%| E|  |TAMS 0x00000000d8c00000, 0x00000000d8c00000| Complete 
| 123|0x00000000d8d00000, 0x00000000d8e00000, 0x00000000d8e00000|100%| E|CS|TAMS 0x00000000d8d00000, 0x00000000d8d00000| Complete 
| 124|0x00000000d8e00000, 0x00000000d8f00000, 0x00000000d8f00000|100%| E|CS|TAMS 0x00000000d8e00000, 0x00000000d8e00000| Complete 
| 125|0x00000000d8f00000, 0x00000000d9000000, 0x00000000d9000000|100%| E|CS|TAMS 0x00000000d8f00000, 0x00000000d8f00000| Complete 
| 126|0x00000000d9000000, 0x00000000d9100000, 0x00000000d9100000|100%| E|CS|TAMS 0x00000000d9000000, 0x00000000d9000000| Complete 
| 127|0x00000000d9100000, 0x00000000d9200000, 0x00000000d9200000|100%| E|CS|TAMS 0x00000000d9100000, 0x00000000d9100000| Complete 

Card table byte_map: [0x000002c2f8540000,0x000002c2f86c0000] _byte_map_base: 0x000002c2f7eb7000

Marking Bits (Prev, Next): (CMBitMap*) 0x000002c2f1fe7eb0, (CMBitMap*) 0x000002c2f1fe7e78
 Prev Bits: [0x000002c2f9400000, 0x000002c2f9fb8000)
 Next Bits: [0x000002c2f8840000, 0x000002c2f93f8000)

Polling page: 0x000002c2f20a0000

Metaspace:

Usage:
  Non-class:     20.78 MB capacity,    20.46 MB ( 98%) used,   278.75 KB (  1%) free+waste,    48.31 KB ( <1%) overhead. 
      Class:      2.35 MB capacity,     2.18 MB ( 93%) used,   147.93 KB (  6%) free+waste,    21.06 KB ( <1%) overhead. 
       Both:     23.13 MB capacity,    22.65 MB ( 98%) used,   426.68 KB (  2%) free+waste,    69.38 KB ( <1%) overhead. 

Virtual space:
  Non-class space:       22.00 MB reserved,      21.42 MB ( 97%) committed 
      Class space:        1.00 GB reserved,       2.63 MB ( <1%) committed 
             Both:        1.02 GB reserved,      24.05 MB (  2%) committed 

Chunk freelists:
   Non-Class:  527.00 KB
       Class:  250.00 KB
        Both:  777.00 KB

MaxMetaspaceSize: 17179869184.00 GB
CompressedClassSpaceSize: 1.00 GB
Initial GC threshold: 20.80 MB
Current GC threshold: 40.08 MB
CDS: off

CodeHeap 'non-profiled nmethods': size=119168Kb used=2018Kb max_used=2018Kb free=117149Kb
 bounds [0x000002c287ba0000, 0x000002c287e10000, 0x000002c28f000000]
CodeHeap 'profiled nmethods': size=119168Kb used=8294Kb max_used=8294Kb free=110873Kb
 bounds [0x000002c280740000, 0x000002c280f60000, 0x000002c287ba0000]
CodeHeap 'non-nmethods': size=7424Kb used=1259Kb max_used=2970Kb free=6164Kb
 bounds [0x000002c280000000, 0x000002c2802f0000, 0x000002c280740000]
 total_blobs=4287 nmethods=3742 adapters=457
 compilation: enabled
              stopped_count=0, restarted_count=0
 full_count=0

Compilation events (20 events):
Event: 5609.218 Thread 0x000002c2fcfc2800 nmethod 3734 0x000002c287d84110 code [0x000002c287d842e0, 0x000002c287d84708]
Event: 5722.699 Thread 0x000002c2fcfc2800 3735       4       java.io.ObjectStreamClass$FieldReflectorKey::equals (78 bytes)
Event: 5722.703 Thread 0x000002c2fcfc2800 nmethod 3735 0x000002c287d84a10 code [0x000002c287d84bc0, 0x000002c287d84fd8]
Event: 5753.341 Thread 0x000002c2fcfc2800 3736   !   4       java.io.ObjectStreamClass::readNonProxy (407 bytes)
Event: 5753.450 Thread 0x000002c2fcfc2800 nmethod 3736 0x000002c287d85290 code [0x000002c287d857c0, 0x000002c287d8b8b8]
Event: 5771.348 Thread 0x000002c2fcfc2800 3737       4       sun.rmi.transport.tcp.TCPConnection::getOutputStream (30 bytes)
Event: 5771.349 Thread 0x000002c2fcfc2800 nmethod 3737 0x000002c287d8f690 code [0x000002c287d8f820, 0x000002c287d8f898]
Event: 5879.495 Thread 0x000002c2fcfc2800 3738       4       java.io.ObjectStreamClass::initNonProxy (551 bytes)
Event: 5879.541 Thread 0x000002c2fcfc2800 nmethod 3738 0x000002c287d8f990 code [0x000002c287d8fc20, 0x000002c287d91ed0]
Event: 6461.468 Thread 0x000002c2fcfc3800 3739   !   3       jdk.internal.ref.PhantomCleanable::isListEmpty (34 bytes)
Event: 6461.468 Thread 0x000002c2fcfc3800 nmethod 3739 0x000002c280f58e90 code [0x000002c280f59040, 0x000002c280f59338]
Event: 6461.468 Thread 0x000002c2fcfc3800 3740       3       jdk.internal.misc.InnocuousThread::eraseThreadLocals (23 bytes)
Event: 6461.468 Thread 0x000002c2fcfc3800 nmethod 3740 0x000002c280f59490 code [0x000002c280f59640, 0x000002c280f59818]
Event: 7816.524 Thread 0x000002c2fcfc2800 3741   !   4       java.io.ObjectInputStream::readObject (160 bytes)
Event: 7816.528 Thread 0x000002c2fcfc2800 nmethod 3741 0x000002c287d92c10 code [0x000002c287d92de0, 0x000002c287d93138]
Event: 8107.520 Thread 0x000002c2fcfc2800 3742       4       java.util.concurrent.ThreadPoolExecutor::beforeExecute (1 bytes)
Event: 8107.520 Thread 0x000002c2fcfc2800 nmethod 3742 0x000002c287d93490 code [0x000002c287d93620, 0x000002c287d93678]
Event: 8330.026 Thread 0x000002c2fcfc2800 3743   !   4       sun.rmi.transport.Transport::serviceCall (349 bytes)
Event: 8330.071 Thread 0x000002c2fcfc2800 nmethod 3743 0x000002c287d93790 code [0x000002c287d93be0, 0x000002c287d969f0]
Event: 8339.038 Thread 0x000002c2fcfc2800 3744   !   4       sun.rmi.transport.StreamRemoteCall::releaseOutputStream (60 bytes)

GC Heap History (10 events):
Event: 1.174 GC heap before
{Heap before GC invocations=0 (full 0):
 garbage-first heap   total 131072K, used 23552K [0x00000000d1200000, 0x0000000100000000)
  region size 1024K, 24 young (24576K), 0 survivors (0K)
 Metaspace       used 15920K, capacity 16465K, committed 16768K, reserved 1064960K
  class space    used 1632K, capacity 1867K, committed 1920K, reserved 1048576K
}
Event: 1.180 GC heap after
{Heap after GC invocations=1 (full 0):
 garbage-first heap   total 131072K, used 5627K [0x00000000d1200000, 0x0000000100000000)
  region size 1024K, 3 young (3072K), 3 survivors (3072K)
 Metaspace       used 15920K, capacity 16465K, committed 16768K, reserved 1064960K
  class space    used 1632K, capacity 1867K, committed 1920K, reserved 1048576K
}
Event: 1.466 GC heap before
{Heap before GC invocations=1 (full 0):
 garbage-first heap   total 131072K, used 14843K [0x00000000d1200000, 0x0000000100000000)
  region size 1024K, 13 young (13312K), 3 survivors (3072K)
 Metaspace       used 20579K, capacity 21178K, committed 21296K, reserved 1069056K
  class space    used 2164K, capacity 2412K, committed 2432K, reserved 1048576K
}
Event: 1.471 GC heap after
{Heap after GC invocations=2 (full 0):
 garbage-first heap   total 131072K, used 7164K [0x00000000d1200000, 0x0000000100000000)
  region size 1024K, 5 young (5120K), 5 survivors (5120K)
 Metaspace       used 20579K, capacity 21178K, committed 21296K, reserved 1069056K
  class space    used 2164K, capacity 2412K, committed 2432K, reserved 1048576K
}
Event: 14.617 GC heap before
{Heap before GC invocations=3 (full 0):
 garbage-first heap   total 131072K, used 13308K [0x00000000d1200000, 0x0000000100000000)
  region size 1024K, 11 young (11264K), 5 survivors (5120K)
 Metaspace       used 21123K, capacity 21743K, committed 21808K, reserved 1069056K
  class space    used 2188K, capacity 2420K, committed 2432K, reserved 1048576K
}
Event: 14.621 GC heap after
{Heap after GC invocations=4 (full 0):
 garbage-first heap   total 131072K, used 7732K [0x00000000d1200000, 0x0000000100000000)
  region size 1024K, 1 young (1024K), 1 survivors (1024K)
 Metaspace       used 21123K, capacity 21743K, committed 21808K, reserved 1069056K
  class space    used 2188K, capacity 2420K, committed 2432K, reserved 1048576K
}
Event: 1341.998 GC heap before
{Heap before GC invocations=4 (full 0):
 garbage-first heap   total 131072K, used 57908K [0x00000000d1200000, 0x0000000100000000)
  region size 1024K, 50 young (51200K), 1 survivors (1024K)
 Metaspace       used 23478K, capacity 24270K, committed 24368K, reserved 1071104K
  class space    used 2354K, capacity 2636K, committed 2688K, reserved 1048576K
}
Event: 1342.001 GC heap after
{Heap after GC invocations=5 (full 0):
 garbage-first heap   total 131072K, used 8713K [0x00000000d1200000, 0x0000000100000000)
  region size 1024K, 2 young (2048K), 2 survivors (2048K)
 Metaspace       used 23478K, capacity 24270K, committed 24368K, reserved 1071104K
  class space    used 2354K, capacity 2636K, committed 2688K, reserved 1048576K
}
Event: 5140.774 GC heap before
{Heap before GC invocations=5 (full 0):
 garbage-first heap   total 131072K, used 32265K [0x00000000d1200000, 0x0000000100000000)
  region size 1024K, 26 young (26624K), 2 survivors (2048K)
 Metaspace       used 23657K, capacity 24410K, committed 24624K, reserved 1071104K
  class space    used 2356K, capacity 2637K, committed 2688K, reserved 1048576K
}
Event: 5140.828 GC heap after
{Heap after GC invocations=6 (full 1):
 garbage-first heap   total 131072K, used 7424K [0x00000000d1200000, 0x0000000100000000)
  region size 1024K, 0 young (0K), 0 survivors (0K)
 Metaspace       used 23190K, capacity 23687K, committed 24624K, reserved 1071104K
  class space    used 2237K, capacity 2406K, committed 2688K, reserved 1048576K
}

Deoptimization events (20 events):
Event: 1342.281 Thread 0x000002c2fdebf800 Uncommon trap: trap_request=0xffffffbe fr.pc=0x000002c287d4b2e4 relative=0x00000000000002c4
Event: 1342.281 Thread 0x000002c2fdebf800 Uncommon trap: reason=profile_predicate action=maybe_recompile pc=0x000002c287d4b2e4 method=sun.security.provider.HashDrbg.addBytes([BI[[B)V @ 36 c2
Event: 1342.281 Thread 0x000002c2fdebf800 DEOPT PACKING pc=0x000002c287d4b2e4 sp=0x000000e69eafb610
Event: 1342.281 Thread 0x000002c2fdebf800 DEOPT UNPACKING pc=0x000002c28004a1af sp=0x000000e69eafb560 mode 2
Event: 1342.282 Thread 0x000002c2fdebf800 Uncommon trap: trap_request=0xffffffbe fr.pc=0x000002c287d4b2e4 relative=0x00000000000002c4
Event: 1342.282 Thread 0x000002c2fdebf800 Uncommon trap: reason=profile_predicate action=maybe_recompile pc=0x000002c287d4b2e4 method=sun.security.provider.HashDrbg.addBytes([BI[[B)V @ 36 c2
Event: 1342.282 Thread 0x000002c2fdebf800 DEOPT PACKING pc=0x000002c287d4b2e4 sp=0x000000e69eafb610
Event: 1342.282 Thread 0x000002c2fdebf800 DEOPT UNPACKING pc=0x000002c28004a1af sp=0x000000e69eafb560 mode 2
Event: 1342.282 Thread 0x000002c2fdebf800 Uncommon trap: trap_request=0xffffffbe fr.pc=0x000002c287d4b2e4 relative=0x00000000000002c4
Event: 1342.282 Thread 0x000002c2fdebf800 Uncommon trap: reason=profile_predicate action=maybe_recompile pc=0x000002c287d4b2e4 method=sun.security.provider.HashDrbg.addBytes([BI[[B)V @ 36 c2
Event: 1342.282 Thread 0x000002c2fdebf800 DEOPT PACKING pc=0x000002c287d4b2e4 sp=0x000000e69eafb610
Event: 1342.282 Thread 0x000002c2fdebf800 DEOPT UNPACKING pc=0x000002c28004a1af sp=0x000000e69eafb560 mode 2
Event: 2012.015 Thread 0x000002c2fdebf800 Uncommon trap: trap_request=0xffffff4d fr.pc=0x000002c287d34074 relative=0x00000000000007f4
Event: 2012.015 Thread 0x000002c2fdebf800 Uncommon trap: reason=unstable_if action=reinterpret pc=0x000002c287d34074 method=java.net.SocketInputStream.read([BIII)I @ 121 c2
Event: 2012.015 Thread 0x000002c2fdebf800 DEOPT PACKING pc=0x000002c287d34074 sp=0x000000e69eafd8f0
Event: 2012.015 Thread 0x000002c2fdebf800 DEOPT UNPACKING pc=0x000002c28004a1af sp=0x000000e69eafd7a8 mode 2
Event: 2317.328 Thread 0x000002c2fe2f0000 Uncommon trap: trap_request=0xffffffcc fr.pc=0x000002c287d61d30 relative=0x0000000000003310
Event: 2317.328 Thread 0x000002c2fe2f0000 Uncommon trap: reason=intrinsic_or_type_checked_inlining action=make_not_entrant pc=0x000002c287d61d30 method=java.util.ArrayList.toArray([Ljava/lang/Object;)[Ljava/lang/Object; @ 36 c2
Event: 2317.328 Thread 0x000002c2fe2f0000 DEOPT PACKING pc=0x000002c287d61d30 sp=0x000000e69cafb490
Event: 2317.328 Thread 0x000002c2fe2f0000 DEOPT UNPACKING pc=0x000002c28004a1af sp=0x000000e69cafb2f0 mode 2

Classes redefined (0 events):
No events

Internal exceptions (20 events):
Event: 0.854 Thread 0x000002c2fdebf800 Exception <a 'java/lang/NoSuchMethodError'{0x00000000d8527868}: <clinit>> (0x00000000d8527868) thrown at [src/hotspot/share/prims/jni.cpp, line 1366]
Event: 0.940 Thread 0x000002c2fdebf800 Exception <a 'java/lang/NoSuchMethodError'{0x00000000d8364a40}: 'int java.lang.invoke.DirectMethodHandle$Holder.invokeSpecialIFC(java.lang.Object, java.lang.Object, int)'> (0x00000000d8364a40) thrown at [src/hotspot/share/interpreter/linkResolver.cpp, line 773]
Event: 0.975 Thread 0x000002c2fdebf800 Exception <a 'java/lang/NoSuchMethodError'{0x00000000d8251a60}: 'java.lang.Object java.lang.invoke.DirectMethodHandle$Holder.invokeVirtual(java.lang.Object, java.lang.Object, java.lang.Object)'> (0x00000000d8251a60) thrown at [src/hotspot/share/interpreter/linkResolver.cpp, line 773]
Event: 1.214 Thread 0x000002c2fdebf800 Exception <a 'sun/nio/fs/WindowsException'{0x00000000d8d09930}> (0x00000000d8d09930) thrown at [src/hotspot/share/prims/jni.cpp, line 616]
Event: 1.225 Thread 0x000002c2fdebf800 Exception <a 'java/lang/NoSuchMethodError'{0x00000000d8d2a9c0}: 'int java.lang.invoke.DirectMethodHandle$Holder.invokeStaticInit(java.lang.Object, java.lang.Object, java.lang.Object, java.lang.Object)'> (0x00000000d8d2a9c0) thrown at [src/hotspot/share/interpreter/linkResolver.cpp, line 773]
Event: 1.226 Thread 0x000002c2fdebf800 Exception <a 'java/lang/IncompatibleClassChangeError'{0x00000000d8d33bf0}: Found class java.lang.Object, but interface was expected> (0x00000000d8d33bf0) thrown at [src/hotspot/share/interpreter/linkResolver.cpp, line 839]
Event: 1.227 Thread 0x000002c2fdebf800 Exception <a 'java/lang/NoSuchMethodError'{0x00000000d8d36e70}: 'void java.lang.invoke.DirectMethodHandle$Holder.invokeStaticInit(java.lang.Object, java.lang.Object)'> (0x00000000d8d36e70) thrown at [src/hotspot/share/interpreter/linkResolver.cpp, line 773]
Event: 1.227 Thread 0x000002c2fdebf800 Exception <a 'java/lang/NoSuchMethodError'{0x00000000d8d3ca50}: 'int java.lang.invoke.DirectMethodHandle$Holder.invokeStaticInit(java.lang.Object, java.lang.Object)'> (0x00000000d8d3ca50) thrown at [src/hotspot/share/interpreter/linkResolver.cpp, line 773]
Event: 1.524 Thread 0x000002c2fdebf800 Implicit null exception at 0x000002c287bd3cf7 to 0x000002c287bd4208
Event: 1.524 Thread 0x000002c2fdebf800 Implicit null exception at 0x000002c287be50f4 to 0x000002c287be561c
Event: 1.601 Thread 0x000002c2fdebf800 Exception <a 'java/lang/NoSuchMethodError'{0x00000000d8df0948}: <clinit>> (0x00000000d8df0948) thrown at [src/hotspot/share/prims/jni.cpp, line 1366]
Event: 24.964 Thread 0x000002c2fdebf800 Exception <a 'java/lang/NoSuchMethodError'{0x00000000d8956588}: <clinit>> (0x00000000d8956588) thrown at [src/hotspot/share/prims/jni.cpp, line 1366]
Event: 24.965 Thread 0x000002c2fdebf800 Exception <a 'java/lang/NoSuchMethodError'{0x00000000d8962e50}: <clinit>> (0x00000000d8962e50) thrown at [src/hotspot/share/prims/jni.cpp, line 1366]
Event: 24.988 Thread 0x000002c2fdebf800 Exception <a 'java/lang/NoSuchMethodError'{0x00000000d887c978}: <clinit>> (0x00000000d887c978) thrown at [src/hotspot/share/prims/jni.cpp, line 1366]
Event: 24.989 Thread 0x000002c2fdebf800 Exception <a 'java/lang/NoSuchMethodError'{0x00000000d8887cd8}: <clinit>> (0x00000000d8887cd8) thrown at [src/hotspot/share/prims/jni.cpp, line 1366]
Event: 24.989 Thread 0x000002c2fdebf800 Exception <a 'java/lang/NoSuchMethodError'{0x00000000d8892b20}: <clinit>> (0x00000000d8892b20) thrown at [src/hotspot/share/prims/jni.cpp, line 1366]
Event: 25.000 Thread 0x000002c2fdebf800 Exception <a 'java/lang/NoSuchMethodError'{0x00000000d88fca10}: <clinit>> (0x00000000d88fca10) thrown at [src/hotspot/share/prims/jni.cpp, line 1366]
Event: 25.028 Thread 0x000002c2fdebf800 Exception <a 'java/lang/NoSuchMethodError'{0x00000000d87ed0c8}: <clinit>> (0x00000000d87ed0c8) thrown at [src/hotspot/share/prims/jni.cpp, line 1366]
Event: 25.274 Thread 0x000002c2fdebf800 Implicit null exception at 0x000002c287ca0328 to 0x000002c287ca15f0
Event: 700.046 Thread 0x000002c2fdebf800 Exception <a 'java/lang/NoSuchMethodError'{0x00000000d68c5438}: <clinit>> (0x00000000d68c5438) thrown at [src/hotspot/share/prims/jni.cpp, line 1366]

Events (20 events):
Event: 1991.866 Executing VM operation: RevokeBias done
Event: 1991.866 Executing VM operation: RevokeBias
Event: 1991.866 Executing VM operation: RevokeBias done
Event: 1991.867 Executing VM operation: RevokeBias
Event: 1991.867 Executing VM operation: RevokeBias done
Event: 1991.867 Executing VM operation: RevokeBias
Event: 1991.867 Executing VM operation: RevokeBias done
Event: 1991.867 Executing VM operation: RevokeBias
Event: 1991.867 Executing VM operation: RevokeBias done
Event: 1991.867 Executing VM operation: RevokeBias
Event: 1991.867 Executing VM operation: RevokeBias done
Event: 2012.015 loading class sun/net/ResourceManager
Event: 2012.016 loading class sun/net/ResourceManager done
Event: 2072.017 loading class java/util/IdentityHashMap$KeyIterator
Event: 2072.017 loading class java/util/IdentityHashMap$IdentityHashMapIterator
Event: 2072.018 loading class java/util/IdentityHashMap$IdentityHashMapIterator done
Event: 2072.018 loading class java/util/IdentityHashMap$KeyIterator done
Event: 2072.018 Thread 0x000002c2fdebf800 Thread exited: 0x000002c2fdebf800
Event: 5140.773 Executing VM operation: G1CollectFull
Event: 5140.828 Executing VM operation: G1CollectFull done


Dynamic libraries:
0x00007ff7dfec0000 - 0x00007ff7dfeca000 	D:\study\IDEA\IntelliJ IDEA 2022.1.1\jbr\bin\java.exe
0x00007ffd846f0000 - 0x00007ffd848e8000 	C:\WINDOWS\SYSTEM32\ntdll.dll
0x00007ffd83d40000 - 0x00007ffd83dff000 	C:\WINDOWS\System32\KERNEL32.DLL
0x00007ffd820e0000 - 0x00007ffd823ba000 	C:\WINDOWS\System32\KERNELBASE.dll
0x00007ffd82470000 - 0x00007ffd82570000 	C:\WINDOWS\System32\ucrtbase.dll
0x00007ffd6c8d0000 - 0x00007ffd6c8e6000 	D:\study\IDEA\IntelliJ IDEA 2022.1.1\jbr\bin\VCRUNTIME140.dll
0x00007ffd7d7a0000 - 0x00007ffd7d7b9000 	D:\study\IDEA\IntelliJ IDEA 2022.1.1\jbr\bin\jli.dll
0x00007ffd835f0000 - 0x00007ffd8378d000 	C:\WINDOWS\System32\USER32.dll
0x00007ffd826a0000 - 0x00007ffd826c2000 	C:\WINDOWS\System32\win32u.dll
0x00007ffd84320000 - 0x00007ffd8434b000 	C:\WINDOWS\System32\GDI32.dll
0x00007ffd67a40000 - 0x00007ffd67cda000 	C:\WINDOWS\WinSxS\amd64_microsoft.windows.common-controls_6595b64144ccf1df_6.0.19041.1110_none_60b5254171f9507e\COMCTL32.dll
0x00007ffd81e00000 - 0x00007ffd81f10000 	C:\WINDOWS\System32\gdi32full.dll
0x00007ffd831b0000 - 0x00007ffd8324e000 	C:\WINDOWS\System32\msvcrt.dll
0x00007ffd82570000 - 0x00007ffd8260d000 	C:\WINDOWS\System32\msvcp_win.dll
0x00007ffd83790000 - 0x00007ffd837c0000 	C:\WINDOWS\System32\IMM32.DLL
0x00007ffd12b90000 - 0x00007ffd12c3a000 	D:\study\IDEA\IntelliJ IDEA 2022.1.1\jbr\bin\msvcp140.dll
0x00007ffd13f00000 - 0x00007ffd14a7a000 	D:\study\IDEA\IntelliJ IDEA 2022.1.1\jbr\bin\server\jvm.dll
0x00007ffd83960000 - 0x00007ffd83a0e000 	C:\WINDOWS\System32\ADVAPI32.dll
0x00007ffd830b0000 - 0x00007ffd8314c000 	C:\WINDOWS\System32\sechost.dll
0x00007ffd83400000 - 0x00007ffd83526000 	C:\WINDOWS\System32\RPCRT4.dll
0x00007ffd82ea0000 - 0x00007ffd82ea8000 	C:\WINDOWS\System32\PSAPI.DLL
0x00007ffd7b660000 - 0x00007ffd7b66a000 	C:\WINDOWS\SYSTEM32\VERSION.dll
0x00007ffd6faa0000 - 0x00007ffd6fac7000 	C:\WINDOWS\SYSTEM32\WINMM.dll
0x00007ffd61210000 - 0x00007ffd61219000 	C:\WINDOWS\SYSTEM32\WSOCK32.dll
0x00007ffd838f0000 - 0x00007ffd8395b000 	C:\WINDOWS\System32\WS2_32.dll
0x00007ffd80650000 - 0x00007ffd80662000 	C:\WINDOWS\SYSTEM32\kernel.appcore.dll
0x00007ffd607d0000 - 0x00007ffd607e1000 	D:\study\IDEA\IntelliJ IDEA 2022.1.1\jbr\bin\verify.dll
0x00007ffd80370000 - 0x00007ffd80554000 	C:\WINDOWS\SYSTEM32\DBGHELP.DLL
0x00007ffd6d190000 - 0x00007ffd6d1c4000 	C:\WINDOWS\SYSTEM32\dbgcore.DLL
0x00007ffd82610000 - 0x00007ffd82692000 	C:\WINDOWS\System32\bcryptPrimitives.dll
0x00007ffd60390000 - 0x00007ffd603b9000 	D:\study\IDEA\IntelliJ IDEA 2022.1.1\jbr\bin\java.dll
0x00007ffd61200000 - 0x00007ffd6120b000 	D:\study\IDEA\IntelliJ IDEA 2022.1.1\jbr\bin\jimage.dll
0x00007ffd607b0000 - 0x00007ffd607c9000 	D:\study\IDEA\IntelliJ IDEA 2022.1.1\jbr\bin\zip.dll
0x00007ffd82750000 - 0x00007ffd82e94000 	C:\WINDOWS\System32\SHELL32.dll
0x00007ffd7fb00000 - 0x00007ffd80293000 	C:\WINDOWS\SYSTEM32\windows.storage.dll
0x00007ffd84350000 - 0x00007ffd846a4000 	C:\WINDOWS\System32\combase.dll
0x00007ffd81860000 - 0x00007ffd8188e000 	C:\WINDOWS\SYSTEM32\Wldp.dll
0x00007ffd83b70000 - 0x00007ffd83c1d000 	C:\WINDOWS\System32\SHCORE.dll
0x00007ffd82eb0000 - 0x00007ffd82f05000 	C:\WINDOWS\System32\shlwapi.dll
0x00007ffd81d40000 - 0x00007ffd81d5f000 	C:\WINDOWS\SYSTEM32\profapi.dll
0x00007ffd60370000 - 0x00007ffd6038a000 	D:\study\IDEA\IntelliJ IDEA 2022.1.1\jbr\bin\net.dll
0x00007ffd7a470000 - 0x00007ffd7a57a000 	C:\WINDOWS\SYSTEM32\WINHTTP.dll
0x00007ffd815c0000 - 0x00007ffd8162a000 	C:\WINDOWS\system32\mswsock.dll
0x00007ffd60250000 - 0x00007ffd60264000 	D:\study\IDEA\IntelliJ IDEA 2022.1.1\jbr\bin\nio.dll
0x00007ffd817b0000 - 0x00007ffd817c8000 	C:\WINDOWS\SYSTEM32\CRYPTSP.dll
0x00007ffd80e70000 - 0x00007ffd80ea4000 	C:\WINDOWS\system32\rsaenh.dll
0x00007ffd82720000 - 0x00007ffd82747000 	C:\WINDOWS\System32\bcrypt.dll
0x00007ffd81d00000 - 0x00007ffd81d2e000 	C:\WINDOWS\SYSTEM32\USERENV.dll
0x00007ffd817d0000 - 0x00007ffd817dc000 	C:\WINDOWS\SYSTEM32\CRYPTBASE.dll
0x00007ffd81260000 - 0x00007ffd8129c000 	C:\WINDOWS\SYSTEM32\IPHLPAPI.DLL
0x00007ffd82f10000 - 0x00007ffd82f18000 	C:\WINDOWS\System32\NSI.dll
0x00007ffd7a7c0000 - 0x00007ffd7a7d7000 	C:\WINDOWS\SYSTEM32\dhcpcsvc6.DLL
0x00007ffd7aa30000 - 0x00007ffd7aa4d000 	C:\WINDOWS\SYSTEM32\dhcpcsvc.DLL
0x00007ffd812a0000 - 0x00007ffd8136b000 	C:\WINDOWS\SYSTEM32\DNSAPI.dll
0x00007ffd519d0000 - 0x00007ffd519d8000 	D:\study\IDEA\IntelliJ IDEA 2022.1.1\jbr\bin\rmi.dll
0x00007ffd7b4f0000 - 0x00007ffd7b4fa000 	C:\Windows\System32\rasadhlp.dll
0x00007ffd74ba0000 - 0x00007ffd74c20000 	C:\WINDOWS\System32\fwpuclnt.dll
0x00007ffd5dfd0000 - 0x00007ffd5dfdf000 	D:\study\IDEA\IntelliJ IDEA 2022.1.1\jbr\bin\sunmscapi.dll
0x00007ffd81f80000 - 0x00007ffd820d6000 	C:\WINDOWS\System32\CRYPT32.dll
0x00007ffd818d0000 - 0x00007ffd818f8000 	C:\WINDOWS\SYSTEM32\ncrypt.dll
0x00007ffd81890000 - 0x00007ffd818cb000 	C:\WINDOWS\SYSTEM32\NTASN1.dll
0x00007ffd5baf0000 - 0x00007ffd5bb18000 	D:\study\IDEA\IntelliJ IDEA 2022.1.1\jbr\bin\sunec.dll

dbghelp: loaded successfully - version: 4.0.5 - missing functions: none
symbol engine: initialized successfully - sym options: 0x614 - pdb path: .;D:\study\IDEA\IntelliJ IDEA 2022.1.1\jbr\bin;C:\WINDOWS\SYSTEM32;C:\WINDOWS\WinSxS\amd64_microsoft.windows.common-controls_6595b64144ccf1df_6.0.19041.1110_none_60b5254171f9507e;D:\study\IDEA\IntelliJ IDEA 2022.1.1\jbr\bin\server

VM Arguments:
jvm_args: -Djava.rmi.server.hostname=127.0.0.1 -Duser.timezone=UTC -Xmx750m -Xms128m -Dfile.encoding=GBK 
java_command: com.intellij.database.remote.RemoteJdbcServer com.mysql.cj.jdbc.Driver
java_class_path (initial): D:\study\IDEA\IntelliJ IDEA 2022.1.1\lib\util_rt.jar;D:\study\IDEA\IntelliJ IDEA 2022.1.1\lib\util.jar;D:\study\IDEA\IntelliJ IDEA 2022.1.1\lib\groovy.jar;D:\study\IDEA\IntelliJ IDEA 2022.1.1\plugins\DatabaseTools\lib\jdbc-console.jar;C:\Users\31055\AppData\Roaming\JetBrains\IntelliJIdea2022.1\jdbc-drivers\MySQL ConnectorJ\8.0.15\mysql-connector-java-8.0.15.jar
Launcher Type: SUN_STANDARD

[Global flags]
     intx CICompilerCount                          = 12                                        {product} {ergonomic}
     uint ConcGCThreads                            = 3                                         {product} {ergonomic}
     uint G1ConcRefinementThreads                  = 13                                        {product} {ergonomic}
   size_t G1HeapRegionSize                         = 1048576                                   {product} {ergonomic}
    uintx GCDrainStackTargetSize                   = 64                                        {product} {ergonomic}
   size_t InitialHeapSize                          = 134217728                                 {product} {command line}
   size_t MarkStackSize                            = 4194304                                   {product} {ergonomic}
   size_t MaxHeapSize                              = 786432000                                 {product} {command line}
   size_t MaxNewSize                               = 471859200                                 {product} {ergonomic}
   size_t MinHeapDeltaBytes                        = 1048576                                   {product} {ergonomic}
    uintx NonNMethodCodeHeapSize                   = 7594288                                {pd product} {ergonomic}
    uintx NonProfiledCodeHeapSize                  = 122031976                              {pd product} {ergonomic}
    uintx ProfiledCodeHeapSize                     = 122031976                              {pd product} {ergonomic}
    uintx ReservedCodeCacheSize                    = 251658240                              {pd product} {ergonomic}
     bool SegmentedCodeCache                       = true                                      {product} {ergonomic}
     bool UseCompressedClassPointers               = true                                 {lp64_product} {ergonomic}
     bool UseCompressedOops                        = true                                 {lp64_product} {ergonomic}
     bool UseG1GC                                  = true                                      {product} {ergonomic}
     bool UseLargePagesIndividualAllocation        = false                                  {pd product} {ergonomic}

Logging:
Log output configuration:
 #0: stdout all=warning uptime,level,tags
 #1: stderr all=off uptime,level,tags

Environment Variables:
JAVA_HOME=D:\study\JDK\jdk-18_windows-x64_bin
JRE_HOME=D:\study\eclipse1\eclipse\plugins\org.eclipse.justj.openjdk.hotspot.jre.full.win32.x86_64_16.0.2.v20210721-1149\jre
PATH=C:\Program Files (x86)\Razer\ChromaBroadcast\bin;C:\Program Files\Razer\ChromaBroadcast\bin;C:\Windows\system32;C:\Windows;C:\Windows\System32\Wbem;C:\Windows\System32\WindowsPowerShell\v1.0\;C:\Windows\System32\OpenSSH\;C:\Program Files (x86)\NVIDIA Corporation\PhysX\Common;C:\Program Files\NVIDIA Corporation\NVIDIA NvDLISR;C:\WINDOWS\system32;C:\WINDOWS;C:\WINDOWS\System32\Wbem;C:\WINDOWS\System32\WindowsPowerShell\v1.0\;C:\WINDOWS\System32\OpenSSH\;C:\Program Files (x86)\Microsoft SQL Server\150\Tools\Binn\;C:\Program Files\Microsoft SQL Server\150\Tools\Binn\;C:\Program Files\Microsoft SQL Server\150\DTS\Binn\;C:\Program Files\Microsoft SQL Server\Client SDK\ODBC\170\Tools\Binn\;C:\Program Files\Azure Data Studio\bin;D:\study\JDK\jdk-18_windows-x64_bin\bin;D:\study\JDK\jdk-18_windows-x64_bin\jre\bin;C:\WINDOWS\system32\config\systemprofile\AppData\Local\Microsoft\WindowsApps;D:\study\maven\apache-maven-3.8.6\bin;D:\study\nodejs;D:\study\Python\python\Scripts\;D:\study\Python\python\;C:\Users\31055\AppData\Local\Microsoft\WindowsApps;C:\Program Files\Azure Data Studio\bin;D:\study\JDK\jdk-18_windows-x64_bin\bin;D:\study\JDK\jdk-18_windows-x64_bin\jre\bin;&mysql_home%;&mysql_home%\bin;D:\study\Python\pycharm\PyCharm Community Edition 2022.2.1\bin;;D:\Environment\nodejs\node_global;C:\Users\31055\AppData\Roaming\npm;
USERNAME=31055
OS=Windows_NT
PROCESSOR_IDENTIFIER=Intel64 Family 6 Model 165 Stepping 2, GenuineIntel



---------------  S Y S T E M  ---------------

OS: Windows 10 , 64 bit Build 19041 (10.0.19041.2788)
OS uptime: 0 days 6:06 hours

CPU:total 16 (initial active 16) (8 cores per cpu, 2 threads per core) family 6 model 165 stepping 2 microcode 0xc8, cmov, cx8, fxsr, mmx, sse, sse2, sse3, ssse3, sse4.1, sse4.2, popcnt, avx, avx2, aes, clmul, erms, 3dnowpref, lzcnt, ht, tsc, tscinvbit, bmi1, bmi2, adx, fma

Memory: 4k page, system-wide physical 16250M (4420M free)
TotalPageFile size 22394M (AvailPageFile size 2M)
current process WorkingSet (physical memory assigned to process): 43M, peak: 157M
current process commit charge ("private bytes"): 247M, peak: 282M

vm_info: OpenJDK 64-Bit Server VM (11.0.14.1+1-b2043.45) for windows-amd64 JRE (11.0.14.1+1-b2043.45), built on Apr 25 2022 05:49:45 by "" with MS VC++ 14.0 (VS2015)

END.
