#
# There is insufficient memory for the Java Runtime Environment to continue.
# Native memory allocation (mmap) failed to map 65536 bytes for Failed to commit metaspace.
# Possible reasons:
#   The system is out of physical RAM or swap space
#   The process is running with CompressedOops enabled, and the Java Heap may be blocking the growth of the native heap
# Possible solutions:
#   Reduce memory load on the system
#   Increase physical memory or swap space
#   Check if swap backing store is full
#   Decrease Java heap size (-Xmx/-Xms)
#   Decrease number of Java threads
#   Decrease Java thread stack sizes (-Xss)
#   Set larger code cache with -XX:ReservedCodeCacheSize=
#   JVM is running with Zero Based Compressed Oops mode in which the Java heap is
#     placed in the first 32GB address space. The Java Heap base address is the
#     maximum limit for the native heap growth. Please use -XX:HeapBaseMinAddress
#     to set the Java Heap base and to place the Java Heap above 32GB virtual address.
# This output file may be truncated or incomplete.
#
#  Out of Memory Error (virtualSpaceNode.cpp:110), pid=22760, tid=18604
#
# JRE version: Java(TM) SE Runtime Environment (17.0.1+12) (build 17.0.1+12-LTS-39)
# Java VM: Java HotSpot(TM) 64-Bit Server VM (17.0.1+12-LTS-39, mixed mode, emulated-client, sharing, tiered, compressed oops, compressed class ptrs, g1 gc, windows-amd64)
# No core dump will be written. Minidumps are not enabled by default on client versions of Windows
#

---------------  S U M M A R Y ------------

Command Line: -XX:TieredStopAtLevel=1 -Xverify:none -Dspring.output.ansi.enabled=always -Dcom.sun.management.jmxremote -Dspring.jmx.enabled=true -Dspring.liveBeansView.mbeanDomain -Dspring.application.admin.enabled=true -javaagent:D:\study\IDEA\IntelliJ IDEA 2022.1.1\lib\idea_rt.jar=61898:D:\study\IDEA\IntelliJ IDEA 2022.1.1\bin -Dfile.encoding=GBK com.eleadmin.EleAdminApplication

Host: Intel(R) Core(TM) i7-10875H CPU @ 2.30GHz, 16 cores, 15G,  Windows 10 , 64 bit Build 19041 (10.0.19041.2913)
Time: Tue May 23 16:24:40 2023  Windows 10 , 64 bit Build 19041 (10.0.19041.2913) elapsed time: 3.616855 seconds (0d 0h 0m 3s)

---------------  T H R E A D  ---------------

Current thread (0x0000019fb9bb1dc0):  JavaThread "restartedMain" [_thread_in_vm, id=18604, stack(0x0000007a88300000,0x0000007a88400000)]

Stack: [0x0000007a88300000,0x0000007a88400000]
Native frames: (J=compiled Java code, j=interpreted, Vv=VM code, C=native code)
V  [jvm.dll+0x66fa1a]
V  [jvm.dll+0x7ce5a4]
V  [jvm.dll+0x7cfd4e]
V  [jvm.dll+0x7d03b3]
V  [jvm.dll+0x242b05]
V  [jvm.dll+0x7ca54b]
V  [jvm.dll+0x615b76]
V  [jvm.dll+0x1be19e]
V  [jvm.dll+0x6184b1]
V  [jvm.dll+0x616516]
V  [jvm.dll+0x2384e0]
V  [jvm.dll+0x122982]
V  [jvm.dll+0x24b0b4]
V  [jvm.dll+0x24c3b5]
V  [jvm.dll+0x1e0525]
V  [jvm.dll+0x1dfaad]
V  [jvm.dll+0x5376b9]
V  [jvm.dll+0x7496c8]
V  [jvm.dll+0x7497b4]
V  [jvm.dll+0x408995]
V  [jvm.dll+0x40e9e8]
C  [java.dll+0x17ec]

Java frames: (J=compiled Java code, j=interpreted, Vv=VM code)
J 1322  java.lang.ClassLoader.defineClass1(Ljava/lang/ClassLoader;Ljava/lang/String;[BIILjava/security/ProtectionDomain;Ljava/lang/String;)Ljava/lang/Class; java.base@17.0.1 (0 bytes) @ 0x0000019fa8bb3463 [0x0000019fa8bb33a0+0x00000000000000c3]
J 1356 c1 java.lang.ClassLoader.defineClass(Ljava/lang/String;[BIILjava/security/ProtectionDomain;)Ljava/lang/Class; java.base@17.0.1 (43 bytes) @ 0x0000019fa8bc626c [0x0000019fa8bc6160+0x000000000000010c]
J 1345 c1 jdk.internal.loader.BuiltinClassLoader.defineClass(Ljava/lang/String;Ljdk/internal/loader/Resource;)Ljava/lang/Class; java.base@17.0.1 (121 bytes) @ 0x0000019fa8bc1374 [0x0000019fa8bc0ea0+0x00000000000004d4]
J 1331 c1 jdk.internal.loader.BuiltinClassLoader.findClassOnClassPathOrNull(Ljava/lang/String;)Ljava/lang/Class; java.base@17.0.1 (64 bytes) @ 0x0000019fa8bb9ac4 [0x0000019fa8bb9800+0x00000000000002c4]
J 1165 c1 jdk.internal.loader.BuiltinClassLoader.loadClassOrNull(Ljava/lang/String;Z)Ljava/lang/Class; java.base@17.0.1 (143 bytes) @ 0x0000019fa8b76a84 [0x0000019fa8b76600+0x0000000000000484]
J 1270 c1 jdk.internal.loader.ClassLoaders$AppClassLoader.loadClass(Ljava/lang/String;Z)Ljava/lang/Class; java.base@17.0.1 (40 bytes) @ 0x0000019fa8b9a6ac [0x0000019fa8b9a560+0x000000000000014c]
J 1256 c1 java.lang.ClassLoader.loadClass(Ljava/lang/String;)Ljava/lang/Class; java.base@17.0.1 (7 bytes) @ 0x0000019fa8b96d64 [0x0000019fa8b96d20+0x0000000000000044]
v  ~StubRoutines::call_stub
J 1322  java.lang.ClassLoader.defineClass1(Ljava/lang/ClassLoader;Ljava/lang/String;[BIILjava/security/ProtectionDomain;Ljava/lang/String;)Ljava/lang/Class; java.base@17.0.1 (0 bytes) @ 0x0000019fa8bb3463 [0x0000019fa8bb33a0+0x00000000000000c3]
J 1356 c1 java.lang.ClassLoader.defineClass(Ljava/lang/String;[BIILjava/security/ProtectionDomain;)Ljava/lang/Class; java.base@17.0.1 (43 bytes) @ 0x0000019fa8bc626c [0x0000019fa8bc6160+0x000000000000010c]
J 1345 c1 jdk.internal.loader.BuiltinClassLoader.defineClass(Ljava/lang/String;Ljdk/internal/loader/Resource;)Ljava/lang/Class; java.base@17.0.1 (121 bytes) @ 0x0000019fa8bc1374 [0x0000019fa8bc0ea0+0x00000000000004d4]
J 1331 c1 jdk.internal.loader.BuiltinClassLoader.findClassOnClassPathOrNull(Ljava/lang/String;)Ljava/lang/Class; java.base@17.0.1 (64 bytes) @ 0x0000019fa8bb9ac4 [0x0000019fa8bb9800+0x00000000000002c4]
J 1165 c1 jdk.internal.loader.BuiltinClassLoader.loadClassOrNull(Ljava/lang/String;Z)Ljava/lang/Class; java.base@17.0.1 (143 bytes) @ 0x0000019fa8b76a84 [0x0000019fa8b76600+0x0000000000000484]
J 1270 c1 jdk.internal.loader.ClassLoaders$AppClassLoader.loadClass(Ljava/lang/String;Z)Ljava/lang/Class; java.base@17.0.1 (40 bytes) @ 0x0000019fa8b9a6ac [0x0000019fa8b9a560+0x000000000000014c]
J 1256 c1 java.lang.ClassLoader.loadClass(Ljava/lang/String;)Ljava/lang/Class; java.base@17.0.1 (7 bytes) @ 0x0000019fa8b96d64 [0x0000019fa8b96d20+0x0000000000000044]
v  ~StubRoutines::call_stub
j  org.springframework.context.annotation.AnnotatedBeanDefinitionReader.doRegisterBean(Ljava/lang/Class;Ljava/lang/String;[Ljava/lang/Class;Ljava/util/function/Supplier;[Lorg/springframework/beans/factory/config/BeanDefinitionCustomizer;)V+0
j  org.springframework.context.annotation.AnnotatedBeanDefinitionReader.registerBean(Ljava/lang/Class;)V+6
j  org.springframework.context.annotation.AnnotatedBeanDefinitionReader.register([Ljava/lang/Class;)V+23
j  org.springframework.boot.BeanDefinitionLoader.load(Ljava/lang/Class;)V+63
j  org.springframework.boot.BeanDefinitionLoader.load(Ljava/lang/Object;)V+18
j  org.springframework.boot.BeanDefinitionLoader.load()V+23
j  org.springframework.boot.SpringApplication.load(Lorg/springframework/context/ApplicationContext;[Ljava/lang/Object;)V+98
j  org.springframework.boot.SpringApplication.prepareContext(Lorg/springframework/boot/DefaultBootstrapContext;Lorg/springframework/context/ConfigurableApplicationContext;Lorg/springframework/core/env/ConfigurableEnvironment;Lorg/springframework/boot/SpringApplicationRunListeners;Lorg/springframework/boot/ApplicationArguments;Lorg/springframework/boot/Banner;)V+159
j  org.springframework.boot.SpringApplication.run([Ljava/lang/String;)Lorg/springframework/context/ConfigurableApplicationContext;+105
j  org.springframework.boot.SpringApplication.run([Ljava/lang/Class;[Ljava/lang/String;)Lorg/springframework/context/ConfigurableApplicationContext;+9
j  org.springframework.boot.SpringApplication.run(Ljava/lang/Class;[Ljava/lang/String;)Lorg/springframework/context/ConfigurableApplicationContext;+9
j  com.eleadmin.EleAdminApplication.main([Ljava/lang/String;)V+3
v  ~StubRoutines::call_stub
j  jdk.internal.reflect.NativeMethodAccessorImpl.invoke0(Ljava/lang/reflect/Method;Ljava/lang/Object;[Ljava/lang/Object;)Ljava/lang/Object;+0 java.base@17.0.1
j  jdk.internal.reflect.NativeMethodAccessorImpl.invoke(Ljava/lang/Object;[Ljava/lang/Object;)Ljava/lang/Object;+133 java.base@17.0.1
j  jdk.internal.reflect.DelegatingMethodAccessorImpl.invoke(Ljava/lang/Object;[Ljava/lang/Object;)Ljava/lang/Object;+6 java.base@17.0.1
j  java.lang.reflect.Method.invoke(Ljava/lang/Object;[Ljava/lang/Object;)Ljava/lang/Object;+59 java.base@17.0.1
j  org.springframework.boot.devtools.restart.RestartLauncher.run()V+42
v  ~StubRoutines::call_stub

---------------  P R O C E S S  ---------------

Threads class SMR info:
_java_thread_list=0x0000019fba0f27c0, length=22, elements={
0x0000019fa0f1abc0, 0x0000019fb84c4190, 0x0000019fb84c5000, 0x0000019fb84dfd80,
0x0000019fb84e0bf0, 0x0000019fb84e45c0, 0x0000019fb84e4f70, 0x0000019fb84e8e20,
0x0000019fb9008090, 0x0000019fb84ad3e0, 0x0000019fb919de20, 0x0000019fb919f340,
0x0000019fb980e020, 0x0000019fb980eae0, 0x0000019fb9940770, 0x0000019fb9914610,
0x0000019fb9bb18f0, 0x0000019fb9bb1dc0, 0x0000019fb9f4add0, 0x0000019fb9f6c800,
0x0000019fba0e2ea0, 0x0000019fba0f80e0
}

Java Threads: ( => current thread )
  0x0000019fa0f1abc0 JavaThread "main" [_thread_blocked, id=3744, stack(0x0000007a86200000,0x0000007a86300000)]
  0x0000019fb84c4190 JavaThread "Reference Handler" daemon [_thread_blocked, id=11888, stack(0x0000007a86900000,0x0000007a86a00000)]
  0x0000019fb84c5000 JavaThread "Finalizer" daemon [_thread_blocked, id=20960, stack(0x0000007a86a00000,0x0000007a86b00000)]
  0x0000019fb84dfd80 JavaThread "Signal Dispatcher" daemon [_thread_blocked, id=10968, stack(0x0000007a86b00000,0x0000007a86c00000)]
  0x0000019fb84e0bf0 JavaThread "Attach Listener" daemon [_thread_blocked, id=20980, stack(0x0000007a86c00000,0x0000007a86d00000)]
  0x0000019fb84e45c0 JavaThread "Service Thread" daemon [_thread_blocked, id=15060, stack(0x0000007a86d00000,0x0000007a86e00000)]
  0x0000019fb84e4f70 JavaThread "Monitor Deflation Thread" daemon [_thread_blocked, id=5216, stack(0x0000007a86e00000,0x0000007a86f00000)]
  0x0000019fb84e8e20 JavaThread "C1 CompilerThread0" daemon [_thread_in_native, id=17740, stack(0x0000007a86f00000,0x0000007a87000000)]
  0x0000019fb9008090 JavaThread "Sweeper thread" daemon [_thread_blocked, id=23384, stack(0x0000007a87000000,0x0000007a87100000)]
  0x0000019fb84ad3e0 JavaThread "Common-Cleaner" daemon [_thread_blocked, id=2844, stack(0x0000007a87100000,0x0000007a87200000)]
  0x0000019fb919de20 JavaThread "C1 CompilerThread1" daemon [_thread_blocked, id=20092, stack(0x0000007a87200000,0x0000007a87300000)]
  0x0000019fb919f340 JavaThread "C1 CompilerThread2" daemon [_thread_blocked, id=7260, stack(0x0000007a87300000,0x0000007a87400000)]
  0x0000019fb980e020 JavaThread "Monitor Ctrl-Break" daemon [_thread_in_native, id=20228, stack(0x0000007a87400000,0x0000007a87500000)]
  0x0000019fb980eae0 JavaThread "Notification Thread" daemon [_thread_blocked, id=18380, stack(0x0000007a87500000,0x0000007a87600000)]
  0x0000019fb9940770 JavaThread "C1 CompilerThread3" daemon [_thread_blocked, id=21540, stack(0x0000007a87600000,0x0000007a87700000)]
  0x0000019fb9914610 JavaThread "RMI TCP Accept-0" daemon [_thread_in_native, id=12872, stack(0x0000007a87700000,0x0000007a87800000)]
  0x0000019fb9bb18f0 JavaThread "Thread-0" [_thread_blocked, id=21140, stack(0x0000007a88200000,0x0000007a88300000)]
=>0x0000019fb9bb1dc0 JavaThread "restartedMain" [_thread_in_vm, id=18604, stack(0x0000007a88300000,0x0000007a88400000)]
  0x0000019fb9f4add0 JavaThread "RMI TCP Connection(2)-192.168.137.1" daemon [_thread_in_native, id=15288, stack(0x0000007a88500000,0x0000007a88600000)]
  0x0000019fb9f6c800 JavaThread "RMI Scheduler(0)" daemon [_thread_blocked, id=22360, stack(0x0000007a88600000,0x0000007a88700000)]
  0x0000019fba0e2ea0 JavaThread "RMI TCP Connection(4)-192.168.137.1" daemon [_thread_in_native, id=21960, stack(0x0000007a88700000,0x0000007a88800000)]
  0x0000019fba0f80e0 JavaThread "background-preinit" [_thread_in_vm, id=19332, stack(0x0000007a88800000,0x0000007a88900000)]

Other Threads:
  0x0000019fb84bc170 VMThread "VM Thread" [stack: 0x0000007a86800000,0x0000007a86900000] [id=14540]
  0x0000019fb9933c10 WatcherThread [stack: 0x0000007a87800000,0x0000007a87900000] [id=10176]
  0x0000019f9edee780 GCTaskThread "GC Thread#0" [stack: 0x0000007a86300000,0x0000007a86400000] [id=21380]
  0x0000019fb9ae5d40 GCTaskThread "GC Thread#1" [stack: 0x0000007a87900000,0x0000007a87a00000] [id=9560]
  0x0000019fb9ae6c30 GCTaskThread "GC Thread#2" [stack: 0x0000007a87a00000,0x0000007a87b00000] [id=1536]
  0x0000019fb9b0a050 GCTaskThread "GC Thread#3" [stack: 0x0000007a87b00000,0x0000007a87c00000] [id=9584]
  0x0000019fb9b0a300 GCTaskThread "GC Thread#4" [stack: 0x0000007a87c00000,0x0000007a87d00000] [id=15656]
  0x0000019fb9b0a5b0 GCTaskThread "GC Thread#5" [stack: 0x0000007a87d00000,0x0000007a87e00000] [id=19664]
  0x0000019fb9b40340 GCTaskThread "GC Thread#6" [stack: 0x0000007a87e00000,0x0000007a87f00000] [id=6300]
  0x0000019fb9b405f0 GCTaskThread "GC Thread#7" [stack: 0x0000007a87f00000,0x0000007a88000000] [id=11684]
  0x0000019fb9b408a0 GCTaskThread "GC Thread#8" [stack: 0x0000007a88000000,0x0000007a88100000] [id=20688]
  0x0000019fb9be0010 GCTaskThread "GC Thread#9" [stack: 0x0000007a88400000,0x0000007a88500000] [id=22936]
  0x0000019fa0f76b10 ConcurrentGCThread "G1 Main Marker" [stack: 0x0000007a86400000,0x0000007a86500000] [id=5128]
  0x0000019fa0f77cc0 ConcurrentGCThread "G1 Conc#0" [stack: 0x0000007a86500000,0x0000007a86600000] [id=13296]
  0x0000019fa0fddd70 ConcurrentGCThread "G1 Refine#0" [stack: 0x0000007a86600000,0x0000007a86700000] [id=18120]
  0x0000019fb9b4c100 ConcurrentGCThread "G1 Refine#1" [stack: 0x0000007a88100000,0x0000007a88200000] [id=18628]
  0x0000019fa0fde790 ConcurrentGCThread "G1 Service" [stack: 0x0000007a86700000,0x0000007a86800000] [id=22192]

Threads with active compile tasks:

VM state: not at safepoint (normal execution)

VM Mutex/Monitor currently owned by a thread:  ([mutex/lock_event])
[0x0000019fa0f149d0] Metaspace_lock - owner thread: 0x0000019fb9bb1dc0

Heap address: 0x0000000702000000, size: 4064 MB, Compressed Oops mode: Zero based, Oop shift amount: 3

CDS archive(s) mapped at: [0x0000000800000000-0x0000000800bc0000-0x0000000800bc0000), size 12320768, SharedBaseAddress: 0x0000000800000000, ArchiveRelocationMode: 0.
Compressed class space mapped at: 0x0000000800c00000-0x0000000840c00000, reserved size: 1073741824
Narrow klass base: 0x0000000800000000, Narrow klass shift: 0, Narrow klass range: 0x100000000

GC Precious Log:
 CPUs: 16 total, 16 available
 Memory: 16250M
 Large Page Support: Disabled
 NUMA Support: Disabled
 Compressed Oops: Enabled (Zero based)
 Heap Region Size: 2M
 Heap Min Capacity: 8M
 Heap Initial Capacity: 254M
 Heap Max Capacity: 4064M
 Pre-touch: Disabled
 Parallel Workers: 13
 Concurrent Workers: 3
 Concurrent Refinement Workers: 13
 Periodic GC: Disabled

Heap:
 garbage-first heap   total 260096K, used 37161K [0x0000000702000000, 0x0000000800000000)
  region size 2048K, 15 young (30720K), 1 survivors (2048K)
 Metaspace       used 12688K, committed 12928K, reserved 1064960K
  class space    used 1708K, committed 1792K, reserved 1048576K

Heap Regions: E=young(eden), S=young(survivor), O=old, HS=humongous(starts), HC=humongous(continues), CS=collection set, F=free, OA=open archive, CA=closed archive, TAMS=top-at-mark-start (previous, next)
|   0|0x0000000702000000, 0x0000000702200000, 0x0000000702200000|100%| O|  |TAMS 0x0000000702000000, 0x0000000702000000| Untracked 
|   1|0x0000000702200000, 0x0000000702400000, 0x0000000702400000|100%| O|  |TAMS 0x0000000702200000, 0x0000000702200000| Untracked 
|   2|0x0000000702400000, 0x0000000702600000, 0x0000000702600000|100%| O|  |TAMS 0x0000000702400000, 0x0000000702400000| Untracked 
|   3|0x0000000702600000, 0x0000000702800000, 0x0000000702800000|100%| O|  |TAMS 0x0000000702600000, 0x0000000702600000| Untracked 
|   4|0x0000000702800000, 0x00000007029d7000, 0x0000000702a00000| 91%| O|  |TAMS 0x0000000702800000, 0x0000000702800000| Untracked 
|   5|0x0000000702a00000, 0x0000000702a00000, 0x0000000702c00000|  0%| F|  |TAMS 0x0000000702a00000, 0x0000000702a00000| Untracked 
|   6|0x0000000702c00000, 0x0000000702c00000, 0x0000000702e00000|  0%| F|  |TAMS 0x0000000702c00000, 0x0000000702c00000| Untracked 
|   7|0x0000000702e00000, 0x0000000702e00000, 0x0000000703000000|  0%| F|  |TAMS 0x0000000702e00000, 0x0000000702e00000| Untracked 
|   8|0x0000000703000000, 0x0000000703000000, 0x0000000703200000|  0%| F|  |TAMS 0x0000000703000000, 0x0000000703000000| Untracked 
|   9|0x0000000703200000, 0x0000000703200000, 0x0000000703400000|  0%| F|  |TAMS 0x0000000703200000, 0x0000000703200000| Untracked 
|  10|0x0000000703400000, 0x0000000703400000, 0x0000000703600000|  0%| F|  |TAMS 0x0000000703400000, 0x0000000703400000| Untracked 
|  11|0x0000000703600000, 0x0000000703600000, 0x0000000703800000|  0%| F|  |TAMS 0x0000000703600000, 0x0000000703600000| Untracked 
|  12|0x0000000703800000, 0x0000000703800000, 0x0000000703a00000|  0%| F|  |TAMS 0x0000000703800000, 0x0000000703800000| Untracked 
|  13|0x0000000703a00000, 0x0000000703a00000, 0x0000000703c00000|  0%| F|  |TAMS 0x0000000703a00000, 0x0000000703a00000| Untracked 
|  14|0x0000000703c00000, 0x0000000703c00000, 0x0000000703e00000|  0%| F|  |TAMS 0x0000000703c00000, 0x0000000703c00000| Untracked 
|  15|0x0000000703e00000, 0x0000000703e00000, 0x0000000704000000|  0%| F|  |TAMS 0x0000000703e00000, 0x0000000703e00000| Untracked 
|  16|0x0000000704000000, 0x0000000704000000, 0x0000000704200000|  0%| F|  |TAMS 0x0000000704000000, 0x0000000704000000| Untracked 
|  17|0x0000000704200000, 0x0000000704200000, 0x0000000704400000|  0%| F|  |TAMS 0x0000000704200000, 0x0000000704200000| Untracked 
|  18|0x0000000704400000, 0x0000000704400000, 0x0000000704600000|  0%| F|  |TAMS 0x0000000704400000, 0x0000000704400000| Untracked 
|  19|0x0000000704600000, 0x0000000704600000, 0x0000000704800000|  0%| F|  |TAMS 0x0000000704600000, 0x0000000704600000| Untracked 
|  20|0x0000000704800000, 0x0000000704800000, 0x0000000704a00000|  0%| F|  |TAMS 0x0000000704800000, 0x0000000704800000| Untracked 
|  21|0x0000000704a00000, 0x0000000704a00000, 0x0000000704c00000|  0%| F|  |TAMS 0x0000000704a00000, 0x0000000704a00000| Untracked 
|  22|0x0000000704c00000, 0x0000000704c00000, 0x0000000704e00000|  0%| F|  |TAMS 0x0000000704c00000, 0x0000000704c00000| Untracked 
|  23|0x0000000704e00000, 0x0000000704e00000, 0x0000000705000000|  0%| F|  |TAMS 0x0000000704e00000, 0x0000000704e00000| Untracked 
|  24|0x0000000705000000, 0x0000000705000000, 0x0000000705200000|  0%| F|  |TAMS 0x0000000705000000, 0x0000000705000000| Untracked 
|  25|0x0000000705200000, 0x0000000705200000, 0x0000000705400000|  0%| F|  |TAMS 0x0000000705200000, 0x0000000705200000| Untracked 
|  26|0x0000000705400000, 0x0000000705400000, 0x0000000705600000|  0%| F|  |TAMS 0x0000000705400000, 0x0000000705400000| Untracked 
|  27|0x0000000705600000, 0x0000000705600000, 0x0000000705800000|  0%| F|  |TAMS 0x0000000705600000, 0x0000000705600000| Untracked 
|  28|0x0000000705800000, 0x0000000705800000, 0x0000000705a00000|  0%| F|  |TAMS 0x0000000705800000, 0x0000000705800000| Untracked 
|  29|0x0000000705a00000, 0x0000000705a00000, 0x0000000705c00000|  0%| F|  |TAMS 0x0000000705a00000, 0x0000000705a00000| Untracked 
|  30|0x0000000705c00000, 0x0000000705c00000, 0x0000000705e00000|  0%| F|  |TAMS 0x0000000705c00000, 0x0000000705c00000| Untracked 
|  31|0x0000000705e00000, 0x0000000705e00000, 0x0000000706000000|  0%| F|  |TAMS 0x0000000705e00000, 0x0000000705e00000| Untracked 
|  32|0x0000000706000000, 0x0000000706000000, 0x0000000706200000|  0%| F|  |TAMS 0x0000000706000000, 0x0000000706000000| Untracked 
|  33|0x0000000706200000, 0x0000000706200000, 0x0000000706400000|  0%| F|  |TAMS 0x0000000706200000, 0x0000000706200000| Untracked 
|  34|0x0000000706400000, 0x0000000706400000, 0x0000000706600000|  0%| F|  |TAMS 0x0000000706400000, 0x0000000706400000| Untracked 
|  35|0x0000000706600000, 0x0000000706600000, 0x0000000706800000|  0%| F|  |TAMS 0x0000000706600000, 0x0000000706600000| Untracked 
|  36|0x0000000706800000, 0x0000000706800000, 0x0000000706a00000|  0%| F|  |TAMS 0x0000000706800000, 0x0000000706800000| Untracked 
|  37|0x0000000706a00000, 0x0000000706a00000, 0x0000000706c00000|  0%| F|  |TAMS 0x0000000706a00000, 0x0000000706a00000| Untracked 
|  38|0x0000000706c00000, 0x0000000706c00000, 0x0000000706e00000|  0%| F|  |TAMS 0x0000000706c00000, 0x0000000706c00000| Untracked 
|  39|0x0000000706e00000, 0x0000000706e00000, 0x0000000707000000|  0%| F|  |TAMS 0x0000000706e00000, 0x0000000706e00000| Untracked 
|  40|0x0000000707000000, 0x0000000707000000, 0x0000000707200000|  0%| F|  |TAMS 0x0000000707000000, 0x0000000707000000| Untracked 
|  41|0x0000000707200000, 0x0000000707200000, 0x0000000707400000|  0%| F|  |TAMS 0x0000000707200000, 0x0000000707200000| Untracked 
|  42|0x0000000707400000, 0x0000000707400000, 0x0000000707600000|  0%| F|  |TAMS 0x0000000707400000, 0x0000000707400000| Untracked 
|  43|0x0000000707600000, 0x0000000707600000, 0x0000000707800000|  0%| F|  |TAMS 0x0000000707600000, 0x0000000707600000| Untracked 
|  44|0x0000000707800000, 0x0000000707800000, 0x0000000707a00000|  0%| F|  |TAMS 0x0000000707800000, 0x0000000707800000| Untracked 
|  45|0x0000000707a00000, 0x0000000707a00000, 0x0000000707c00000|  0%| F|  |TAMS 0x0000000707a00000, 0x0000000707a00000| Untracked 
|  46|0x0000000707c00000, 0x0000000707c00000, 0x0000000707e00000|  0%| F|  |TAMS 0x0000000707c00000, 0x0000000707c00000| Untracked 
|  47|0x0000000707e00000, 0x0000000707e00000, 0x0000000708000000|  0%| F|  |TAMS 0x0000000707e00000, 0x0000000707e00000| Untracked 
|  48|0x0000000708000000, 0x0000000708000000, 0x0000000708200000|  0%| F|  |TAMS 0x0000000708000000, 0x0000000708000000| Untracked 
|  49|0x0000000708200000, 0x0000000708200000, 0x0000000708400000|  0%| F|  |TAMS 0x0000000708200000, 0x0000000708200000| Untracked 
|  50|0x0000000708400000, 0x0000000708400000, 0x0000000708600000|  0%| F|  |TAMS 0x0000000708400000, 0x0000000708400000| Untracked 
|  51|0x0000000708600000, 0x0000000708600000, 0x0000000708800000|  0%| F|  |TAMS 0x0000000708600000, 0x0000000708600000| Untracked 
|  52|0x0000000708800000, 0x0000000708800000, 0x0000000708a00000|  0%| F|  |TAMS 0x0000000708800000, 0x0000000708800000| Untracked 
|  53|0x0000000708a00000, 0x0000000708a00000, 0x0000000708c00000|  0%| F|  |TAMS 0x0000000708a00000, 0x0000000708a00000| Untracked 
|  54|0x0000000708c00000, 0x0000000708c00000, 0x0000000708e00000|  0%| F|  |TAMS 0x0000000708c00000, 0x0000000708c00000| Untracked 
|  55|0x0000000708e00000, 0x0000000708e00000, 0x0000000709000000|  0%| F|  |TAMS 0x0000000708e00000, 0x0000000708e00000| Untracked 
|  56|0x0000000709000000, 0x0000000709000000, 0x0000000709200000|  0%| F|  |TAMS 0x0000000709000000, 0x0000000709000000| Untracked 
|  57|0x0000000709200000, 0x0000000709200000, 0x0000000709400000|  0%| F|  |TAMS 0x0000000709200000, 0x0000000709200000| Untracked 
|  58|0x0000000709400000, 0x0000000709400000, 0x0000000709600000|  0%| F|  |TAMS 0x0000000709400000, 0x0000000709400000| Untracked 
|  59|0x0000000709600000, 0x0000000709600000, 0x0000000709800000|  0%| F|  |TAMS 0x0000000709600000, 0x0000000709600000| Untracked 
|  60|0x0000000709800000, 0x0000000709800000, 0x0000000709a00000|  0%| F|  |TAMS 0x0000000709800000, 0x0000000709800000| Untracked 
|  61|0x0000000709a00000, 0x0000000709a00000, 0x0000000709c00000|  0%| F|  |TAMS 0x0000000709a00000, 0x0000000709a00000| Untracked 
|  62|0x0000000709c00000, 0x0000000709c00000, 0x0000000709e00000|  0%| F|  |TAMS 0x0000000709c00000, 0x0000000709c00000| Untracked 
|  63|0x0000000709e00000, 0x0000000709e00000, 0x000000070a000000|  0%| F|  |TAMS 0x0000000709e00000, 0x0000000709e00000| Untracked 
|  64|0x000000070a000000, 0x000000070a000000, 0x000000070a200000|  0%| F|  |TAMS 0x000000070a000000, 0x000000070a000000| Untracked 
|  65|0x000000070a200000, 0x000000070a200000, 0x000000070a400000|  0%| F|  |TAMS 0x000000070a200000, 0x000000070a200000| Untracked 
|  66|0x000000070a400000, 0x000000070a400000, 0x000000070a600000|  0%| F|  |TAMS 0x000000070a400000, 0x000000070a400000| Untracked 
|  67|0x000000070a600000, 0x000000070a600000, 0x000000070a800000|  0%| F|  |TAMS 0x000000070a600000, 0x000000070a600000| Untracked 
|  68|0x000000070a800000, 0x000000070a800000, 0x000000070aa00000|  0%| F|  |TAMS 0x000000070a800000, 0x000000070a800000| Untracked 
|  69|0x000000070aa00000, 0x000000070aa00000, 0x000000070ac00000|  0%| F|  |TAMS 0x000000070aa00000, 0x000000070aa00000| Untracked 
|  70|0x000000070ac00000, 0x000000070ac00000, 0x000000070ae00000|  0%| F|  |TAMS 0x000000070ac00000, 0x000000070ac00000| Untracked 
|  71|0x000000070ae00000, 0x000000070ae00000, 0x000000070b000000|  0%| F|  |TAMS 0x000000070ae00000, 0x000000070ae00000| Untracked 
|  72|0x000000070b000000, 0x000000070b000000, 0x000000070b200000|  0%| F|  |TAMS 0x000000070b000000, 0x000000070b000000| Untracked 
|  73|0x000000070b200000, 0x000000070b200000, 0x000000070b400000|  0%| F|  |TAMS 0x000000070b200000, 0x000000070b200000| Untracked 
|  74|0x000000070b400000, 0x000000070b400000, 0x000000070b600000|  0%| F|  |TAMS 0x000000070b400000, 0x000000070b400000| Untracked 
|  75|0x000000070b600000, 0x000000070b600000, 0x000000070b800000|  0%| F|  |TAMS 0x000000070b600000, 0x000000070b600000| Untracked 
|  76|0x000000070b800000, 0x000000070b800000, 0x000000070ba00000|  0%| F|  |TAMS 0x000000070b800000, 0x000000070b800000| Untracked 
|  77|0x000000070ba00000, 0x000000070ba00000, 0x000000070bc00000|  0%| F|  |TAMS 0x000000070ba00000, 0x000000070ba00000| Untracked 
|  78|0x000000070bc00000, 0x000000070bc00000, 0x000000070be00000|  0%| F|  |TAMS 0x000000070bc00000, 0x000000070bc00000| Untracked 
|  79|0x000000070be00000, 0x000000070be00000, 0x000000070c000000|  0%| F|  |TAMS 0x000000070be00000, 0x000000070be00000| Untracked 
|  80|0x000000070c000000, 0x000000070c000000, 0x000000070c200000|  0%| F|  |TAMS 0x000000070c000000, 0x000000070c000000| Untracked 
|  81|0x000000070c200000, 0x000000070c200000, 0x000000070c400000|  0%| F|  |TAMS 0x000000070c200000, 0x000000070c200000| Untracked 
|  82|0x000000070c400000, 0x000000070c400000, 0x000000070c600000|  0%| F|  |TAMS 0x000000070c400000, 0x000000070c400000| Untracked 
|  83|0x000000070c600000, 0x000000070c600000, 0x000000070c800000|  0%| F|  |TAMS 0x000000070c600000, 0x000000070c600000| Untracked 
|  84|0x000000070c800000, 0x000000070c800000, 0x000000070ca00000|  0%| F|  |TAMS 0x000000070c800000, 0x000000070c800000| Untracked 
|  85|0x000000070ca00000, 0x000000070ca00000, 0x000000070cc00000|  0%| F|  |TAMS 0x000000070ca00000, 0x000000070ca00000| Untracked 
|  86|0x000000070cc00000, 0x000000070cc00000, 0x000000070ce00000|  0%| F|  |TAMS 0x000000070cc00000, 0x000000070cc00000| Untracked 
|  87|0x000000070ce00000, 0x000000070ce00000, 0x000000070d000000|  0%| F|  |TAMS 0x000000070ce00000, 0x000000070ce00000| Untracked 
|  88|0x000000070d000000, 0x000000070d000000, 0x000000070d200000|  0%| F|  |TAMS 0x000000070d000000, 0x000000070d000000| Untracked 
|  89|0x000000070d200000, 0x000000070d200000, 0x000000070d400000|  0%| F|  |TAMS 0x000000070d200000, 0x000000070d200000| Untracked 
|  90|0x000000070d400000, 0x000000070d400000, 0x000000070d600000|  0%| F|  |TAMS 0x000000070d400000, 0x000000070d400000| Untracked 
|  91|0x000000070d600000, 0x000000070d600000, 0x000000070d800000|  0%| F|  |TAMS 0x000000070d600000, 0x000000070d600000| Untracked 
|  92|0x000000070d800000, 0x000000070d800000, 0x000000070da00000|  0%| F|  |TAMS 0x000000070d800000, 0x000000070d800000| Untracked 
|  93|0x000000070da00000, 0x000000070da00000, 0x000000070dc00000|  0%| F|  |TAMS 0x000000070da00000, 0x000000070da00000| Untracked 
|  94|0x000000070dc00000, 0x000000070dc00000, 0x000000070de00000|  0%| F|  |TAMS 0x000000070dc00000, 0x000000070dc00000| Untracked 
|  95|0x000000070de00000, 0x000000070de00000, 0x000000070e000000|  0%| F|  |TAMS 0x000000070de00000, 0x000000070de00000| Untracked 
|  96|0x000000070e000000, 0x000000070e000000, 0x000000070e200000|  0%| F|  |TAMS 0x000000070e000000, 0x000000070e000000| Untracked 
|  97|0x000000070e200000, 0x000000070e200000, 0x000000070e400000|  0%| F|  |TAMS 0x000000070e200000, 0x000000070e200000| Untracked 
|  98|0x000000070e400000, 0x000000070e400000, 0x000000070e600000|  0%| F|  |TAMS 0x000000070e400000, 0x000000070e400000| Untracked 
|  99|0x000000070e600000, 0x000000070e600000, 0x000000070e800000|  0%| F|  |TAMS 0x000000070e600000, 0x000000070e600000| Untracked 
| 100|0x000000070e800000, 0x000000070e800000, 0x000000070ea00000|  0%| F|  |TAMS 0x000000070e800000, 0x000000070e800000| Untracked 
| 101|0x000000070ea00000, 0x000000070ea00000, 0x000000070ec00000|  0%| F|  |TAMS 0x000000070ea00000, 0x000000070ea00000| Untracked 
| 102|0x000000070ec00000, 0x000000070ec00000, 0x000000070ee00000|  0%| F|  |TAMS 0x000000070ec00000, 0x000000070ec00000| Untracked 
| 103|0x000000070ee00000, 0x000000070ee00000, 0x000000070f000000|  0%| F|  |TAMS 0x000000070ee00000, 0x000000070ee00000| Untracked 
| 104|0x000000070f000000, 0x000000070f000000, 0x000000070f200000|  0%| F|  |TAMS 0x000000070f000000, 0x000000070f000000| Untracked 
| 105|0x000000070f200000, 0x000000070f200000, 0x000000070f400000|  0%| F|  |TAMS 0x000000070f200000, 0x000000070f200000| Untracked 
| 106|0x000000070f400000, 0x000000070f400000, 0x000000070f600000|  0%| F|  |TAMS 0x000000070f400000, 0x000000070f400000| Untracked 
| 107|0x000000070f600000, 0x000000070f600000, 0x000000070f800000|  0%| F|  |TAMS 0x000000070f600000, 0x000000070f600000| Untracked 
| 108|0x000000070f800000, 0x000000070f800000, 0x000000070fa00000|  0%| F|  |TAMS 0x000000070f800000, 0x000000070f800000| Untracked 
| 109|0x000000070fa00000, 0x000000070fa00000, 0x000000070fc00000|  0%| F|  |TAMS 0x000000070fa00000, 0x000000070fa00000| Untracked 
| 110|0x000000070fc00000, 0x000000070fc00000, 0x000000070fe00000|  0%| F|  |TAMS 0x000000070fc00000, 0x000000070fc00000| Untracked 
| 111|0x000000070fe00000, 0x000000070fe00000, 0x0000000710000000|  0%| F|  |TAMS 0x000000070fe00000, 0x000000070fe00000| Untracked 
| 112|0x0000000710000000, 0x0000000710088f40, 0x0000000710200000| 26%| E|  |TAMS 0x0000000710000000, 0x0000000710000000| Complete 
| 113|0x0000000710200000, 0x0000000710400000, 0x0000000710400000|100%| E|CS|TAMS 0x0000000710200000, 0x0000000710200000| Complete 
| 114|0x0000000710400000, 0x0000000710600000, 0x0000000710600000|100%| E|CS|TAMS 0x0000000710400000, 0x0000000710400000| Complete 
| 115|0x0000000710600000, 0x0000000710800000, 0x0000000710800000|100%| E|CS|TAMS 0x0000000710600000, 0x0000000710600000| Complete 
| 116|0x0000000710800000, 0x0000000710a00000, 0x0000000710a00000|100%| E|CS|TAMS 0x0000000710800000, 0x0000000710800000| Complete 
| 117|0x0000000710a00000, 0x0000000710c00000, 0x0000000710c00000|100%| E|CS|TAMS 0x0000000710a00000, 0x0000000710a00000| Complete 
| 118|0x0000000710c00000, 0x0000000710e00000, 0x0000000710e00000|100%| E|CS|TAMS 0x0000000710c00000, 0x0000000710c00000| Complete 
| 119|0x0000000710e00000, 0x0000000710e735a8, 0x0000000711000000| 22%| S|CS|TAMS 0x0000000710e00000, 0x0000000710e00000| Complete 
| 120|0x0000000711000000, 0x0000000711200000, 0x0000000711200000|100%| E|CS|TAMS 0x0000000711000000, 0x0000000711000000| Complete 
| 121|0x0000000711200000, 0x0000000711400000, 0x0000000711400000|100%| E|CS|TAMS 0x0000000711200000, 0x0000000711200000| Complete 
| 122|0x0000000711400000, 0x0000000711600000, 0x0000000711600000|100%| E|CS|TAMS 0x0000000711400000, 0x0000000711400000| Complete 
| 123|0x0000000711600000, 0x0000000711800000, 0x0000000711800000|100%| E|CS|TAMS 0x0000000711600000, 0x0000000711600000| Complete 
| 124|0x0000000711800000, 0x0000000711a00000, 0x0000000711a00000|100%| E|CS|TAMS 0x0000000711800000, 0x0000000711800000| Complete 
| 125|0x0000000711a00000, 0x0000000711c00000, 0x0000000711c00000|100%| E|CS|TAMS 0x0000000711a00000, 0x0000000711a00000| Complete 
| 126|0x0000000711c00000, 0x0000000711e00000, 0x0000000711e00000|100%| E|CS|TAMS 0x0000000711c00000, 0x0000000711c00000| Complete 

Card table byte_map: [0x0000019fac560000,0x0000019facd50000] _byte_map_base: 0x0000019fa8d50000

Marking Bits (Prev, Next): (CMBitMap*) 0x0000019fa0f66620, (CMBitMap*) 0x0000019fa0f66660
 Prev Bits: [0x0000019fad540000, 0x0000019fb14c0000)
 Next Bits: [0x0000019fb14c0000, 0x0000019fb5440000)

Polling page: 0x0000019f9ecc0000

Metaspace:

Usage:
  Non-class:     10.72 MB used.
      Class:      1.67 MB used.
       Both:     12.39 MB used.

Virtual space:
  Non-class space:       16.00 MB reserved,      10.88 MB ( 68%) committed,  2 nodes.
      Class space:        1.00 GB reserved,       1.75 MB ( <1%) committed,  1 nodes.
             Both:        1.02 GB reserved,      12.62 MB (  1%) committed. 

Chunk freelists:
   Non-Class:  1.11 MB
       Class:  2.06 MB
        Both:  3.17 MB

MaxMetaspaceSize: unlimited
CompressedClassSpaceSize: 1.00 GB
Initial GC threshold: 21.00 MB
Current GC threshold: 21.00 MB
CDS: on
MetaspaceReclaimPolicy: balanced
 - commit_granule_bytes: 65536.
 - commit_granule_words: 8192.
 - virtual_space_node_default_size: 1048576.
 - enlarge_chunks_in_place: 1.
 - new_chunks_are_fully_committed: 0.
 - uncommit_free_chunks: 1.
 - use_allocation_guard: 0.
 - handle_deallocations: 1.


Internal statistics:

num_allocs_failed_limit: 0.
num_arena_births: 282.
num_arena_deaths: 0.
num_vsnodes_births: 3.
num_vsnodes_deaths: 0.
num_space_committed: 202.
num_space_uncommitted: 0.
num_chunks_returned_to_freelist: 0.
num_chunks_taken_from_freelist: 638.
num_chunk_merges: 0.
num_chunk_splits: 394.
num_chunks_enlarged: 257.
num_purges: 0.
num_inconsistent_stats: 0.

CodeCache: size=49152Kb used=6323Kb max_used=6323Kb free=42828Kb
 bounds [0x0000019fa8710000, 0x0000019fa8d40000, 0x0000019fab710000]
 total_blobs=2800 nmethods=2329 adapters=395
 compilation: enabled
              stopped_count=0, restarted_count=0
 full_count=0

Compilation events (20 events):
Event: 3.554 Thread 0x0000019fb84e8e20 2315       1       java.lang.Short::reverseBytes (14 bytes)
Event: 3.554 Thread 0x0000019fb919f340 nmethod 2314 0x0000019fa8d38410 code [0x0000019fa8d385a0, 0x0000019fa8d38678]
Event: 3.554 Thread 0x0000019fb9940770 nmethod 2313 0x0000019fa8d38710 code [0x0000019fa8d388a0, 0x0000019fa8d389f8]
Event: 3.554 Thread 0x0000019fb84e8e20 nmethod 2315 0x0000019fa8d38a90 code [0x0000019fa8d38c20, 0x0000019fa8d38cd8]
Event: 3.565 Thread 0x0000019fb9940770 2316       1       java.lang.reflect.Constructor::checkCanSetAccessible (29 bytes)
Event: 3.565 Thread 0x0000019fb9940770 nmethod 2316 0x0000019fa8d38d90 code [0x0000019fa8d38f40, 0x0000019fa8d390f8]
Event: 3.570 Thread 0x0000019fb9940770 2317       1       java.lang.System$2::getEnumConstantsShared (8 bytes)
Event: 3.570 Thread 0x0000019fb84e8e20 2318       1       org.springframework.util.ConcurrentReferenceHashMap$ReferenceManager::createReference (43 bytes)
Event: 3.570 Thread 0x0000019fb919f340 2319       1       org.springframework.util.ConcurrentReferenceHashMap$SoftEntryReference::<init> (18 bytes)
Event: 3.571 Thread 0x0000019fb9940770 nmethod 2317 0x0000019fa8d39210 code [0x0000019fa8d393a0, 0x0000019fa8d394c8]
Event: 3.571 Thread 0x0000019fb919f340 nmethod 2319 0x0000019fa8d39590 code [0x0000019fa8d39720, 0x0000019fa8d39938]
Event: 3.571 Thread 0x0000019fb84e8e20 nmethod 2318 0x0000019fa8d39990 code [0x0000019fa8d39b40, 0x0000019fa8d39ea8]
Event: 3.574 Thread 0x0000019fb84e8e20 2320       1       java.util.LinkedHashMap::newNode (23 bytes)
Event: 3.574 Thread 0x0000019fb9940770 2321       1       java.util.LinkedHashMap::afterNodeInsertion (40 bytes)
Event: 3.574 Thread 0x0000019fb9940770 nmethod 2321 0x0000019fa8d3a010 code [0x0000019fa8d3a1c0, 0x0000019fa8d3a388]
Event: 3.574 Thread 0x0000019fb84e8e20 nmethod 2320 0x0000019fa8d3a490 code [0x0000019fa8d3a640, 0x0000019fa8d3aa78]
Event: 3.576 Thread 0x0000019fb84e8e20 2322       1       org.springframework.core.SerializableTypeWrapper::unwrap (34 bytes)
Event: 3.576 Thread 0x0000019fb919f340 2323       1       org.springframework.core.ResolvableType::getType (8 bytes)
Event: 3.577 Thread 0x0000019fb84e8e20 nmethod 2322 0x0000019fa8d3ab90 code [0x0000019fa8d3ad60, 0x0000019fa8d3b088]
Event: 3.577 Thread 0x0000019fb919f340 nmethod 2323 0x0000019fa8d3b290 code [0x0000019fa8d3b460, 0x0000019fa8d3b7a8]

GC Heap History (4 events):
Event: 2.024 GC heap before
{Heap before GC invocations=0 (full 0):
 garbage-first heap   total 260096K, used 20480K [0x0000000702000000, 0x0000000800000000)
  region size 2048K, 11 young (22528K), 0 survivors (0K)
 Metaspace       used 5799K, committed 5952K, reserved 1056768K
  class space    used 680K, committed 768K, reserved 1048576K
}
Event: 2.039 GC heap after
{Heap after GC invocations=1 (full 0):
 garbage-first heap   total 260096K, used 10814K [0x0000000702000000, 0x0000000800000000)
  region size 2048K, 2 young (4096K), 2 survivors (4096K)
 Metaspace       used 5799K, committed 5952K, reserved 1056768K
  class space    used 680K, committed 768K, reserved 1048576K
}
Event: 2.518 GC heap before
{Heap before GC invocations=1 (full 0):
 garbage-first heap   total 260096K, used 23102K [0x0000000702000000, 0x0000000800000000)
  region size 2048K, 9 young (18432K), 2 survivors (4096K)
 Metaspace       used 6845K, committed 6976K, reserved 1056768K
  class space    used 829K, committed 896K, reserved 1048576K
}
Event: 2.522 GC heap after
{Heap after GC invocations=2 (full 0):
 garbage-first heap   total 260096K, used 10537K [0x0000000702000000, 0x0000000800000000)
  region size 2048K, 1 young (2048K), 1 survivors (2048K)
 Metaspace       used 6845K, committed 6976K, reserved 1056768K
  class space    used 829K, committed 896K, reserved 1048576K
}

Deoptimization events (6 events):
Event: 0.922 Thread 0x0000019fa0f1abc0 DEOPT PACKING pc=0x0000019fa898baad sp=0x0000007a862fe240
Event: 0.922 Thread 0x0000019fa0f1abc0 DEOPT UNPACKING pc=0x0000019fa8762b43 sp=0x0000007a862fd7a0 mode 3
Event: 1.595 Thread 0x0000019fa0f1abc0 DEOPT PACKING pc=0x0000019fa8b0c7b5 sp=0x0000007a862fc970
Event: 1.595 Thread 0x0000019fa0f1abc0 DEOPT UNPACKING pc=0x0000019fa8762b43 sp=0x0000007a862fbe88 mode 3
Event: 2.147 Thread 0x0000019fa0f1abc0 DEOPT PACKING pc=0x0000019fa8a1d981 sp=0x0000007a862fd9f0
Event: 2.147 Thread 0x0000019fa0f1abc0 DEOPT UNPACKING pc=0x0000019fa8762b43 sp=0x0000007a862fce48 mode 3

Classes unloaded (0 events):
No events

Classes redefined (0 events):
No events

Internal exceptions (20 events):
Event: 3.135 Thread 0x0000019fb9bb1dc0 Exception <a 'java/lang/NoSuchMethodError'{0x000000071134a8d8}: 'void java.lang.invoke.DirectMethodHandle$Holder.invokeSpecial(java.lang.Object, java.lang.Object, java.lang.Object, java.lang.Object, java.lang.Object)'> (0x000000071134a8d8) 
thrown [t:\workspace\open\src\hotspot\share\interpreter\linkResolver.cpp, line 766]
Event: 3.206 Thread 0x0000019fb9bb1dc0 Exception <a 'java/lang/NoSuchMethodError'{0x0000000711180480}: 'void java.lang.invoke.DirectMethodHandle$Holder.invokeSpecial(java.lang.Object, java.lang.Object, java.lang.Object, java.lang.Object, java.lang.Object, java.lang.Object)'> (0x0000000711180480) 
thrown [t:\workspace\open\src\hotspot\share\interpreter\linkResolver.cpp, line 766]
Event: 3.229 Thread 0x0000019fb9bb1dc0 Exception <a 'java/lang/NoSuchMethodError'{0x0000000710c120b0}: 'java.lang.Object java.lang.invoke.DirectMethodHandle$Holder.invokeSpecial(java.lang.Object, java.lang.Object, java.lang.Object, int, java.lang.Object)'> (0x0000000710c120b0) 
thrown [t:\workspace\open\src\hotspot\share\interpreter\linkResolver.cpp, line 766]
Event: 3.230 Thread 0x0000019fb9bb1dc0 Exception <a 'java/lang/NoSuchMethodError'{0x0000000710c1a620}: 'java.lang.Object java.lang.invoke.DirectMethodHandle$Holder.newInvokeSpecial(java.lang.Object, java.lang.Object, java.lang.Object, int, java.lang.Object)'> (0x0000000710c1a620) 
thrown [t:\workspace\open\src\hotspot\share\interpreter\linkResolver.cpp, line 766]
Event: 3.231 Thread 0x0000019fb9bb1dc0 Exception <a 'java/lang/NoSuchMethodError'{0x0000000710c221d8}: 'java.lang.Object java.lang.invoke.Invokers$Holder.linkToTargetMethod(java.lang.Object, java.lang.Object, int, java.lang.Object, java.lang.Object)'> (0x0000000710c221d8) 
thrown [t:\workspace\open\src\hotspot\share\interpreter\linkResolver.cpp, line 766]
Event: 3.232 Thread 0x0000019fb9bb1dc0 Exception <a 'java/lang/NoSuchMethodError'{0x0000000710c30ff8}: 'java.lang.Object java.lang.invoke.DirectMethodHandle$Holder.newInvokeSpecial(java.lang.Object, int, java.lang.Object)'> (0x0000000710c30ff8) 
thrown [t:\workspace\open\src\hotspot\share\interpreter\linkResolver.cpp, line 766]
Event: 3.232 Thread 0x0000019fb9bb1dc0 Exception <a 'java/lang/NoSuchMethodError'{0x0000000710c34fc8}: 'int java.lang.invoke.DirectMethodHandle$Holder.invokeSpecialIFC(java.lang.Object, java.lang.Object, java.lang.Object, java.lang.Object)'> (0x0000000710c34fc8) 
thrown [t:\workspace\open\src\hotspot\share\interpreter\linkResolver.cpp, line 766]
Event: 3.252 Thread 0x0000019fb9bb1dc0 Exception <a 'java/lang/NoSuchMethodError'{0x0000000710cef2f0}: 'java.lang.Object java.lang.invoke.DirectMethodHandle$Holder.invokeInterface(java.lang.Object, java.lang.Object)'> (0x0000000710cef2f0) 
thrown [t:\workspace\open\src\hotspot\share\interpreter\linkResolver.cpp, line 766]
Event: 3.286 Thread 0x0000019fb9bb1dc0 Exception <a 'java/lang/NoSuchMethodError'{0x0000000710da25f8}: 'void java.lang.invoke.DirectMethodHandle$Holder.invokeInterface(java.lang.Object, java.lang.Object, java.lang.Object)'> (0x0000000710da25f8) 
thrown [t:\workspace\open\src\hotspot\share\interpreter\linkResolver.cpp, line 766]
Event: 3.327 Thread 0x0000019fb9bb1dc0 Exception <a 'java/lang/NoSuchMethodError'{0x0000000710a74ff0}: 'java.lang.Object java.lang.invoke.DirectMethodHandle$Holder.invokeStatic(java.lang.Object, java.lang.Object, int)'> (0x0000000710a74ff0) 
thrown [t:\workspace\open\src\hotspot\share\interpreter\linkResolver.cpp, line 766]
Event: 3.328 Thread 0x0000019fb9bb1dc0 Exception <a 'java/lang/NoSuchMethodError'{0x0000000710a80a48}: 'void java.lang.invoke.DelegatingMethodHandle$Holder.delegate(java.lang.Object, java.lang.Object, int, java.lang.Object)'> (0x0000000710a80a48) 
thrown [t:\workspace\open\src\hotspot\share\interpreter\linkResolver.cpp, line 766]
Event: 3.358 Thread 0x0000019fba0e2ea0 Exception <a 'java/lang/reflect/InvocationTargetException'{0x0000000710ad0bb0}> (0x0000000710ad0bb0) 
thrown [t:\workspace\open\src\hotspot\share\runtime\reflection.cpp, line 1121]
Event: 3.370 Thread 0x0000019fb9bb1dc0 Exception <a 'java/lang/NoSuchMethodError'{0x0000000710b720e0}: 'void java.lang.invoke.DirectMethodHandle$Holder.invokeStatic(java.lang.Object, java.lang.Object, int)'> (0x0000000710b720e0) 
thrown [t:\workspace\open\src\hotspot\share\interpreter\linkResolver.cpp, line 766]
Event: 3.372 Thread 0x0000019fb9bb1dc0 Exception <a 'java/lang/NoSuchMethodError'{0x0000000710b79fd8}: 'void java.lang.invoke.DirectMethodHandle$Holder.invokeStaticInit(java.lang.Object, java.lang.Object)'> (0x0000000710b79fd8) 
thrown [t:\workspace\open\src\hotspot\share\interpreter\linkResolver.cpp, line 766]
Event: 3.376 Thread 0x0000019fb9bb1dc0 Exception <a 'java/lang/NoSuchMethodError'{0x0000000710b91170}: 'void java.lang.invoke.DirectMethodHandle$Holder.invokeStaticInit(java.lang.Object, java.lang.Object, java.lang.Object)'> (0x0000000710b91170) 
thrown [t:\workspace\open\src\hotspot\share\interpreter\linkResolver.cpp, line 766]
Event: 3.402 Thread 0x0000019fb9bb1dc0 Exception <a 'java/lang/NoSuchMethodError'{0x0000000710be79e8}: 'void java.lang.invoke.DirectMethodHandle$Holder.invokeVirtual(java.lang.Object, java.lang.Object, java.lang.Object, java.lang.Object)'> (0x0000000710be79e8) 
thrown [t:\workspace\open\src\hotspot\share\interpreter\linkResolver.cpp, line 766]
Event: 3.451 Thread 0x0000019fb9bb1dc0 Exception <a 'java/lang/NoSuchMethodError'{0x000000071090ff58}: 'void java.lang.invoke.DirectMethodHandle$Holder.invokeSpecial(java.lang.Object, java.lang.Object, java.lang.Object)'> (0x000000071090ff58) 
thrown [t:\workspace\open\src\hotspot\share\interpreter\linkResolver.cpp, line 766]
Event: 3.518 Thread 0x0000019fba0f80e0 Exception <a 'java/lang/NoSuchMethodError'{0x00000007104aa658}: 'java.lang.Object java.lang.invoke.DirectMethodHandle$Holder.invokeStaticInit(java.lang.Object, java.lang.Object, java.lang.Object)'> (0x00000007104aa658) 
thrown [t:\workspace\open\src\hotspot\share\interpreter\linkResolver.cpp, line 766]
Event: 3.519 Thread 0x0000019fba0f80e0 Exception <a 'java/lang/NoSuchMethodError'{0x00000007104f3250}: 'java.lang.Object java.lang.invoke.DirectMethodHandle$Holder.invokeStaticInit(java.lang.Object, java.lang.Object, java.lang.Object, java.lang.Object, java.lang.Object)'> (0x00000007104f3250) 
thrown [t:\workspace\open\src\hotspot\share\interpreter\linkResolver.cpp, line 766]
Event: 3.583 Thread 0x0000019fb9bb1dc0 Exception <a 'java/lang/NoSuchMethodError'{0x00000007103cff08}: 'org.slf4j.impl.StaticMDCBinder org.slf4j.impl.StaticMDCBinder.getSingleton()'> (0x00000007103cff08) 
thrown [t:\workspace\open\src\hotspot\share\interpreter\linkResolver.cpp, line 766]

VM Operations (20 events):
Event: 1.661 Executing VM operation: HandshakeAllThreads
Event: 1.662 Executing VM operation: HandshakeAllThreads done
Event: 2.015 Executing VM operation: HandshakeAllThreads
Event: 2.015 Executing VM operation: HandshakeAllThreads done
Event: 2.024 Executing VM operation: G1CollectForAllocation
Event: 2.041 Executing VM operation: G1CollectForAllocation done
Event: 2.474 Executing VM operation: HandshakeAllThreads
Event: 2.475 Executing VM operation: HandshakeAllThreads done
Event: 2.518 Executing VM operation: G1CollectForAllocation
Event: 2.522 Executing VM operation: G1CollectForAllocation done
Event: 2.556 Executing VM operation: HandshakeAllThreads
Event: 2.556 Executing VM operation: HandshakeAllThreads done
Event: 2.645 Executing VM operation: HandshakeAllThreads
Event: 2.658 Executing VM operation: HandshakeAllThreads done
Event: 3.290 Executing VM operation: ICBufferFull
Event: 3.290 Executing VM operation: ICBufferFull done
Event: 3.460 Executing VM operation: ICBufferFull
Event: 3.460 Executing VM operation: ICBufferFull done
Event: 3.485 Executing VM operation: HandshakeAllThreads
Event: 3.485 Executing VM operation: HandshakeAllThreads done

Events (20 events):
Event: 3.533 loading class com/sun/org/apache/xalan/internal/utils/FeaturePropertyBase$State
Event: 3.533 loading class com/sun/org/apache/xalan/internal/utils/FeaturePropertyBase$State done
Event: 3.533 loading class com/sun/org/apache/xalan/internal/utils/XMLSecurityPropertyManager$Property
Event: 3.533 loading class com/sun/org/apache/xalan/internal/utils/XMLSecurityPropertyManager$Property done
Event: 3.533 loading class com/sun/org/apache/xalan/internal/utils/XMLSecurityManager
Event: 3.533 loading class com/sun/org/apache/xalan/internal/utils/XMLSecurityManager done
Event: 3.533 loading class com/sun/org/apache/xalan/internal/utils/XMLSecurityManager$Limit
Event: 3.533 loading class com/sun/org/apache/xalan/internal/utils/XMLSecurityManager$Limit done
Event: 3.534 loading class com/sun/org/apache/xalan/internal/utils/XMLSecurityManager$NameMap
Event: 3.534 loading class com/sun/org/apache/xalan/internal/utils/XMLSecurityManager$NameMap done
Event: 3.534 loading class jdk/xml/internal/JdkProperty
Event: 3.534 loading class jdk/xml/internal/JdkProperty done
Event: 3.572 loading class java/beans/Transient
Event: 3.572 loading class java/beans/Transient done
Event: 3.572 loading class java/beans/ConstructorProperties
Event: 3.572 loading class java/beans/ConstructorProperties done
Event: 3.590 loading class jdk/internal/reflect/UnsafeQualifiedStaticIntegerFieldAccessorImpl
Event: 3.590 loading class jdk/internal/reflect/UnsafeQualifiedStaticIntegerFieldAccessorImpl done
Event: 3.595 loading class org/xml/sax/ErrorHandler
Event: 3.595 loading class org/xml/sax/ErrorHandler done


Dynamic libraries:
0x00007ff7ab5d0000 - 0x00007ff7ab5e0000 	D:\study\JDK\jdk-17.0.1\bin\java.exe
0x00007ffc1e090000 - 0x00007ffc1e288000 	C:\WINDOWS\SYSTEM32\ntdll.dll
0x00007ffc1cb20000 - 0x00007ffc1cbdf000 	C:\WINDOWS\System32\KERNEL32.DLL
0x00007ffc1b990000 - 0x00007ffc1bc86000 	C:\WINDOWS\System32\KERNELBASE.dll
0x00007ffc1be60000 - 0x00007ffc1bf60000 	C:\WINDOWS\System32\ucrtbase.dll
0x00007ffc03ee0000 - 0x00007ffc03ef8000 	D:\study\JDK\jdk-17.0.1\bin\jli.dll
0x00007ffc05f50000 - 0x00007ffc05f6a000 	D:\study\JDK\jdk-17.0.1\bin\VCRUNTIME140.dll
0x00007ffc1c0f0000 - 0x00007ffc1c19f000 	C:\WINDOWS\System32\ADVAPI32.dll
0x00007ffc1de00000 - 0x00007ffc1de9e000 	C:\WINDOWS\System32\msvcrt.dll
0x00007ffc1c1a0000 - 0x00007ffc1c23c000 	C:\WINDOWS\System32\sechost.dll
0x00007ffc1dbe0000 - 0x00007ffc1dd06000 	C:\WINDOWS\System32\RPCRT4.dll
0x00007ffc1c3f0000 - 0x00007ffc1c58d000 	C:\WINDOWS\System32\USER32.dll
0x00007ffc1b770000 - 0x00007ffc1b792000 	C:\WINDOWS\System32\win32u.dll
0x00007ffc1c240000 - 0x00007ffc1c26c000 	C:\WINDOWS\System32\GDI32.dll
0x00007ffc1bfd0000 - 0x00007ffc1c0e5000 	C:\WINDOWS\System32\gdi32full.dll
0x00007ffc038e0000 - 0x00007ffc03b7a000 	C:\WINDOWS\WinSxS\amd64_microsoft.windows.common-controls_6595b64144ccf1df_6.0.19041.1110_none_60b5254171f9507e\COMCTL32.dll
0x00007ffc1bdc0000 - 0x00007ffc1be5d000 	C:\WINDOWS\System32\msvcp_win.dll
0x00007ffc14930000 - 0x00007ffc1493a000 	C:\WINDOWS\SYSTEM32\VERSION.dll
0x00007ffc1da00000 - 0x00007ffc1da30000 	C:\WINDOWS\System32\IMM32.DLL
0x00007ffc05a50000 - 0x00007ffc05a5c000 	D:\study\JDK\jdk-17.0.1\bin\vcruntime140_1.dll
0x00007ffbf93b0000 - 0x00007ffbf943d000 	D:\study\JDK\jdk-17.0.1\bin\msvcp140.dll
0x00007ffbbf860000 - 0x00007ffbc041e000 	D:\study\JDK\jdk-17.0.1\bin\server\jvm.dll
0x00007ffc1d870000 - 0x00007ffc1d878000 	C:\WINDOWS\System32\PSAPI.DLL
0x00007ffc0a050000 - 0x00007ffc0a059000 	C:\WINDOWS\SYSTEM32\WSOCK32.dll
0x00007ffc09360000 - 0x00007ffc09387000 	C:\WINDOWS\SYSTEM32\WINMM.dll
0x00007ffc1dd90000 - 0x00007ffc1ddfb000 	C:\WINDOWS\System32\WS2_32.dll
0x00007ffc19fc0000 - 0x00007ffc19fd2000 	C:\WINDOWS\SYSTEM32\kernel.appcore.dll
0x00007ffc03ed0000 - 0x00007ffc03eda000 	D:\study\JDK\jdk-17.0.1\bin\jimage.dll
0x00007ffc193e0000 - 0x00007ffc195c4000 	C:\WINDOWS\SYSTEM32\DBGHELP.DLL
0x00007ffc06c30000 - 0x00007ffc06c64000 	C:\WINDOWS\SYSTEM32\dbgcore.DLL
0x00007ffc1b900000 - 0x00007ffc1b982000 	C:\WINDOWS\System32\bcryptPrimitives.dll
0x00007ffc03ec0000 - 0x00007ffc03ece000 	D:\study\JDK\jdk-17.0.1\bin\instrument.dll
0x00007ffc03e90000 - 0x00007ffc03eb5000 	D:\study\JDK\jdk-17.0.1\bin\java.dll
0x00007ffbf8cd0000 - 0x00007ffbf8da6000 	D:\study\JDK\jdk-17.0.1\bin\svml.dll
0x00007ffc1cff0000 - 0x00007ffc1d734000 	C:\WINDOWS\System32\SHELL32.dll
0x00007ffc19810000 - 0x00007ffc19fa3000 	C:\WINDOWS\SYSTEM32\windows.storage.dll
0x00007ffc1cc90000 - 0x00007ffc1cfe4000 	C:\WINDOWS\System32\combase.dll
0x00007ffc1b0f0000 - 0x00007ffc1b11e000 	C:\WINDOWS\SYSTEM32\Wldp.dll
0x00007ffc1cbe0000 - 0x00007ffc1cc8d000 	C:\WINDOWS\System32\SHCORE.dll
0x00007ffc1d880000 - 0x00007ffc1d8d5000 	C:\WINDOWS\System32\shlwapi.dll
0x00007ffc1b6b0000 - 0x00007ffc1b6cf000 	C:\WINDOWS\SYSTEM32\profapi.dll
0x00007ffbff420000 - 0x00007ffbff438000 	D:\study\JDK\jdk-17.0.1\bin\zip.dll
0x00007ffbff3e0000 - 0x00007ffbff3f9000 	D:\study\JDK\jdk-17.0.1\bin\net.dll
0x00007ffc145f0000 - 0x00007ffc146fa000 	C:\WINDOWS\SYSTEM32\WINHTTP.dll
0x00007ffc1ae50000 - 0x00007ffc1aeba000 	C:\WINDOWS\system32\mswsock.dll
0x00007ffbff3c0000 - 0x00007ffbff3d5000 	D:\study\JDK\jdk-17.0.1\bin\nio.dll
0x00007ffbfb7d0000 - 0x00007ffbfb7ea000 	D:\study\IDEA\IntelliJ IDEA 2022.1.1\bin\breakgen64.dll
0x00007ffc1ab80000 - 0x00007ffc1ac4b000 	C:\WINDOWS\SYSTEM32\DNSAPI.dll
0x00007ffc1ab40000 - 0x00007ffc1ab7c000 	C:\WINDOWS\SYSTEM32\IPHLPAPI.DLL
0x00007ffc1cb10000 - 0x00007ffc1cb18000 	C:\WINDOWS\System32\NSI.dll
0x00007ffc14890000 - 0x00007ffc1489a000 	C:\Windows\System32\rasadhlp.dll
0x00007ffc0e6a0000 - 0x00007ffc0e722000 	C:\WINDOWS\System32\fwpuclnt.dll
0x00007ffc1bce0000 - 0x00007ffc1bd07000 	C:\WINDOWS\System32\bcrypt.dll
0x00007ffbfcf00000 - 0x00007ffbfcf09000 	D:\study\JDK\jdk-17.0.1\bin\management.dll
0x00007ffbf9490000 - 0x00007ffbf949b000 	D:\study\JDK\jdk-17.0.1\bin\management_ext.dll
0x00007ffc1b040000 - 0x00007ffc1b058000 	C:\WINDOWS\SYSTEM32\CRYPTSP.dll
0x00007ffc1a770000 - 0x00007ffc1a7a4000 	C:\WINDOWS\system32\rsaenh.dll
0x00007ffc1b670000 - 0x00007ffc1b69e000 	C:\WINDOWS\SYSTEM32\USERENV.dll
0x00007ffc1b060000 - 0x00007ffc1b06c000 	C:\WINDOWS\SYSTEM32\CRYPTBASE.dll
0x00007ffc137b0000 - 0x00007ffc137c7000 	C:\WINDOWS\SYSTEM32\dhcpcsvc6.DLL
0x00007ffc14850000 - 0x00007ffc1486d000 	C:\WINDOWS\SYSTEM32\dhcpcsvc.DLL
0x00007ffbfda30000 - 0x00007ffbfda47000 	C:\WINDOWS\system32\napinsp.dll
0x00007ffbfda10000 - 0x00007ffbfda2b000 	C:\WINDOWS\system32\pnrpnsp.dll
0x00007ffc16370000 - 0x00007ffc16385000 	C:\WINDOWS\system32\wshbth.dll
0x00007ffc16d30000 - 0x00007ffc16d4d000 	C:\WINDOWS\system32\NLAapi.dll
0x00007ffbfd9f0000 - 0x00007ffbfda02000 	C:\WINDOWS\System32\winrnr.dll

dbghelp: loaded successfully - version: 4.0.5 - missing functions: none
symbol engine: initialized successfully - sym options: 0x614 - pdb path: .;D:\study\JDK\jdk-17.0.1\bin;C:\WINDOWS\SYSTEM32;C:\WINDOWS\WinSxS\amd64_microsoft.windows.common-controls_6595b64144ccf1df_6.0.19041.1110_none_60b5254171f9507e;D:\study\JDK\jdk-17.0.1\bin\server;D:\study\IDEA\IntelliJ IDEA 2022.1.1\bin

VM Arguments:
jvm_args: -XX:TieredStopAtLevel=1 -Xverify:none -Dspring.output.ansi.enabled=always -Dcom.sun.management.jmxremote -Dspring.jmx.enabled=true -Dspring.liveBeansView.mbeanDomain -Dspring.application.admin.enabled=true -javaagent:D:\study\IDEA\IntelliJ IDEA 2022.1.1\lib\idea_rt.jar=61898:D:\study\IDEA\IntelliJ IDEA 2022.1.1\bin -Dfile.encoding=GBK 
java_command: com.eleadmin.EleAdminApplication
java_class_path (initial): D:\study\IDEA\workspace\eleAdminPro\ele-admin-api-20220731\ele-admin-api\target\classes;D:\study\IDEA\workspace\eleAdminPro\lib\javax.transaction.jar;D:\study\IDEA\workspace\eleAdminPro\lib\javax.jms.jar;D:\study\IDEA\workspace\eleAdminPro\lib\javax.annotation.jar;D:\study\IDEA\workspace\eleAdminPro\lib\javax.servlet.jsp.jstl.jar;D:\study\IDEA\workspace\eleAdminPro\lib\javax.resource.jar;D:\study\IDEA\workspace\eleAdminPro\lib\javax.ejb.jar;D:\study\IDEA\workspace\eleAdminPro\lib\javax.servlet.jsp.jar;D:\study\IDEA\workspace\eleAdminPro\lib\javax.persistence.jar;C:\Users\31055\.m2\repository\org\springframework\boot\spring-boot-devtools\2.5.4\spring-boot-devtools-2.5.4.jar;C:\Users\31055\.m2\repository\org\springframework\boot\spring-boot\2.5.4\spring-boot-2.5.4.jar;C:\Users\31055\.m2\repository\org\springframework\spring-context\5.3.9\spring-context-5.3.9.jar;C:\Users\31055\.m2\repository\org\springframework\boot\spring-boot-autoconfigure\2.5.4\spring-boot-autoconfigure-2.5.4.jar;C:\Users\31055\.m2\repository\org\springframework\boot\spring-boot-starter\2.5.4\spring-boot-starter-2.5.4.jar;C:\Users\31055\.m2\repository\org\springframework\boot\spring-boot-starter-logging\2.5.4\spring-boot-starter-logging-2.5.4.jar;C:\Users\31055\.m2\repository\ch\qos\logback\logback-classic\1.2.5\logback-classic-1.2.5.jar;C:\Users\31055\.m2\repository\ch\qos\logback\logback-core\1.2.5\logback-core-1.2.5.jar;C:\Users\31055\.m2\repository\org\apache\logging\log4j\log4j-to-slf4j\2.14.1\log4j-to-slf4j-2.14.1.jar;C:\Users\31055\.m2\repository\org\apache\logging\log4j\log4j-api\2.14.1\log4j-api-2.14.1.jar;C:\Users\31055\.m2\repository\org\slf4j\jul-to-slf4j\1.7.32\jul-to-slf4j-1.7.32.jar;C:\Users\31055\.m2\repository\jakarta\annotation\jakarta.annotation-api\1.3.5\jakarta.annotation-api-1.3.5.jar;C:\Users\31055\.m2\repository\org\yaml\snakeyaml\1.28\snakeyaml-1.28.jar;C:\Users\31055\.m2\repository\net\bytebuddy\byte-buddy\1.10.22\byte-buddy-1.10.22.jar;C:\User
Launcher Type: SUN_STANDARD

[Global flags]
     intx CICompilerCount                          = 12                                        {product} {ergonomic}
     uint ConcGCThreads                            = 3                                         {product} {ergonomic}
     uint G1ConcRefinementThreads                  = 13                                        {product} {ergonomic}
   size_t G1HeapRegionSize                         = 2097152                                   {product} {ergonomic}
    uintx GCDrainStackTargetSize                   = 64                                        {product} {ergonomic}
   size_t InitialHeapSize                          = 266338304                                 {product} {ergonomic}
     bool ManagementServer                         = true                                      {product} {command line}
   size_t MarkStackSize                            = 4194304                                   {product} {ergonomic}
   size_t MaxHeapSize                              = 4261412864                                {product} {ergonomic}
   size_t MaxNewSize                               = 2556428288                                {product} {ergonomic}
   size_t MinHeapDeltaBytes                        = 2097152                                   {product} {ergonomic}
   size_t MinHeapSize                              = 8388608                                   {product} {ergonomic}
    uintx NonProfiledCodeHeapSize                  = 0                                      {pd product} {ergonomic}
     bool ProfileInterpreter                       = false                                  {pd product} {command line}
    uintx ProfiledCodeHeapSize                     = 0                                      {pd product} {ergonomic}
   size_t SoftMaxHeapSize                          = 4261412864                             {manageable} {ergonomic}
     intx TieredStopAtLevel                        = 1                                         {product} {command line}
     bool UseCompressedClassPointers               = true                           {product lp64_product} {ergonomic}
     bool UseCompressedOops                        = true                           {product lp64_product} {ergonomic}
     bool UseG1GC                                  = true                                      {product} {ergonomic}
     bool UseLargePagesIndividualAllocation        = false                                  {pd product} {ergonomic}

Logging:
Log output configuration:
 #0: stdout all=warning uptime,level,tags
 #1: stderr all=off uptime,level,tags

Environment Variables:
JAVA_HOME=D:\study\JDK\jdk-18_windows-x64_bin
PATH=C:\Program Files (x86)\Razer\ChromaBroadcast\bin;C:\Program Files\Razer\ChromaBroadcast\bin;C:\Windows\system32;C:\Windows;C:\Windows\System32\Wbem;C:\Windows\System32\WindowsPowerShell\v1.0\;C:\Windows\System32\OpenSSH\;C:\Program Files (x86)\NVIDIA Corporation\PhysX\Common;C:\Program Files\NVIDIA Corporation\NVIDIA NvDLISR;C:\WINDOWS\system32;C:\WINDOWS;C:\WINDOWS\System32\Wbem;C:\WINDOWS\System32\WindowsPowerShell\v1.0\;C:\WINDOWS\System32\OpenSSH\;C:\Program Files (x86)\Microsoft SQL Server\150\Tools\Binn\;C:\Program Files\Microsoft SQL Server\150\Tools\Binn\;C:\Program Files\Microsoft SQL Server\150\DTS\Binn\;C:\Program Files\Microsoft SQL Server\Client SDK\ODBC\170\Tools\Binn\;C:\Program Files\Azure Data Studio\bin;D:\study\JDK\jdk-18_windows-x64_bin\bin;D:\study\JDK\jdk-18_windows-x64_bin\jre\bin;C:\WINDOWS\system32\config\systemprofile\AppData\Local\Microsoft\WindowsApps;D:\study\maven\apache-maven-3.8.6\bin;D:\study\nodejs;D:\study\Python\python\Scripts\;D:\study\Python\python\;C:\Users\31055\AppData\Local\Microsoft\WindowsApps;C:\Program Files\Azure Data Studio\bin;D:\study\JDK\jdk-18_windows-x64_bin\bin;D:\study\JDK\jdk-18_windows-x64_bin\jre\bin;&mysql_home%;&mysql_home%\bin;D:\study\Python\pycharm\PyCharm Community Edition 2022.2.1\bin;;D:\Environment\nodejs\node_global;C:\Users\31055\AppData\Roaming\npm;
USERNAME=31055
OS=Windows_NT
PROCESSOR_IDENTIFIER=Intel64 Family 6 Model 165 Stepping 2, GenuineIntel



---------------  S Y S T E M  ---------------

OS:
 Windows 10 , 64 bit Build 19041 (10.0.19041.2913)
OS uptime: 0 days 8:24 hours

CPU: total 16 (initial active 16) (8 cores per cpu, 2 threads per core) family 6 model 165 stepping 2 microcode 0xc8, cx8, cmov, fxsr, ht, mmx, 3dnowpref, sse, sse2, sse3, ssse3, sse4.1, sse4.2, popcnt, lzcnt, tsc, tscinvbit, avx, avx2, aes, erms, clmul, bmi1, bmi2, adx, fma, vzeroupper, clflush, clflushopt

Memory: 4k page, system-wide physical 16250M (2386M free)
TotalPageFile size 22394M (AvailPageFile size 5M)
current process WorkingSet (physical memory assigned to process): 101M, peak: 101M
current process commit charge ("private bytes"): 377M, peak: 377M

vm_info: Java HotSpot(TM) 64-Bit Server VM (17.0.1+12-LTS-39) for windows-amd64 JRE (17.0.1+12-LTS-39), built on Sep 27 2021 18:41:35 by "mach5one" with MS VC++ 16.8 (VS2019)

END.
