#
# There is insufficient memory for the Java Runtime Environment to continue.
# Native memory allocation (mmap) failed to map 65536 bytes for Failed to commit metaspace.
# Possible reasons:
#   The system is out of physical RAM or swap space
#   The process is running with CompressedOops enabled, and the Java Heap may be blocking the growth of the native heap
# Possible solutions:
#   Reduce memory load on the system
#   Increase physical memory or swap space
#   Check if swap backing store is full
#   Decrease Java heap size (-Xmx/-Xms)
#   Decrease number of Java threads
#   Decrease Java thread stack sizes (-Xss)
#   Set larger code cache with -XX:ReservedCodeCacheSize=
#   JVM is running with Zero Based Compressed Oops mode in which the Java heap is
#     placed in the first 32GB address space. The Java Heap base address is the
#     maximum limit for the native heap growth. Please use -XX:HeapBaseMinAddress
#     to set the Java Heap base and to place the Java Heap above 32GB virtual address.
# This output file may be truncated or incomplete.
#
#  Out of Memory Error (virtualSpaceNode.cpp:110), pid=21656, tid=19628
#
# JRE version: Java(TM) SE Runtime Environment (17.0.1+12) (build 17.0.1+12-LTS-39)
# Java VM: Java HotSpot(TM) 64-Bit Server VM (17.0.1+12-LTS-39, mixed mode, emulated-client, sharing, tiered, compressed oops, compressed class ptrs, g1 gc, windows-amd64)
# No core dump will be written. Minidumps are not enabled by default on client versions of Windows
#

---------------  S U M M A R Y ------------

Command Line: -XX:TieredStopAtLevel=1 -Xverify:none -Dspring.output.ansi.enabled=always -Dcom.sun.management.jmxremote -Dspring.jmx.enabled=true -Dspring.liveBeansView.mbeanDomain -Dspring.application.admin.enabled=true -javaagent:D:\study\IDEA\IntelliJ IDEA 2022.1.1\lib\idea_rt.jar=61817:D:\study\IDEA\IntelliJ IDEA 2022.1.1\bin -Dfile.encoding=GBK com.eleadmin.EleAdminApplication

Host: Intel(R) Core(TM) i7-10875H CPU @ 2.30GHz, 16 cores, 15G,  Windows 10 , 64 bit Build 19041 (10.0.19041.2913)
Time: Tue May 23 16:24:14 2023  Windows 10 , 64 bit Build 19041 (10.0.19041.2913) elapsed time: 1.640464 seconds (0d 0h 0m 1s)

---------------  T H R E A D  ---------------

Current thread (0x00000236d26f38c0):  JavaThread "background-preinit" [_thread_in_vm, id=19628, stack(0x0000006880b00000,0x0000006880c00000)]

Stack: [0x0000006880b00000,0x0000006880c00000]
Native frames: (J=compiled Java code, j=interpreted, Vv=VM code, C=native code)
V  [jvm.dll+0x66fa1a]
V  [jvm.dll+0x7ce5a4]
V  [jvm.dll+0x7cfd4e]
V  [jvm.dll+0x7d03b3]
V  [jvm.dll+0x242b05]
V  [jvm.dll+0x7ca54b]
V  [jvm.dll+0x615b76]
V  [jvm.dll+0x1be19e]
V  [jvm.dll+0x6184b1]
V  [jvm.dll+0x616516]
V  [jvm.dll+0x620187]
V  [jvm.dll+0x1e7dcb]
V  [jvm.dll+0x1e8305]
V  [jvm.dll+0x1e8d3f]
V  [jvm.dll+0x1de1f1]
V  [jvm.dll+0x537690]
V  [jvm.dll+0x7496c8]
V  [jvm.dll+0x7497b4]
V  [jvm.dll+0x408995]
V  [jvm.dll+0x40e9e8]
C  [java.dll+0x17ec]

Java frames: (J=compiled Java code, j=interpreted, Vv=VM code)
J 1312  java.lang.ClassLoader.defineClass1(Ljava/lang/ClassLoader;Ljava/lang/String;[BIILjava/security/ProtectionDomain;Ljava/lang/String;)Ljava/lang/Class; java.base@17.0.1 (0 bytes) @ 0x00000236c134cc63 [0x00000236c134cba0+0x00000000000000c3]
J 1346 c1 java.lang.ClassLoader.defineClass(Ljava/lang/String;[BIILjava/security/ProtectionDomain;)Ljava/lang/Class; java.base@17.0.1 (43 bytes) @ 0x00000236c135fa6c [0x00000236c135f960+0x000000000000010c]
J 1335 c1 jdk.internal.loader.BuiltinClassLoader.defineClass(Ljava/lang/String;Ljdk/internal/loader/Resource;)Ljava/lang/Class; java.base@17.0.1 (121 bytes) @ 0x00000236c135bcf4 [0x00000236c135b820+0x00000000000004d4]
J 1321 c1 jdk.internal.loader.BuiltinClassLoader.findClassOnClassPathOrNull(Ljava/lang/String;)Ljava/lang/Class; java.base@17.0.1 (64 bytes) @ 0x00000236c13539c4 [0x00000236c1353700+0x00000000000002c4]
J 1161 c1 jdk.internal.loader.BuiltinClassLoader.loadClassOrNull(Ljava/lang/String;Z)Ljava/lang/Class; java.base@17.0.1 (143 bytes) @ 0x00000236c1311d84 [0x00000236c1311900+0x0000000000000484]
J 1254 c1 jdk.internal.loader.ClassLoaders$AppClassLoader.loadClass(Ljava/lang/String;Z)Ljava/lang/Class; java.base@17.0.1 (40 bytes) @ 0x00000236c1331c2c [0x00000236c1331ae0+0x000000000000014c]
J 1249 c1 java.lang.ClassLoader.loadClass(Ljava/lang/String;)Ljava/lang/Class; java.base@17.0.1 (7 bytes) @ 0x00000236c1330a64 [0x00000236c1330a20+0x0000000000000044]
v  ~StubRoutines::call_stub
J 1312  java.lang.ClassLoader.defineClass1(Ljava/lang/ClassLoader;Ljava/lang/String;[BIILjava/security/ProtectionDomain;Ljava/lang/String;)Ljava/lang/Class; java.base@17.0.1 (0 bytes) @ 0x00000236c134cc63 [0x00000236c134cba0+0x00000000000000c3]
J 1346 c1 java.lang.ClassLoader.defineClass(Ljava/lang/String;[BIILjava/security/ProtectionDomain;)Ljava/lang/Class; java.base@17.0.1 (43 bytes) @ 0x00000236c135fa6c [0x00000236c135f960+0x000000000000010c]
J 1335 c1 jdk.internal.loader.BuiltinClassLoader.defineClass(Ljava/lang/String;Ljdk/internal/loader/Resource;)Ljava/lang/Class; java.base@17.0.1 (121 bytes) @ 0x00000236c135bcf4 [0x00000236c135b820+0x00000000000004d4]
J 1321 c1 jdk.internal.loader.BuiltinClassLoader.findClassOnClassPathOrNull(Ljava/lang/String;)Ljava/lang/Class; java.base@17.0.1 (64 bytes) @ 0x00000236c13539c4 [0x00000236c1353700+0x00000000000002c4]
J 1161 c1 jdk.internal.loader.BuiltinClassLoader.loadClassOrNull(Ljava/lang/String;Z)Ljava/lang/Class; java.base@17.0.1 (143 bytes) @ 0x00000236c1311d84 [0x00000236c1311900+0x0000000000000484]
J 1254 c1 jdk.internal.loader.ClassLoaders$AppClassLoader.loadClass(Ljava/lang/String;Z)Ljava/lang/Class; java.base@17.0.1 (40 bytes) @ 0x00000236c1331c2c [0x00000236c1331ae0+0x000000000000014c]
J 1249 c1 java.lang.ClassLoader.loadClass(Ljava/lang/String;)Ljava/lang/Class; java.base@17.0.1 (7 bytes) @ 0x00000236c1330a64 [0x00000236c1330a20+0x0000000000000044]
v  ~StubRoutines::call_stub
J 1312  java.lang.ClassLoader.defineClass1(Ljava/lang/ClassLoader;Ljava/lang/String;[BIILjava/security/ProtectionDomain;Ljava/lang/String;)Ljava/lang/Class; java.base@17.0.1 (0 bytes) @ 0x00000236c134cc63 [0x00000236c134cba0+0x00000000000000c3]
J 1346 c1 java.lang.ClassLoader.defineClass(Ljava/lang/String;[BIILjava/security/ProtectionDomain;)Ljava/lang/Class; java.base@17.0.1 (43 bytes) @ 0x00000236c135fa6c [0x00000236c135f960+0x000000000000010c]
J 1335 c1 jdk.internal.loader.BuiltinClassLoader.defineClass(Ljava/lang/String;Ljdk/internal/loader/Resource;)Ljava/lang/Class; java.base@17.0.1 (121 bytes) @ 0x00000236c135bcf4 [0x00000236c135b820+0x00000000000004d4]
J 1321 c1 jdk.internal.loader.BuiltinClassLoader.findClassOnClassPathOrNull(Ljava/lang/String;)Ljava/lang/Class; java.base@17.0.1 (64 bytes) @ 0x00000236c13539c4 [0x00000236c1353700+0x00000000000002c4]
J 1161 c1 jdk.internal.loader.BuiltinClassLoader.loadClassOrNull(Ljava/lang/String;Z)Ljava/lang/Class; java.base@17.0.1 (143 bytes) @ 0x00000236c1311d84 [0x00000236c1311900+0x0000000000000484]
J 1254 c1 jdk.internal.loader.ClassLoaders$AppClassLoader.loadClass(Ljava/lang/String;Z)Ljava/lang/Class; java.base@17.0.1 (40 bytes) @ 0x00000236c1331c2c [0x00000236c1331ae0+0x000000000000014c]
J 1249 c1 java.lang.ClassLoader.loadClass(Ljava/lang/String;)Ljava/lang/Class; java.base@17.0.1 (7 bytes) @ 0x00000236c1330a64 [0x00000236c1330a20+0x0000000000000044]
v  ~StubRoutines::call_stub
j  com.fasterxml.jackson.databind.ObjectMapper.<init>(Lcom/fasterxml/jackson/core/JsonFactory;Lcom/fasterxml/jackson/databind/ser/DefaultSerializerProvider;Lcom/fasterxml/jackson/databind/deser/DefaultDeserializationContext;)V+254
j  com.fasterxml.jackson.databind.ObjectMapper.<init>()V+4
j  org.springframework.http.converter.json.Jackson2ObjectMapperBuilder.build()Lcom/fasterxml/jackson/databind/ObjectMapper;+83
j  org.springframework.http.converter.json.MappingJackson2HttpMessageConverter.<init>()V+4
j  org.springframework.http.converter.support.AllEncompassingFormHttpMessageConverter.<init>()V+59
j  org.springframework.boot.autoconfigure.BackgroundPreinitializer$MessageConverterInitializer.run()V+4
j  org.springframework.boot.autoconfigure.BackgroundPreinitializer$1.runSafely(Ljava/lang/Runnable;)V+1
j  org.springframework.boot.autoconfigure.BackgroundPreinitializer$1.run()V+33
j  java.lang.Thread.run()V+11 java.base@17.0.1
v  ~StubRoutines::call_stub

---------------  P R O C E S S  ---------------

Threads class SMR info:
_java_thread_list=0x00000236d2843270, length=22, elements={
0x00000236b9624c20, 0x00000236d0be6160, 0x00000236d0be6fd0, 0x00000236d14680c0,
0x00000236d1468d40, 0x00000236d146c710, 0x00000236d146d0c0, 0x00000236d146da70,
0x00000236d1471960, 0x00000236d0bcb880, 0x00000236d1610fa0, 0x00000236d1613570,
0x00000236d1c9cd30, 0x00000236d1c9d200, 0x00000236d1da0980, 0x00000236d196a850,
0x00000236d1f19fe0, 0x00000236d2056540, 0x00000236d20377e0, 0x00000236d2550080,
0x00000236d203a600, 0x00000236d26f38c0
}

Java Threads: ( => current thread )
  0x00000236b9624c20 JavaThread "main" [_thread_blocked, id=22340, stack(0x00000068fe500000,0x00000068fe600000)]
  0x00000236d0be6160 JavaThread "Reference Handler" daemon [_thread_blocked, id=13872, stack(0x00000068fec00000,0x00000068fed00000)]
  0x00000236d0be6fd0 JavaThread "Finalizer" daemon [_thread_blocked, id=19468, stack(0x00000068fed00000,0x00000068fee00000)]
  0x00000236d14680c0 JavaThread "Signal Dispatcher" daemon [_thread_blocked, id=21548, stack(0x00000068fee00000,0x00000068fef00000)]
  0x00000236d1468d40 JavaThread "Attach Listener" daemon [_thread_blocked, id=7284, stack(0x00000068fef00000,0x00000068ff000000)]
  0x00000236d146c710 JavaThread "Service Thread" daemon [_thread_blocked, id=14908, stack(0x00000068ff000000,0x00000068ff100000)]
  0x00000236d146d0c0 JavaThread "Monitor Deflation Thread" daemon [_thread_blocked, id=9532, stack(0x00000068ff100000,0x00000068ff200000)]
  0x00000236d146da70 JavaThread "C1 CompilerThread0" daemon [_thread_blocked, id=5684, stack(0x00000068ff200000,0x00000068ff300000)]
  0x00000236d1471960 JavaThread "Sweeper thread" daemon [_thread_blocked, id=604, stack(0x00000068ff300000,0x00000068ff400000)]
  0x00000236d0bcb880 JavaThread "Common-Cleaner" daemon [_thread_blocked, id=8828, stack(0x00000068ff400000,0x00000068ff500000)]
  0x00000236d1610fa0 JavaThread "C1 CompilerThread1" daemon [_thread_blocked, id=22820, stack(0x00000068ff500000,0x00000068ff600000)]
  0x00000236d1613570 JavaThread "C1 CompilerThread2" daemon [_thread_blocked, id=16960, stack(0x00000068ff600000,0x00000068ff700000)]
  0x00000236d1c9cd30 JavaThread "Monitor Ctrl-Break" daemon [_thread_in_native, id=20408, stack(0x00000068ff700000,0x00000068ff800000)]
  0x00000236d1c9d200 JavaThread "Notification Thread" daemon [_thread_blocked, id=9960, stack(0x00000068ff800000,0x00000068ff900000)]
  0x00000236d1da0980 JavaThread "C1 CompilerThread3" daemon [_thread_blocked, id=20284, stack(0x00000068ff900000,0x00000068ffa00000)]
  0x00000236d196a850 JavaThread "RMI TCP Accept-0" daemon [_thread_in_native, id=17716, stack(0x00000068ffa00000,0x00000068ffb00000)]
  0x00000236d1f19fe0 JavaThread "C1 CompilerThread4" daemon [_thread_blocked, id=15892, stack(0x00000068ffc00000,0x00000068ffd00000)]
  0x00000236d2056540 JavaThread "RMI TCP Connection(1)-192.168.137.1" daemon [_thread_in_native, id=17856, stack(0x0000006880400000,0x0000006880500000)]
  0x00000236d20377e0 JavaThread "RMI Scheduler(0)" daemon [_thread_blocked, id=8496, stack(0x0000006880500000,0x0000006880600000)]
  0x00000236d2550080 JavaThread "Thread-0" [_thread_blocked, id=1976, stack(0x0000006880700000,0x0000006880800000)]
  0x00000236d203a600 JavaThread "restartedMain" [_thread_in_vm, id=20344, stack(0x0000006880600000,0x0000006880700000)]
=>0x00000236d26f38c0 JavaThread "background-preinit" [_thread_in_vm, id=19628, stack(0x0000006880b00000,0x0000006880c00000)]

Other Threads:
  0x00000236d0bda130 VMThread "VM Thread" [stack: 0x00000068feb00000,0x00000068fec00000] [id=14676]
  0x00000236d196baf0 WatcherThread [stack: 0x00000068ffb00000,0x00000068ffc00000] [id=21604]
  0x00000236b9674c90 GCTaskThread "GC Thread#0" [stack: 0x00000068fe600000,0x00000068fe700000] [id=22952]
  0x00000236d1f614c0 GCTaskThread "GC Thread#1" [stack: 0x00000068ffd00000,0x00000068ffe00000] [id=22548]
  0x00000236d1f61770 GCTaskThread "GC Thread#2" [stack: 0x00000068ffe00000,0x00000068fff00000] [id=15840]
  0x00000236d1f61a20 GCTaskThread "GC Thread#3" [stack: 0x00000068fff00000,0x0000006900000000] [id=20236]
  0x00000236d1f61cd0 GCTaskThread "GC Thread#4" [stack: 0x0000006880000000,0x0000006880100000] [id=19648]
  0x00000236d1f5d570 GCTaskThread "GC Thread#5" [stack: 0x0000006880100000,0x0000006880200000] [id=18660]
  0x00000236d1f86640 GCTaskThread "GC Thread#6" [stack: 0x0000006880200000,0x0000006880300000] [id=12348]
  0x00000236d1f86d00 GCTaskThread "GC Thread#7" [stack: 0x0000006880300000,0x0000006880400000] [id=22696]
  0x00000236d25582e0 GCTaskThread "GC Thread#8" [stack: 0x0000006880800000,0x0000006880900000] [id=13468]
  0x00000236d2582410 GCTaskThread "GC Thread#9" [stack: 0x0000006880900000,0x0000006880a00000] [id=2932]
  0x00000236d205ec10 GCTaskThread "GC Thread#10" [stack: 0x0000006880a00000,0x0000006880b00000] [id=22020]
  0x00000236b96859d0 ConcurrentGCThread "G1 Main Marker" [stack: 0x00000068fe700000,0x00000068fe800000] [id=21248]
  0x00000236b9686b80 ConcurrentGCThread "G1 Conc#0" [stack: 0x00000068fe800000,0x00000068fe900000] [id=13460]
  0x00000236b96ed930 ConcurrentGCThread "G1 Refine#0" [stack: 0x00000068fe900000,0x00000068fea00000] [id=22148]
  0x00000236b96ee350 ConcurrentGCThread "G1 Service" [stack: 0x00000068fea00000,0x00000068feb00000] [id=20000]

Threads with active compile tasks:

VM state: not at safepoint (normal execution)

VM Mutex/Monitor currently owned by a thread:  ([mutex/lock_event])
[0x00000236b961d940] Metaspace_lock - owner thread: 0x00000236d26f38c0

Heap address: 0x0000000702000000, size: 4064 MB, Compressed Oops mode: Zero based, Oop shift amount: 3

CDS archive(s) mapped at: [0x0000000800000000-0x0000000800bc0000-0x0000000800bc0000), size 12320768, SharedBaseAddress: 0x0000000800000000, ArchiveRelocationMode: 0.
Compressed class space mapped at: 0x0000000800c00000-0x0000000840c00000, reserved size: 1073741824
Narrow klass base: 0x0000000800000000, Narrow klass shift: 0, Narrow klass range: 0x100000000

GC Precious Log:
 CPUs: 16 total, 16 available
 Memory: 16250M
 Large Page Support: Disabled
 NUMA Support: Disabled
 Compressed Oops: Enabled (Zero based)
 Heap Region Size: 2M
 Heap Min Capacity: 8M
 Heap Initial Capacity: 254M
 Heap Max Capacity: 4064M
 Pre-touch: Disabled
 Parallel Workers: 13
 Concurrent Workers: 3
 Concurrent Refinement Workers: 13
 Periodic GC: Disabled

Heap:
 garbage-first heap   total 260096K, used 39797K [0x0000000702000000, 0x0000000800000000)
  region size 2048K, 16 young (32768K), 1 survivors (2048K)
 Metaspace       used 14204K, committed 14400K, reserved 1064960K
  class space    used 1896K, committed 1984K, reserved 1048576K

Heap Regions: E=young(eden), S=young(survivor), O=old, HS=humongous(starts), HC=humongous(continues), CS=collection set, F=free, OA=open archive, CA=closed archive, TAMS=top-at-mark-start (previous, next)
|   0|0x0000000702000000, 0x0000000702200000, 0x0000000702200000|100%| O|  |TAMS 0x0000000702000000, 0x0000000702000000| Untracked 
|   1|0x0000000702200000, 0x0000000702400000, 0x0000000702400000|100%| O|  |TAMS 0x0000000702200000, 0x0000000702200000| Untracked 
|   2|0x0000000702400000, 0x0000000702600000, 0x0000000702600000|100%| O|  |TAMS 0x0000000702400000, 0x0000000702400000| Untracked 
|   3|0x0000000702600000, 0x0000000702800000, 0x0000000702800000|100%| O|  |TAMS 0x0000000702600000, 0x0000000702600000| Untracked 
|   4|0x0000000702800000, 0x00000007029bbe00, 0x0000000702a00000| 86%| O|  |TAMS 0x0000000702800000, 0x0000000702800000| Untracked 
|   5|0x0000000702a00000, 0x0000000702a00000, 0x0000000702c00000|  0%| F|  |TAMS 0x0000000702a00000, 0x0000000702a00000| Untracked 
|   6|0x0000000702c00000, 0x0000000702c00000, 0x0000000702e00000|  0%| F|  |TAMS 0x0000000702c00000, 0x0000000702c00000| Untracked 
|   7|0x0000000702e00000, 0x0000000702e00000, 0x0000000703000000|  0%| F|  |TAMS 0x0000000702e00000, 0x0000000702e00000| Untracked 
|   8|0x0000000703000000, 0x0000000703000000, 0x0000000703200000|  0%| F|  |TAMS 0x0000000703000000, 0x0000000703000000| Untracked 
|   9|0x0000000703200000, 0x0000000703200000, 0x0000000703400000|  0%| F|  |TAMS 0x0000000703200000, 0x0000000703200000| Untracked 
|  10|0x0000000703400000, 0x0000000703400000, 0x0000000703600000|  0%| F|  |TAMS 0x0000000703400000, 0x0000000703400000| Untracked 
|  11|0x0000000703600000, 0x0000000703600000, 0x0000000703800000|  0%| F|  |TAMS 0x0000000703600000, 0x0000000703600000| Untracked 
|  12|0x0000000703800000, 0x0000000703800000, 0x0000000703a00000|  0%| F|  |TAMS 0x0000000703800000, 0x0000000703800000| Untracked 
|  13|0x0000000703a00000, 0x0000000703a00000, 0x0000000703c00000|  0%| F|  |TAMS 0x0000000703a00000, 0x0000000703a00000| Untracked 
|  14|0x0000000703c00000, 0x0000000703c00000, 0x0000000703e00000|  0%| F|  |TAMS 0x0000000703c00000, 0x0000000703c00000| Untracked 
|  15|0x0000000703e00000, 0x0000000703e00000, 0x0000000704000000|  0%| F|  |TAMS 0x0000000703e00000, 0x0000000703e00000| Untracked 
|  16|0x0000000704000000, 0x0000000704000000, 0x0000000704200000|  0%| F|  |TAMS 0x0000000704000000, 0x0000000704000000| Untracked 
|  17|0x0000000704200000, 0x0000000704200000, 0x0000000704400000|  0%| F|  |TAMS 0x0000000704200000, 0x0000000704200000| Untracked 
|  18|0x0000000704400000, 0x0000000704400000, 0x0000000704600000|  0%| F|  |TAMS 0x0000000704400000, 0x0000000704400000| Untracked 
|  19|0x0000000704600000, 0x0000000704600000, 0x0000000704800000|  0%| F|  |TAMS 0x0000000704600000, 0x0000000704600000| Untracked 
|  20|0x0000000704800000, 0x0000000704800000, 0x0000000704a00000|  0%| F|  |TAMS 0x0000000704800000, 0x0000000704800000| Untracked 
|  21|0x0000000704a00000, 0x0000000704a00000, 0x0000000704c00000|  0%| F|  |TAMS 0x0000000704a00000, 0x0000000704a00000| Untracked 
|  22|0x0000000704c00000, 0x0000000704c00000, 0x0000000704e00000|  0%| F|  |TAMS 0x0000000704c00000, 0x0000000704c00000| Untracked 
|  23|0x0000000704e00000, 0x0000000704e00000, 0x0000000705000000|  0%| F|  |TAMS 0x0000000704e00000, 0x0000000704e00000| Untracked 
|  24|0x0000000705000000, 0x0000000705000000, 0x0000000705200000|  0%| F|  |TAMS 0x0000000705000000, 0x0000000705000000| Untracked 
|  25|0x0000000705200000, 0x0000000705200000, 0x0000000705400000|  0%| F|  |TAMS 0x0000000705200000, 0x0000000705200000| Untracked 
|  26|0x0000000705400000, 0x0000000705400000, 0x0000000705600000|  0%| F|  |TAMS 0x0000000705400000, 0x0000000705400000| Untracked 
|  27|0x0000000705600000, 0x0000000705600000, 0x0000000705800000|  0%| F|  |TAMS 0x0000000705600000, 0x0000000705600000| Untracked 
|  28|0x0000000705800000, 0x0000000705800000, 0x0000000705a00000|  0%| F|  |TAMS 0x0000000705800000, 0x0000000705800000| Untracked 
|  29|0x0000000705a00000, 0x0000000705a00000, 0x0000000705c00000|  0%| F|  |TAMS 0x0000000705a00000, 0x0000000705a00000| Untracked 
|  30|0x0000000705c00000, 0x0000000705c00000, 0x0000000705e00000|  0%| F|  |TAMS 0x0000000705c00000, 0x0000000705c00000| Untracked 
|  31|0x0000000705e00000, 0x0000000705e00000, 0x0000000706000000|  0%| F|  |TAMS 0x0000000705e00000, 0x0000000705e00000| Untracked 
|  32|0x0000000706000000, 0x0000000706000000, 0x0000000706200000|  0%| F|  |TAMS 0x0000000706000000, 0x0000000706000000| Untracked 
|  33|0x0000000706200000, 0x0000000706200000, 0x0000000706400000|  0%| F|  |TAMS 0x0000000706200000, 0x0000000706200000| Untracked 
|  34|0x0000000706400000, 0x0000000706400000, 0x0000000706600000|  0%| F|  |TAMS 0x0000000706400000, 0x0000000706400000| Untracked 
|  35|0x0000000706600000, 0x0000000706600000, 0x0000000706800000|  0%| F|  |TAMS 0x0000000706600000, 0x0000000706600000| Untracked 
|  36|0x0000000706800000, 0x0000000706800000, 0x0000000706a00000|  0%| F|  |TAMS 0x0000000706800000, 0x0000000706800000| Untracked 
|  37|0x0000000706a00000, 0x0000000706a00000, 0x0000000706c00000|  0%| F|  |TAMS 0x0000000706a00000, 0x0000000706a00000| Untracked 
|  38|0x0000000706c00000, 0x0000000706c00000, 0x0000000706e00000|  0%| F|  |TAMS 0x0000000706c00000, 0x0000000706c00000| Untracked 
|  39|0x0000000706e00000, 0x0000000706e00000, 0x0000000707000000|  0%| F|  |TAMS 0x0000000706e00000, 0x0000000706e00000| Untracked 
|  40|0x0000000707000000, 0x0000000707000000, 0x0000000707200000|  0%| F|  |TAMS 0x0000000707000000, 0x0000000707000000| Untracked 
|  41|0x0000000707200000, 0x0000000707200000, 0x0000000707400000|  0%| F|  |TAMS 0x0000000707200000, 0x0000000707200000| Untracked 
|  42|0x0000000707400000, 0x0000000707400000, 0x0000000707600000|  0%| F|  |TAMS 0x0000000707400000, 0x0000000707400000| Untracked 
|  43|0x0000000707600000, 0x0000000707600000, 0x0000000707800000|  0%| F|  |TAMS 0x0000000707600000, 0x0000000707600000| Untracked 
|  44|0x0000000707800000, 0x0000000707800000, 0x0000000707a00000|  0%| F|  |TAMS 0x0000000707800000, 0x0000000707800000| Untracked 
|  45|0x0000000707a00000, 0x0000000707a00000, 0x0000000707c00000|  0%| F|  |TAMS 0x0000000707a00000, 0x0000000707a00000| Untracked 
|  46|0x0000000707c00000, 0x0000000707c00000, 0x0000000707e00000|  0%| F|  |TAMS 0x0000000707c00000, 0x0000000707c00000| Untracked 
|  47|0x0000000707e00000, 0x0000000707e00000, 0x0000000708000000|  0%| F|  |TAMS 0x0000000707e00000, 0x0000000707e00000| Untracked 
|  48|0x0000000708000000, 0x0000000708000000, 0x0000000708200000|  0%| F|  |TAMS 0x0000000708000000, 0x0000000708000000| Untracked 
|  49|0x0000000708200000, 0x0000000708200000, 0x0000000708400000|  0%| F|  |TAMS 0x0000000708200000, 0x0000000708200000| Untracked 
|  50|0x0000000708400000, 0x0000000708400000, 0x0000000708600000|  0%| F|  |TAMS 0x0000000708400000, 0x0000000708400000| Untracked 
|  51|0x0000000708600000, 0x0000000708600000, 0x0000000708800000|  0%| F|  |TAMS 0x0000000708600000, 0x0000000708600000| Untracked 
|  52|0x0000000708800000, 0x0000000708800000, 0x0000000708a00000|  0%| F|  |TAMS 0x0000000708800000, 0x0000000708800000| Untracked 
|  53|0x0000000708a00000, 0x0000000708a00000, 0x0000000708c00000|  0%| F|  |TAMS 0x0000000708a00000, 0x0000000708a00000| Untracked 
|  54|0x0000000708c00000, 0x0000000708c00000, 0x0000000708e00000|  0%| F|  |TAMS 0x0000000708c00000, 0x0000000708c00000| Untracked 
|  55|0x0000000708e00000, 0x0000000708e00000, 0x0000000709000000|  0%| F|  |TAMS 0x0000000708e00000, 0x0000000708e00000| Untracked 
|  56|0x0000000709000000, 0x0000000709000000, 0x0000000709200000|  0%| F|  |TAMS 0x0000000709000000, 0x0000000709000000| Untracked 
|  57|0x0000000709200000, 0x0000000709200000, 0x0000000709400000|  0%| F|  |TAMS 0x0000000709200000, 0x0000000709200000| Untracked 
|  58|0x0000000709400000, 0x0000000709400000, 0x0000000709600000|  0%| F|  |TAMS 0x0000000709400000, 0x0000000709400000| Untracked 
|  59|0x0000000709600000, 0x0000000709600000, 0x0000000709800000|  0%| F|  |TAMS 0x0000000709600000, 0x0000000709600000| Untracked 
|  60|0x0000000709800000, 0x0000000709800000, 0x0000000709a00000|  0%| F|  |TAMS 0x0000000709800000, 0x0000000709800000| Untracked 
|  61|0x0000000709a00000, 0x0000000709a00000, 0x0000000709c00000|  0%| F|  |TAMS 0x0000000709a00000, 0x0000000709a00000| Untracked 
|  62|0x0000000709c00000, 0x0000000709c00000, 0x0000000709e00000|  0%| F|  |TAMS 0x0000000709c00000, 0x0000000709c00000| Untracked 
|  63|0x0000000709e00000, 0x0000000709e00000, 0x000000070a000000|  0%| F|  |TAMS 0x0000000709e00000, 0x0000000709e00000| Untracked 
|  64|0x000000070a000000, 0x000000070a000000, 0x000000070a200000|  0%| F|  |TAMS 0x000000070a000000, 0x000000070a000000| Untracked 
|  65|0x000000070a200000, 0x000000070a200000, 0x000000070a400000|  0%| F|  |TAMS 0x000000070a200000, 0x000000070a200000| Untracked 
|  66|0x000000070a400000, 0x000000070a400000, 0x000000070a600000|  0%| F|  |TAMS 0x000000070a400000, 0x000000070a400000| Untracked 
|  67|0x000000070a600000, 0x000000070a600000, 0x000000070a800000|  0%| F|  |TAMS 0x000000070a600000, 0x000000070a600000| Untracked 
|  68|0x000000070a800000, 0x000000070a800000, 0x000000070aa00000|  0%| F|  |TAMS 0x000000070a800000, 0x000000070a800000| Untracked 
|  69|0x000000070aa00000, 0x000000070aa00000, 0x000000070ac00000|  0%| F|  |TAMS 0x000000070aa00000, 0x000000070aa00000| Untracked 
|  70|0x000000070ac00000, 0x000000070ac00000, 0x000000070ae00000|  0%| F|  |TAMS 0x000000070ac00000, 0x000000070ac00000| Untracked 
|  71|0x000000070ae00000, 0x000000070ae00000, 0x000000070b000000|  0%| F|  |TAMS 0x000000070ae00000, 0x000000070ae00000| Untracked 
|  72|0x000000070b000000, 0x000000070b000000, 0x000000070b200000|  0%| F|  |TAMS 0x000000070b000000, 0x000000070b000000| Untracked 
|  73|0x000000070b200000, 0x000000070b200000, 0x000000070b400000|  0%| F|  |TAMS 0x000000070b200000, 0x000000070b200000| Untracked 
|  74|0x000000070b400000, 0x000000070b400000, 0x000000070b600000|  0%| F|  |TAMS 0x000000070b400000, 0x000000070b400000| Untracked 
|  75|0x000000070b600000, 0x000000070b600000, 0x000000070b800000|  0%| F|  |TAMS 0x000000070b600000, 0x000000070b600000| Untracked 
|  76|0x000000070b800000, 0x000000070b800000, 0x000000070ba00000|  0%| F|  |TAMS 0x000000070b800000, 0x000000070b800000| Untracked 
|  77|0x000000070ba00000, 0x000000070ba00000, 0x000000070bc00000|  0%| F|  |TAMS 0x000000070ba00000, 0x000000070ba00000| Untracked 
|  78|0x000000070bc00000, 0x000000070bc00000, 0x000000070be00000|  0%| F|  |TAMS 0x000000070bc00000, 0x000000070bc00000| Untracked 
|  79|0x000000070be00000, 0x000000070be00000, 0x000000070c000000|  0%| F|  |TAMS 0x000000070be00000, 0x000000070be00000| Untracked 
|  80|0x000000070c000000, 0x000000070c000000, 0x000000070c200000|  0%| F|  |TAMS 0x000000070c000000, 0x000000070c000000| Untracked 
|  81|0x000000070c200000, 0x000000070c200000, 0x000000070c400000|  0%| F|  |TAMS 0x000000070c200000, 0x000000070c200000| Untracked 
|  82|0x000000070c400000, 0x000000070c400000, 0x000000070c600000|  0%| F|  |TAMS 0x000000070c400000, 0x000000070c400000| Untracked 
|  83|0x000000070c600000, 0x000000070c600000, 0x000000070c800000|  0%| F|  |TAMS 0x000000070c600000, 0x000000070c600000| Untracked 
|  84|0x000000070c800000, 0x000000070c800000, 0x000000070ca00000|  0%| F|  |TAMS 0x000000070c800000, 0x000000070c800000| Untracked 
|  85|0x000000070ca00000, 0x000000070ca00000, 0x000000070cc00000|  0%| F|  |TAMS 0x000000070ca00000, 0x000000070ca00000| Untracked 
|  86|0x000000070cc00000, 0x000000070cc00000, 0x000000070ce00000|  0%| F|  |TAMS 0x000000070cc00000, 0x000000070cc00000| Untracked 
|  87|0x000000070ce00000, 0x000000070ce00000, 0x000000070d000000|  0%| F|  |TAMS 0x000000070ce00000, 0x000000070ce00000| Untracked 
|  88|0x000000070d000000, 0x000000070d000000, 0x000000070d200000|  0%| F|  |TAMS 0x000000070d000000, 0x000000070d000000| Untracked 
|  89|0x000000070d200000, 0x000000070d200000, 0x000000070d400000|  0%| F|  |TAMS 0x000000070d200000, 0x000000070d200000| Untracked 
|  90|0x000000070d400000, 0x000000070d400000, 0x000000070d600000|  0%| F|  |TAMS 0x000000070d400000, 0x000000070d400000| Untracked 
|  91|0x000000070d600000, 0x000000070d600000, 0x000000070d800000|  0%| F|  |TAMS 0x000000070d600000, 0x000000070d600000| Untracked 
|  92|0x000000070d800000, 0x000000070d800000, 0x000000070da00000|  0%| F|  |TAMS 0x000000070d800000, 0x000000070d800000| Untracked 
|  93|0x000000070da00000, 0x000000070da00000, 0x000000070dc00000|  0%| F|  |TAMS 0x000000070da00000, 0x000000070da00000| Untracked 
|  94|0x000000070dc00000, 0x000000070dc00000, 0x000000070de00000|  0%| F|  |TAMS 0x000000070dc00000, 0x000000070dc00000| Untracked 
|  95|0x000000070de00000, 0x000000070de00000, 0x000000070e000000|  0%| F|  |TAMS 0x000000070de00000, 0x000000070de00000| Untracked 
|  96|0x000000070e000000, 0x000000070e000000, 0x000000070e200000|  0%| F|  |TAMS 0x000000070e000000, 0x000000070e000000| Untracked 
|  97|0x000000070e200000, 0x000000070e200000, 0x000000070e400000|  0%| F|  |TAMS 0x000000070e200000, 0x000000070e200000| Untracked 
|  98|0x000000070e400000, 0x000000070e400000, 0x000000070e600000|  0%| F|  |TAMS 0x000000070e400000, 0x000000070e400000| Untracked 
|  99|0x000000070e600000, 0x000000070e600000, 0x000000070e800000|  0%| F|  |TAMS 0x000000070e600000, 0x000000070e600000| Untracked 
| 100|0x000000070e800000, 0x000000070e800000, 0x000000070ea00000|  0%| F|  |TAMS 0x000000070e800000, 0x000000070e800000| Untracked 
| 101|0x000000070ea00000, 0x000000070ea00000, 0x000000070ec00000|  0%| F|  |TAMS 0x000000070ea00000, 0x000000070ea00000| Untracked 
| 102|0x000000070ec00000, 0x000000070ec00000, 0x000000070ee00000|  0%| F|  |TAMS 0x000000070ec00000, 0x000000070ec00000| Untracked 
| 103|0x000000070ee00000, 0x000000070ee00000, 0x000000070f000000|  0%| F|  |TAMS 0x000000070ee00000, 0x000000070ee00000| Untracked 
| 104|0x000000070f000000, 0x000000070f000000, 0x000000070f200000|  0%| F|  |TAMS 0x000000070f000000, 0x000000070f000000| Untracked 
| 105|0x000000070f200000, 0x000000070f200000, 0x000000070f400000|  0%| F|  |TAMS 0x000000070f200000, 0x000000070f200000| Untracked 
| 106|0x000000070f400000, 0x000000070f400000, 0x000000070f600000|  0%| F|  |TAMS 0x000000070f400000, 0x000000070f400000| Untracked 
| 107|0x000000070f600000, 0x000000070f600000, 0x000000070f800000|  0%| F|  |TAMS 0x000000070f600000, 0x000000070f600000| Untracked 
| 108|0x000000070f800000, 0x000000070f800000, 0x000000070fa00000|  0%| F|  |TAMS 0x000000070f800000, 0x000000070f800000| Untracked 
| 109|0x000000070fa00000, 0x000000070fa00000, 0x000000070fc00000|  0%| F|  |TAMS 0x000000070fa00000, 0x000000070fa00000| Untracked 
| 110|0x000000070fc00000, 0x000000070fc00000, 0x000000070fe00000|  0%| F|  |TAMS 0x000000070fc00000, 0x000000070fc00000| Untracked 
| 111|0x000000070fe00000, 0x000000070ffd1fc8, 0x0000000710000000| 91%| E|  |TAMS 0x000000070fe00000, 0x000000070fe00000| Complete 
| 112|0x0000000710000000, 0x0000000710200000, 0x0000000710200000|100%| E|CS|TAMS 0x0000000710000000, 0x0000000710000000| Complete 
| 113|0x0000000710200000, 0x0000000710400000, 0x0000000710400000|100%| E|CS|TAMS 0x0000000710200000, 0x0000000710200000| Complete 
| 114|0x0000000710400000, 0x0000000710600000, 0x0000000710600000|100%| E|CS|TAMS 0x0000000710400000, 0x0000000710400000| Complete 
| 115|0x0000000710600000, 0x0000000710800000, 0x0000000710800000|100%| E|CS|TAMS 0x0000000710600000, 0x0000000710600000| Complete 
| 116|0x0000000710800000, 0x0000000710a00000, 0x0000000710a00000|100%| E|CS|TAMS 0x0000000710800000, 0x0000000710800000| Complete 
| 117|0x0000000710a00000, 0x0000000710b21880, 0x0000000710c00000| 56%| S|CS|TAMS 0x0000000710a00000, 0x0000000710a00000| Complete 
| 118|0x0000000710c00000, 0x0000000710e00000, 0x0000000710e00000|100%| E|CS|TAMS 0x0000000710c00000, 0x0000000710c00000| Complete 
| 119|0x0000000710e00000, 0x0000000711000000, 0x0000000711000000|100%| E|CS|TAMS 0x0000000710e00000, 0x0000000710e00000| Complete 
| 120|0x0000000711000000, 0x0000000711200000, 0x0000000711200000|100%| E|CS|TAMS 0x0000000711000000, 0x0000000711000000| Complete 
| 121|0x0000000711200000, 0x0000000711400000, 0x0000000711400000|100%| E|CS|TAMS 0x0000000711200000, 0x0000000711200000| Complete 
| 122|0x0000000711400000, 0x0000000711600000, 0x0000000711600000|100%| E|CS|TAMS 0x0000000711400000, 0x0000000711400000| Complete 
| 123|0x0000000711600000, 0x0000000711800000, 0x0000000711800000|100%| E|CS|TAMS 0x0000000711600000, 0x0000000711600000| Complete 
| 124|0x0000000711800000, 0x0000000711a00000, 0x0000000711a00000|100%| E|CS|TAMS 0x0000000711800000, 0x0000000711800000| Complete 
| 125|0x0000000711a00000, 0x0000000711c00000, 0x0000000711c00000|100%| E|CS|TAMS 0x0000000711a00000, 0x0000000711a00000| Complete 
| 126|0x0000000711c00000, 0x0000000711e00000, 0x0000000711e00000|100%| E|CS|TAMS 0x0000000711c00000, 0x0000000711c00000| Complete 

Card table byte_map: [0x00000236c4c80000,0x00000236c5470000] _byte_map_base: 0x00000236c1470000

Marking Bits (Prev, Next): (CMBitMap*) 0x00000236b96752a0, (CMBitMap*) 0x00000236b96752e0
 Prev Bits: [0x00000236c5c60000, 0x00000236c9be0000)
 Next Bits: [0x00000236c9be0000, 0x00000236cdb60000)

Polling page: 0x00000236b7790000

Metaspace:

Usage:
  Non-class:     12.02 MB used.
      Class:      1.85 MB used.
       Both:     13.87 MB used.

Virtual space:
  Non-class space:       16.00 MB reserved,      12.12 MB ( 76%) committed,  2 nodes.
      Class space:        1.00 GB reserved,       1.94 MB ( <1%) committed,  1 nodes.
             Both:        1.02 GB reserved,      14.06 MB (  1%) committed. 

Chunk freelists:
   Non-Class:  3.86 MB
       Class:  2.00 MB
        Both:  5.86 MB

MaxMetaspaceSize: unlimited
CompressedClassSpaceSize: 1.00 GB
Initial GC threshold: 21.00 MB
Current GC threshold: 21.00 MB
CDS: on
MetaspaceReclaimPolicy: balanced
 - commit_granule_bytes: 65536.
 - commit_granule_words: 8192.
 - virtual_space_node_default_size: 1048576.
 - enlarge_chunks_in_place: 1.
 - new_chunks_are_fully_committed: 0.
 - uncommit_free_chunks: 1.
 - use_allocation_guard: 0.
 - handle_deallocations: 1.


Internal statistics:

num_allocs_failed_limit: 0.
num_arena_births: 286.
num_arena_deaths: 0.
num_vsnodes_births: 3.
num_vsnodes_deaths: 0.
num_space_committed: 225.
num_space_uncommitted: 0.
num_chunks_returned_to_freelist: 0.
num_chunks_taken_from_freelist: 704.
num_chunk_merges: 0.
num_chunk_splits: 441.
num_chunks_enlarged: 291.
num_purges: 0.
num_inconsistent_stats: 0.

CodeCache: size=49152Kb used=7063Kb max_used=7063Kb free=42088Kb
 bounds [0x00000236c0e20000, 0x00000236c1510000, 0x00000236c3e20000]
 total_blobs=2922 nmethods=2445 adapters=400
 compilation: enabled
              stopped_count=0, restarted_count=0
 full_count=0

Compilation events (20 events):
Event: 1.610 Thread 0x00000236d1da0980 2426       1       org.springframework.core.ResolvableType::isArray (58 bytes)
Event: 1.611 Thread 0x00000236d1da0980 nmethod 2426 0x00000236c14fe390 code [0x00000236c14fe560, 0x00000236c14fe808]
Event: 1.614 Thread 0x00000236d1da0980 2427       1       ch.qos.logback.classic.selector.DefaultContextSelector::getDefaultLoggerContext (5 bytes)
Event: 1.614 Thread 0x00000236d1da0980 nmethod 2427 0x00000236c14fe910 code [0x00000236c14feaa0, 0x00000236c14feb78]
Event: 1.615 Thread 0x00000236d1da0980 2428       1       ch.qos.logback.core.pattern.Converter::getNext (5 bytes)
Event: 1.615 Thread 0x00000236d1da0980 nmethod 2428 0x00000236c14fec10 code [0x00000236c14feda0, 0x00000236c14fee78]
Event: 1.626 Thread 0x00000236d1613570 2430       1       java.lang.invoke.LambdaFormEditor$TransformKey::packedBytes (32 bytes)
Event: 1.626 Thread 0x00000236d1da0980 2429       1       java.lang.invoke.LambdaFormEditor$TransformKey::of (49 bytes)
Event: 1.626 Thread 0x00000236d1613570 nmethod 2430 0x00000236c14fef10 code [0x00000236c14ff0a0, 0x00000236c14ff158]
Event: 1.626 Thread 0x00000236d1da0980 nmethod 2429 0x00000236c14ff210 code [0x00000236c14ff3c0, 0x00000236c14ff718]
Event: 1.628 Thread 0x00000236d1da0980 2431       1       org.springframework.core.annotation.TypeMappedAnnotations::access$100 (7 bytes)
Event: 1.628 Thread 0x00000236d1f19fe0 2432       1       org.springframework.core.annotation.TypeMappedAnnotations::isMappingForType (41 bytes)
Event: 1.628 Thread 0x00000236d1da0980 nmethod 2431 0x00000236c14ff810 code [0x00000236c14ff9a0, 0x00000236c14ffa68]
Event: 1.628 Thread 0x00000236d1da0980 2433       1       org.springframework.util.ClassUtils::resolvePrimitiveIfNecessary (37 bytes)
Event: 1.628 Thread 0x00000236d1f19fe0 nmethod 2432 0x00000236c14ffb10 code [0x00000236c14ffcc0, 0x00000236c14ffe48]
Event: 1.628 Thread 0x00000236d1da0980 nmethod 2433 0x00000236c14fff90 code [0x00000236c1500140, 0x00000236c15002f8]
Event: 1.630 Thread 0x00000236d1da0980 2434       1       sun.reflect.generics.repository.AbstractRepository::getTree (5 bytes)
Event: 1.631 Thread 0x00000236d1da0980 nmethod 2434 0x00000236c1500410 code [0x00000236c15005a0, 0x00000236c1500678]
Event: 1.631 Thread 0x00000236d1da0980 2435       1       org.springframework.core.ResolvableType::forType (17 bytes)
Event: 1.631 Thread 0x00000236d1da0980 nmethod 2435 0x00000236c1500710 code [0x00000236c15008c0, 0x00000236c1500a88]

GC Heap History (4 events):
Event: 0.929 GC heap before
{Heap before GC invocations=0 (full 0):
 garbage-first heap   total 260096K, used 20480K [0x0000000702000000, 0x0000000800000000)
  region size 2048K, 11 young (22528K), 0 survivors (0K)
 Metaspace       used 5697K, committed 5888K, reserved 1056768K
  class space    used 681K, committed 768K, reserved 1048576K
}
Event: 0.934 GC heap after
{Heap after GC invocations=1 (full 0):
 garbage-first heap   total 260096K, used 9623K [0x0000000702000000, 0x0000000800000000)
  region size 2048K, 2 young (4096K), 2 survivors (4096K)
 Metaspace       used 5697K, committed 5888K, reserved 1056768K
  class space    used 681K, committed 768K, reserved 1048576K
}
Event: 1.224 GC heap before
{Heap before GC invocations=1 (full 0):
 garbage-first heap   total 260096K, used 26007K [0x0000000702000000, 0x0000000800000000)
  region size 2048K, 11 young (22528K), 2 survivors (4096K)
 Metaspace       used 8166K, committed 8384K, reserved 1056768K
  class space    used 1031K, committed 1152K, reserved 1048576K
}
Event: 1.227 GC heap after
{Heap after GC invocations=2 (full 0):
 garbage-first heap   total 260096K, used 11125K [0x0000000702000000, 0x0000000800000000)
  region size 2048K, 1 young (2048K), 1 survivors (2048K)
 Metaspace       used 8166K, committed 8384K, reserved 1056768K
  class space    used 1031K, committed 1152K, reserved 1048576K
}

Deoptimization events (8 events):
Event: 0.386 Thread 0x00000236b9624c20 DEOPT PACKING pc=0x00000236c109bb2d sp=0x00000068fe5fe5f0
Event: 0.386 Thread 0x00000236b9624c20 DEOPT UNPACKING pc=0x00000236c0e72b43 sp=0x00000068fe5fdb50 mode 3
Event: 0.744 Thread 0x00000236b9624c20 DEOPT PACKING pc=0x00000236c1212635 sp=0x00000068fe5fcd20
Event: 0.744 Thread 0x00000236b9624c20 DEOPT UNPACKING pc=0x00000236c0e72b43 sp=0x00000068fe5fc238 mode 3
Event: 0.960 Thread 0x00000236b9624c20 DEOPT PACKING pc=0x00000236c1121281 sp=0x00000068fe5fdda0
Event: 0.960 Thread 0x00000236b9624c20 DEOPT UNPACKING pc=0x00000236c0e72b43 sp=0x00000068fe5fd1f8 mode 3
Event: 1.590 Thread 0x00000236d203a600 DEOPT PACKING pc=0x00000236c14e1879 sp=0x00000068806fc680
Event: 1.590 Thread 0x00000236d203a600 DEOPT UNPACKING pc=0x00000236c0e72b43 sp=0x00000068806fbb60 mode 3

Classes unloaded (0 events):
No events

Classes redefined (0 events):
No events

Internal exceptions (20 events):
Event: 1.313 Thread 0x00000236d203a600 Exception <a 'java/lang/NoSuchMethodError'{0x00000007119b49b0}: 'java.lang.Object java.lang.invoke.DirectMethodHandle$Holder.invokeSpecial(java.lang.Object, java.lang.Object, java.lang.Object, java.lang.Object, java.lang.Object, java.lang.Object, java.lang.Object, int)'> (0x00000007119b49b0) 
thrown [t:\workspace\open\src\hotspot\share\interpreter\linkResolver.cpp, line 766]
Event: 1.344 Thread 0x00000236d203a600 Exception <a 'java/lang/NoSuchMethodError'{0x0000000711712c78}: 'void java.lang.invoke.DirectMethodHandle$Holder.invokeSpecial(java.lang.Object, java.lang.Object, java.lang.Object, java.lang.Object, java.lang.Object)'> (0x0000000711712c78) 
thrown [t:\workspace\open\src\hotspot\share\interpreter\linkResolver.cpp, line 766]
Event: 1.391 Thread 0x00000236d203a600 Exception <a 'java/lang/NoSuchMethodError'{0x0000000711547b30}: 'void java.lang.invoke.DirectMethodHandle$Holder.invokeSpecial(java.lang.Object, java.lang.Object, java.lang.Object, java.lang.Object, java.lang.Object, java.lang.Object)'> (0x0000000711547b30) 
thrown [t:\workspace\open\src\hotspot\share\interpreter\linkResolver.cpp, line 766]
Event: 1.402 Thread 0x00000236d203a600 Exception <a 'java/lang/NoSuchMethodError'{0x00000007115d9a90}: 'java.lang.Object java.lang.invoke.DirectMethodHandle$Holder.invokeSpecial(java.lang.Object, java.lang.Object, java.lang.Object, int, java.lang.Object)'> (0x00000007115d9a90) 
thrown [t:\workspace\open\src\hotspot\share\interpreter\linkResolver.cpp, line 766]
Event: 1.403 Thread 0x00000236d203a600 Exception <a 'java/lang/NoSuchMethodError'{0x00000007115e2000}: 'java.lang.Object java.lang.invoke.DirectMethodHandle$Holder.newInvokeSpecial(java.lang.Object, java.lang.Object, java.lang.Object, int, java.lang.Object)'> (0x00000007115e2000) 
thrown [t:\workspace\open\src\hotspot\share\interpreter\linkResolver.cpp, line 766]
Event: 1.403 Thread 0x00000236d203a600 Exception <a 'java/lang/NoSuchMethodError'{0x00000007115e9a10}: 'java.lang.Object java.lang.invoke.Invokers$Holder.linkToTargetMethod(java.lang.Object, java.lang.Object, int, java.lang.Object, java.lang.Object)'> (0x00000007115e9a10) 
thrown [t:\workspace\open\src\hotspot\share\interpreter\linkResolver.cpp, line 766]
Event: 1.405 Thread 0x00000236d203a600 Exception <a 'java/lang/NoSuchMethodError'{0x00000007115f8830}: 'java.lang.Object java.lang.invoke.DirectMethodHandle$Holder.newInvokeSpecial(java.lang.Object, int, java.lang.Object)'> (0x00000007115f8830) 
thrown [t:\workspace\open\src\hotspot\share\interpreter\linkResolver.cpp, line 766]
Event: 1.405 Thread 0x00000236d203a600 Exception <a 'java/lang/NoSuchMethodError'{0x00000007115fc800}: 'int java.lang.invoke.DirectMethodHandle$Holder.invokeSpecialIFC(java.lang.Object, java.lang.Object, java.lang.Object, java.lang.Object)'> (0x00000007115fc800) 
thrown [t:\workspace\open\src\hotspot\share\interpreter\linkResolver.cpp, line 766]
Event: 1.417 Thread 0x00000236d203a600 Exception <a 'java/lang/NoSuchMethodError'{0x00000007112b76e8}: 'java.lang.Object java.lang.invoke.DirectMethodHandle$Holder.invokeInterface(java.lang.Object, java.lang.Object)'> (0x00000007112b76e8) 
thrown [t:\workspace\open\src\hotspot\share\interpreter\linkResolver.cpp, line 766]
Event: 1.434 Thread 0x00000236d203a600 Exception <a 'java/lang/NoSuchMethodError'{0x000000071136ad20}: 'void java.lang.invoke.DirectMethodHandle$Holder.invokeInterface(java.lang.Object, java.lang.Object, java.lang.Object)'> (0x000000071136ad20) 
thrown [t:\workspace\open\src\hotspot\share\interpreter\linkResolver.cpp, line 766]
Event: 1.456 Thread 0x00000236d203a600 Exception <a 'java/lang/NoSuchMethodError'{0x000000071103e7a8}: 'java.lang.Object java.lang.invoke.DirectMethodHandle$Holder.invokeStatic(java.lang.Object, java.lang.Object, int)'> (0x000000071103e7a8) 
thrown [t:\workspace\open\src\hotspot\share\interpreter\linkResolver.cpp, line 766]
Event: 1.456 Thread 0x00000236d203a600 Exception <a 'java/lang/NoSuchMethodError'{0x000000071104a1c0}: 'void java.lang.invoke.DelegatingMethodHandle$Holder.delegate(java.lang.Object, java.lang.Object, int, java.lang.Object)'> (0x000000071104a1c0) 
thrown [t:\workspace\open\src\hotspot\share\interpreter\linkResolver.cpp, line 766]
Event: 1.470 Thread 0x00000236d203a600 Exception <a 'java/lang/NoSuchMethodError'{0x00000007110e9d90}: 'void java.lang.invoke.DirectMethodHandle$Holder.invokeStatic(java.lang.Object, java.lang.Object, int)'> (0x00000007110e9d90) 
thrown [t:\workspace\open\src\hotspot\share\interpreter\linkResolver.cpp, line 766]
Event: 1.471 Thread 0x00000236d203a600 Exception <a 'java/lang/NoSuchMethodError'{0x00000007110f1b00}: 'void java.lang.invoke.DirectMethodHandle$Holder.invokeStaticInit(java.lang.Object, java.lang.Object)'> (0x00000007110f1b00) 
thrown [t:\workspace\open\src\hotspot\share\interpreter\linkResolver.cpp, line 766]
Event: 1.473 Thread 0x00000236d203a600 Exception <a 'java/lang/NoSuchMethodError'{0x0000000711108d18}: 'void java.lang.invoke.DirectMethodHandle$Holder.invokeStaticInit(java.lang.Object, java.lang.Object, java.lang.Object)'> (0x0000000711108d18) 
thrown [t:\workspace\open\src\hotspot\share\interpreter\linkResolver.cpp, line 766]
Event: 1.483 Thread 0x00000236d203a600 Exception <a 'java/lang/NoSuchMethodError'{0x000000071115f7e8}: 'void java.lang.invoke.DirectMethodHandle$Holder.invokeVirtual(java.lang.Object, java.lang.Object, java.lang.Object, java.lang.Object)'> (0x000000071115f7e8) 
thrown [t:\workspace\open\src\hotspot\share\interpreter\linkResolver.cpp, line 766]
Event: 1.505 Thread 0x00000236d203a600 Exception <a 'java/lang/NoSuchMethodError'{0x0000000710e873b8}: 'void java.lang.invoke.DirectMethodHandle$Holder.invokeSpecial(java.lang.Object, java.lang.Object, java.lang.Object)'> (0x0000000710e873b8) 
thrown [t:\workspace\open\src\hotspot\share\interpreter\linkResolver.cpp, line 766]
Event: 1.534 Thread 0x00000236d26f38c0 Exception <a 'java/lang/NoSuchMethodError'{0x0000000710845a50}: 'java.lang.Object java.lang.invoke.DirectMethodHandle$Holder.invokeStaticInit(java.lang.Object, java.lang.Object, java.lang.Object)'> (0x0000000710845a50) 
thrown [t:\workspace\open\src\hotspot\share\interpreter\linkResolver.cpp, line 766]
Event: 1.534 Thread 0x00000236d26f38c0 Exception <a 'java/lang/NoSuchMethodError'{0x000000071084b940}: 'java.lang.Object java.lang.invoke.DirectMethodHandle$Holder.invokeStaticInit(java.lang.Object, java.lang.Object, java.lang.Object, java.lang.Object, java.lang.Object)'> (0x000000071084b940) 
thrown [t:\workspace\open\src\hotspot\share\interpreter\linkResolver.cpp, line 766]
Event: 1.563 Thread 0x00000236d203a600 Exception <a 'java/lang/NoSuchMethodError'{0x000000071076a3b0}: 'org.slf4j.impl.StaticMDCBinder org.slf4j.impl.StaticMDCBinder.getSingleton()'> (0x000000071076a3b0) 
thrown [t:\workspace\open\src\hotspot\share\interpreter\linkResolver.cpp, line 766]

VM Operations (20 events):
Event: 0.928 Executing VM operation: G1CollectForAllocation
Event: 0.934 Executing VM operation: G1CollectForAllocation done
Event: 1.032 Executing VM operation: HandshakeAllThreads
Event: 1.032 Executing VM operation: HandshakeAllThreads done
Event: 1.104 Executing VM operation: HandshakeAllThreads
Event: 1.104 Executing VM operation: HandshakeAllThreads done
Event: 1.136 Executing VM operation: HandshakeAllThreads
Event: 1.136 Executing VM operation: HandshakeAllThreads done
Event: 1.190 Executing VM operation: HandshakeAllThreads
Event: 1.190 Executing VM operation: HandshakeAllThreads done
Event: 1.224 Executing VM operation: G1CollectForAllocation
Event: 1.227 Executing VM operation: G1CollectForAllocation done
Event: 1.438 Executing VM operation: ICBufferFull
Event: 1.438 Executing VM operation: ICBufferFull done
Event: 1.519 Executing VM operation: HandshakeAllThreads
Event: 1.519 Executing VM operation: HandshakeAllThreads done
Event: 1.553 Executing VM operation: ICBufferFull
Event: 1.553 Executing VM operation: ICBufferFull done
Event: 1.630 Executing VM operation: HandshakeAllThreads
Event: 1.630 Executing VM operation: HandshakeAllThreads done

Events (20 events):
Event: 1.543 loading class jdk/xml/internal/JdkProperty
Event: 1.543 loading class jdk/xml/internal/JdkProperty done
Event: 1.557 loading class java/beans/Transient
Event: 1.557 loading class java/beans/Transient done
Event: 1.557 loading class java/beans/ConstructorProperties
Event: 1.557 loading class java/beans/ConstructorProperties done
Event: 1.567 loading class jdk/internal/reflect/UnsafeQualifiedStaticIntegerFieldAccessorImpl
Event: 1.567 loading class jdk/internal/reflect/UnsafeQualifiedStaticIntegerFieldAccessorImpl done
Event: 1.569 loading class org/xml/sax/ErrorHandler
Event: 1.569 loading class org/xml/sax/ErrorHandler done
Event: 1.570 loading class sun/text/resources/cldr/FormatData_en
Event: 1.570 loading class sun/text/resources/cldr/FormatData_en done
Event: 1.571 loading class sun/text/resources/cldr/FormatData_en_US
Event: 1.571 loading class sun/text/resources/cldr/FormatData_en_US done
Event: 1.579 loading class java/lang/annotation/Repeatable
Event: 1.579 loading class java/lang/annotation/Repeatable done
Event: 1.585 loading class java/util/concurrent/atomic/AtomicReference
Event: 1.585 loading class java/util/concurrent/atomic/AtomicReference done
Event: 1.612 loading class jdk/internal/reflect/UnsafeObjectFieldAccessorImpl
Event: 1.612 loading class jdk/internal/reflect/UnsafeObjectFieldAccessorImpl done


Dynamic libraries:
0x00007ff7ab5d0000 - 0x00007ff7ab5e0000 	D:\study\JDK\jdk-17.0.1\bin\java.exe
0x00007ffc1e090000 - 0x00007ffc1e288000 	C:\WINDOWS\SYSTEM32\ntdll.dll
0x00007ffc1cb20000 - 0x00007ffc1cbdf000 	C:\WINDOWS\System32\KERNEL32.DLL
0x00007ffc1b990000 - 0x00007ffc1bc86000 	C:\WINDOWS\System32\KERNELBASE.dll
0x00007ffc1be60000 - 0x00007ffc1bf60000 	C:\WINDOWS\System32\ucrtbase.dll
0x00007ffc03ec0000 - 0x00007ffc03eda000 	D:\study\JDK\jdk-17.0.1\bin\VCRUNTIME140.dll
0x00007ffc03ee0000 - 0x00007ffc03ef8000 	D:\study\JDK\jdk-17.0.1\bin\jli.dll
0x00007ffc1c0f0000 - 0x00007ffc1c19f000 	C:\WINDOWS\System32\ADVAPI32.dll
0x00007ffc1de00000 - 0x00007ffc1de9e000 	C:\WINDOWS\System32\msvcrt.dll
0x00007ffc1c1a0000 - 0x00007ffc1c23c000 	C:\WINDOWS\System32\sechost.dll
0x00007ffc1dbe0000 - 0x00007ffc1dd06000 	C:\WINDOWS\System32\RPCRT4.dll
0x00007ffc1c3f0000 - 0x00007ffc1c58d000 	C:\WINDOWS\System32\USER32.dll
0x00007ffc1b770000 - 0x00007ffc1b792000 	C:\WINDOWS\System32\win32u.dll
0x00007ffc1c240000 - 0x00007ffc1c26c000 	C:\WINDOWS\System32\GDI32.dll
0x00007ffc1bfd0000 - 0x00007ffc1c0e5000 	C:\WINDOWS\System32\gdi32full.dll
0x00007ffc038e0000 - 0x00007ffc03b7a000 	C:\WINDOWS\WinSxS\amd64_microsoft.windows.common-controls_6595b64144ccf1df_6.0.19041.1110_none_60b5254171f9507e\COMCTL32.dll
0x00007ffc1bdc0000 - 0x00007ffc1be5d000 	C:\WINDOWS\System32\msvcp_win.dll
0x00007ffc14930000 - 0x00007ffc1493a000 	C:\WINDOWS\SYSTEM32\VERSION.dll
0x00007ffc1da00000 - 0x00007ffc1da30000 	C:\WINDOWS\System32\IMM32.DLL
0x00007ffc05a50000 - 0x00007ffc05a5c000 	D:\study\JDK\jdk-17.0.1\bin\vcruntime140_1.dll
0x00007ffbf93b0000 - 0x00007ffbf943d000 	D:\study\JDK\jdk-17.0.1\bin\msvcp140.dll
0x00007ffbbf860000 - 0x00007ffbc041e000 	D:\study\JDK\jdk-17.0.1\bin\server\jvm.dll
0x00007ffc1d870000 - 0x00007ffc1d878000 	C:\WINDOWS\System32\PSAPI.DLL
0x00007ffc0a050000 - 0x00007ffc0a059000 	C:\WINDOWS\SYSTEM32\WSOCK32.dll
0x00007ffc09360000 - 0x00007ffc09387000 	C:\WINDOWS\SYSTEM32\WINMM.dll
0x00007ffc1dd90000 - 0x00007ffc1ddfb000 	C:\WINDOWS\System32\WS2_32.dll
0x00007ffc19fc0000 - 0x00007ffc19fd2000 	C:\WINDOWS\SYSTEM32\kernel.appcore.dll
0x00007ffc03eb0000 - 0x00007ffc03eba000 	D:\study\JDK\jdk-17.0.1\bin\jimage.dll
0x00007ffc193e0000 - 0x00007ffc195c4000 	C:\WINDOWS\SYSTEM32\DBGHELP.DLL
0x00007ffc06c30000 - 0x00007ffc06c64000 	C:\WINDOWS\SYSTEM32\dbgcore.DLL
0x00007ffc1b900000 - 0x00007ffc1b982000 	C:\WINDOWS\System32\bcryptPrimitives.dll
0x00007ffc03ea0000 - 0x00007ffc03eae000 	D:\study\JDK\jdk-17.0.1\bin\instrument.dll
0x00007ffc03e70000 - 0x00007ffc03e95000 	D:\study\JDK\jdk-17.0.1\bin\java.dll
0x00007ffbf8cd0000 - 0x00007ffbf8da6000 	D:\study\JDK\jdk-17.0.1\bin\svml.dll
0x00007ffc1cff0000 - 0x00007ffc1d734000 	C:\WINDOWS\System32\SHELL32.dll
0x00007ffc19810000 - 0x00007ffc19fa3000 	C:\WINDOWS\SYSTEM32\windows.storage.dll
0x00007ffc1cc90000 - 0x00007ffc1cfe4000 	C:\WINDOWS\System32\combase.dll
0x00007ffc1b0f0000 - 0x00007ffc1b11e000 	C:\WINDOWS\SYSTEM32\Wldp.dll
0x00007ffc1cbe0000 - 0x00007ffc1cc8d000 	C:\WINDOWS\System32\SHCORE.dll
0x00007ffc1d880000 - 0x00007ffc1d8d5000 	C:\WINDOWS\System32\shlwapi.dll
0x00007ffc1b6b0000 - 0x00007ffc1b6cf000 	C:\WINDOWS\SYSTEM32\profapi.dll
0x00007ffbff420000 - 0x00007ffbff438000 	D:\study\JDK\jdk-17.0.1\bin\zip.dll
0x00007ffbff3e0000 - 0x00007ffbff3f9000 	D:\study\JDK\jdk-17.0.1\bin\net.dll
0x00007ffc145f0000 - 0x00007ffc146fa000 	C:\WINDOWS\SYSTEM32\WINHTTP.dll
0x00007ffc1ae50000 - 0x00007ffc1aeba000 	C:\WINDOWS\system32\mswsock.dll
0x00007ffbff3c0000 - 0x00007ffbff3d5000 	D:\study\JDK\jdk-17.0.1\bin\nio.dll
0x00007ffbfb7d0000 - 0x00007ffbfb7ea000 	D:\study\IDEA\IntelliJ IDEA 2022.1.1\bin\breakgen64.dll
0x00007ffc1ab80000 - 0x00007ffc1ac4b000 	C:\WINDOWS\SYSTEM32\DNSAPI.dll
0x00007ffc1ab40000 - 0x00007ffc1ab7c000 	C:\WINDOWS\SYSTEM32\IPHLPAPI.DLL
0x00007ffc1cb10000 - 0x00007ffc1cb18000 	C:\WINDOWS\System32\NSI.dll
0x00007ffc14890000 - 0x00007ffc1489a000 	C:\Windows\System32\rasadhlp.dll
0x00007ffc0e6a0000 - 0x00007ffc0e722000 	C:\WINDOWS\System32\fwpuclnt.dll
0x00007ffc1bce0000 - 0x00007ffc1bd07000 	C:\WINDOWS\System32\bcrypt.dll
0x00007ffbfcf00000 - 0x00007ffbfcf09000 	D:\study\JDK\jdk-17.0.1\bin\management.dll
0x00007ffbf9490000 - 0x00007ffbf949b000 	D:\study\JDK\jdk-17.0.1\bin\management_ext.dll
0x00007ffc1b040000 - 0x00007ffc1b058000 	C:\WINDOWS\SYSTEM32\CRYPTSP.dll
0x00007ffc1a770000 - 0x00007ffc1a7a4000 	C:\WINDOWS\system32\rsaenh.dll
0x00007ffc1b670000 - 0x00007ffc1b69e000 	C:\WINDOWS\SYSTEM32\USERENV.dll
0x00007ffc1b060000 - 0x00007ffc1b06c000 	C:\WINDOWS\SYSTEM32\CRYPTBASE.dll
0x00007ffc137b0000 - 0x00007ffc137c7000 	C:\WINDOWS\SYSTEM32\dhcpcsvc6.DLL
0x00007ffc14850000 - 0x00007ffc1486d000 	C:\WINDOWS\SYSTEM32\dhcpcsvc.DLL
0x00007ffbfda30000 - 0x00007ffbfda47000 	C:\WINDOWS\system32\napinsp.dll
0x00007ffbfda10000 - 0x00007ffbfda2b000 	C:\WINDOWS\system32\pnrpnsp.dll
0x00007ffc16370000 - 0x00007ffc16385000 	C:\WINDOWS\system32\wshbth.dll
0x00007ffc16d30000 - 0x00007ffc16d4d000 	C:\WINDOWS\system32\NLAapi.dll
0x00007ffbfd9f0000 - 0x00007ffbfda02000 	C:\WINDOWS\System32\winrnr.dll

dbghelp: loaded successfully - version: 4.0.5 - missing functions: none
symbol engine: initialized successfully - sym options: 0x614 - pdb path: .;D:\study\JDK\jdk-17.0.1\bin;C:\WINDOWS\SYSTEM32;C:\WINDOWS\WinSxS\amd64_microsoft.windows.common-controls_6595b64144ccf1df_6.0.19041.1110_none_60b5254171f9507e;D:\study\JDK\jdk-17.0.1\bin\server;D:\study\IDEA\IntelliJ IDEA 2022.1.1\bin

VM Arguments:
jvm_args: -XX:TieredStopAtLevel=1 -Xverify:none -Dspring.output.ansi.enabled=always -Dcom.sun.management.jmxremote -Dspring.jmx.enabled=true -Dspring.liveBeansView.mbeanDomain -Dspring.application.admin.enabled=true -javaagent:D:\study\IDEA\IntelliJ IDEA 2022.1.1\lib\idea_rt.jar=61817:D:\study\IDEA\IntelliJ IDEA 2022.1.1\bin -Dfile.encoding=GBK 
java_command: com.eleadmin.EleAdminApplication
java_class_path (initial): D:\study\IDEA\workspace\eleAdminPro\ele-admin-api-20220731\ele-admin-api\target\classes;D:\study\IDEA\workspace\eleAdminPro\lib\javax.transaction.jar;D:\study\IDEA\workspace\eleAdminPro\lib\javax.jms.jar;D:\study\IDEA\workspace\eleAdminPro\lib\javax.annotation.jar;D:\study\IDEA\workspace\eleAdminPro\lib\javax.servlet.jsp.jstl.jar;D:\study\IDEA\workspace\eleAdminPro\lib\javax.resource.jar;D:\study\IDEA\workspace\eleAdminPro\lib\javax.ejb.jar;D:\study\IDEA\workspace\eleAdminPro\lib\javax.servlet.jsp.jar;D:\study\IDEA\workspace\eleAdminPro\lib\javax.persistence.jar;C:\Users\31055\.m2\repository\org\springframework\boot\spring-boot-devtools\2.5.4\spring-boot-devtools-2.5.4.jar;C:\Users\31055\.m2\repository\org\springframework\boot\spring-boot\2.5.4\spring-boot-2.5.4.jar;C:\Users\31055\.m2\repository\org\springframework\spring-context\5.3.9\spring-context-5.3.9.jar;C:\Users\31055\.m2\repository\org\springframework\boot\spring-boot-autoconfigure\2.5.4\spring-boot-autoconfigure-2.5.4.jar;C:\Users\31055\.m2\repository\org\springframework\boot\spring-boot-starter\2.5.4\spring-boot-starter-2.5.4.jar;C:\Users\31055\.m2\repository\org\springframework\boot\spring-boot-starter-logging\2.5.4\spring-boot-starter-logging-2.5.4.jar;C:\Users\31055\.m2\repository\ch\qos\logback\logback-classic\1.2.5\logback-classic-1.2.5.jar;C:\Users\31055\.m2\repository\ch\qos\logback\logback-core\1.2.5\logback-core-1.2.5.jar;C:\Users\31055\.m2\repository\org\apache\logging\log4j\log4j-to-slf4j\2.14.1\log4j-to-slf4j-2.14.1.jar;C:\Users\31055\.m2\repository\org\apache\logging\log4j\log4j-api\2.14.1\log4j-api-2.14.1.jar;C:\Users\31055\.m2\repository\org\slf4j\jul-to-slf4j\1.7.32\jul-to-slf4j-1.7.32.jar;C:\Users\31055\.m2\repository\jakarta\annotation\jakarta.annotation-api\1.3.5\jakarta.annotation-api-1.3.5.jar;C:\Users\31055\.m2\repository\org\yaml\snakeyaml\1.28\snakeyaml-1.28.jar;C:\Users\31055\.m2\repository\net\bytebuddy\byte-buddy\1.10.22\byte-buddy-1.10.22.jar;C:\User
Launcher Type: SUN_STANDARD

[Global flags]
     intx CICompilerCount                          = 12                                        {product} {ergonomic}
     uint ConcGCThreads                            = 3                                         {product} {ergonomic}
     uint G1ConcRefinementThreads                  = 13                                        {product} {ergonomic}
   size_t G1HeapRegionSize                         = 2097152                                   {product} {ergonomic}
    uintx GCDrainStackTargetSize                   = 64                                        {product} {ergonomic}
   size_t InitialHeapSize                          = 266338304                                 {product} {ergonomic}
     bool ManagementServer                         = true                                      {product} {command line}
   size_t MarkStackSize                            = 4194304                                   {product} {ergonomic}
   size_t MaxHeapSize                              = 4261412864                                {product} {ergonomic}
   size_t MaxNewSize                               = 2556428288                                {product} {ergonomic}
   size_t MinHeapDeltaBytes                        = 2097152                                   {product} {ergonomic}
   size_t MinHeapSize                              = 8388608                                   {product} {ergonomic}
    uintx NonProfiledCodeHeapSize                  = 0                                      {pd product} {ergonomic}
     bool ProfileInterpreter                       = false                                  {pd product} {command line}
    uintx ProfiledCodeHeapSize                     = 0                                      {pd product} {ergonomic}
   size_t SoftMaxHeapSize                          = 4261412864                             {manageable} {ergonomic}
     intx TieredStopAtLevel                        = 1                                         {product} {command line}
     bool UseCompressedClassPointers               = true                           {product lp64_product} {ergonomic}
     bool UseCompressedOops                        = true                           {product lp64_product} {ergonomic}
     bool UseG1GC                                  = true                                      {product} {ergonomic}
     bool UseLargePagesIndividualAllocation        = false                                  {pd product} {ergonomic}

Logging:
Log output configuration:
 #0: stdout all=warning uptime,level,tags
 #1: stderr all=off uptime,level,tags

Environment Variables:
JAVA_HOME=D:\study\JDK\jdk-18_windows-x64_bin
PATH=C:\Program Files (x86)\Razer\ChromaBroadcast\bin;C:\Program Files\Razer\ChromaBroadcast\bin;C:\Windows\system32;C:\Windows;C:\Windows\System32\Wbem;C:\Windows\System32\WindowsPowerShell\v1.0\;C:\Windows\System32\OpenSSH\;C:\Program Files (x86)\NVIDIA Corporation\PhysX\Common;C:\Program Files\NVIDIA Corporation\NVIDIA NvDLISR;C:\WINDOWS\system32;C:\WINDOWS;C:\WINDOWS\System32\Wbem;C:\WINDOWS\System32\WindowsPowerShell\v1.0\;C:\WINDOWS\System32\OpenSSH\;C:\Program Files (x86)\Microsoft SQL Server\150\Tools\Binn\;C:\Program Files\Microsoft SQL Server\150\Tools\Binn\;C:\Program Files\Microsoft SQL Server\150\DTS\Binn\;C:\Program Files\Microsoft SQL Server\Client SDK\ODBC\170\Tools\Binn\;C:\Program Files\Azure Data Studio\bin;D:\study\JDK\jdk-18_windows-x64_bin\bin;D:\study\JDK\jdk-18_windows-x64_bin\jre\bin;C:\WINDOWS\system32\config\systemprofile\AppData\Local\Microsoft\WindowsApps;D:\study\maven\apache-maven-3.8.6\bin;D:\study\nodejs;D:\study\Python\python\Scripts\;D:\study\Python\python\;C:\Users\31055\AppData\Local\Microsoft\WindowsApps;C:\Program Files\Azure Data Studio\bin;D:\study\JDK\jdk-18_windows-x64_bin\bin;D:\study\JDK\jdk-18_windows-x64_bin\jre\bin;&mysql_home%;&mysql_home%\bin;D:\study\Python\pycharm\PyCharm Community Edition 2022.2.1\bin;;D:\Environment\nodejs\node_global;C:\Users\31055\AppData\Roaming\npm;
USERNAME=31055
OS=Windows_NT
PROCESSOR_IDENTIFIER=Intel64 Family 6 Model 165 Stepping 2, GenuineIntel



---------------  S Y S T E M  ---------------

OS:
 Windows 10 , 64 bit Build 19041 (10.0.19041.2913)
OS uptime: 0 days 8:24 hours

CPU: total 16 (initial active 16) (8 cores per cpu, 2 threads per core) family 6 model 165 stepping 2 microcode 0xc8, cx8, cmov, fxsr, ht, mmx, 3dnowpref, sse, sse2, sse3, ssse3, sse4.1, sse4.2, popcnt, lzcnt, tsc, tscinvbit, avx, avx2, aes, erms, clmul, bmi1, bmi2, adx, fma, vzeroupper, clflush, clflushopt

Memory: 4k page, system-wide physical 16250M (2405M free)
TotalPageFile size 22394M (AvailPageFile size 2M)
current process WorkingSet (physical memory assigned to process): 106M, peak: 106M
current process commit charge ("private bytes"): 380M, peak: 380M

vm_info: Java HotSpot(TM) 64-Bit Server VM (17.0.1+12-LTS-39) for windows-amd64 JRE (17.0.1+12-LTS-39), built on Sep 27 2021 18:41:35 by "mach5one" with MS VC++ 16.8 (VS2019)

END.
