#
# There is insufficient memory for the Java Runtime Environment to continue.
# Native memory allocation (mmap) failed to map 266338304 bytes for G1 virtual space
# Possible reasons:
#   The system is out of physical RAM or swap space
#   The process is running with CompressedOops enabled, and the Java Heap may be blocking the growth of the native heap
# Possible solutions:
#   Reduce memory load on the system
#   Increase physical memory or swap space
#   Check if swap backing store is full
#   Decrease Java heap size (-Xmx/-Xms)
#   Decrease number of Java threads
#   Decrease Java thread stack sizes (-Xss)
#   Set larger code cache with -XX:ReservedCodeCacheSize=
#   JVM is running with Zero Based Compressed Oops mode in which the Java heap is
#     placed in the first 32GB address space. The Java Heap base address is the
#     maximum limit for the native heap growth. Please use -XX:HeapBaseMinAddress
#     to set the Java Heap base and to place the Java Heap above 32GB virtual address.
# This output file may be truncated or incomplete.
#
#  Out of Memory Error (os_windows.cpp:3530), pid=14900, tid=5904
#
# JRE version:  (18.0.1+10) (build )
# Java VM: Java HotSpot(TM) 64-Bit Server VM (18.0.1+10-24, mixed mode, sharing, tiered, compressed oops, compressed class ptrs, g1 gc, windows-amd64)
# No core dump will be written. Minidumps are not enabled by default on client versions of Windows
#

---------------  S U M M A R Y ------------

Command Line: -ea -Didea.test.cyclic.buffer.size=1048576 -javaagent:D:\study\IDEA\IntelliJ IDEA 2022.1.1\lib\idea_rt.jar=60936:D:\study\IDEA\IntelliJ IDEA 2022.1.1\bin -Dfile.encoding=GBK com.intellij.rt.junit.JUnitStarter -ideVersion5 -junit5 com.eleadmin.EleAdminApplicationTests,agreementCDUSTest

Host: Intel(R) Core(TM) i7-10875H CPU @ 2.30GHz, 16 cores, 15G,  Windows 10 , 64 bit Build 19041 (10.0.19041.2913)
Time: Thu May 18 19:39:36 2023  Windows 10 , 64 bit Build 19041 (10.0.19041.2913) elapsed time: 0.011376 seconds (0d 0h 0m 0s)

---------------  T H R E A D  ---------------

Current thread (0x0000013d68a2ce80):  JavaThread "Unknown thread" [_thread_in_vm, id=5904, stack(0x00000029b9700000,0x00000029b9800000)]

Stack: [0x00000029b9700000,0x00000029b9800000]
Native frames: (J=compiled Java code, j=interpreted, Vv=VM code, C=native code)
V  [jvm.dll+0x69887a]
V  [jvm.dll+0x7f38bd]
V  [jvm.dll+0x7f51ce]
V  [jvm.dll+0x7f5883]
V  [jvm.dll+0x25ca3f]
V  [jvm.dll+0x6957c9]
V  [jvm.dll+0x68a2fa]
V  [jvm.dll+0x321efb]
V  [jvm.dll+0x3298d6]
V  [jvm.dll+0x37e47e]
V  [jvm.dll+0x37e6af]
V  [jvm.dll+0x2f9c7a]
V  [jvm.dll+0x2facdd]
V  [jvm.dll+0x7c24f0]
V  [jvm.dll+0x38b801]
V  [jvm.dll+0x7a1203]
V  [jvm.dll+0x40d6bf]
V  [jvm.dll+0x40f091]
C  [jli.dll+0x526b]
C  [ucrtbase.dll+0x21bb2]
C  [KERNEL32.DLL+0x17614]
C  [ntdll.dll+0x526a1]


---------------  P R O C E S S  ---------------

Threads class SMR info:
_java_thread_list=0x00007ffbea95d550, length=0, elements={
}

Java Threads: ( => current thread )

Other Threads:
  0x0000013d68a9f640 WorkerThread "GC Thread#0" [stack: 0x00000029b9800000,0x00000029b9900000] [id=19148]
  0x0000013d68ab0370 ConcurrentGCThread "G1 Main Marker" [stack: 0x00000029b9900000,0x00000029b9a00000] [id=25264]
  0x0000013d68ab1500 WorkerThread "G1 Conc#0" [stack: 0x00000029b9a00000,0x00000029b9b00000] [id=6704]

[error occurred during error reporting (printing all threads), id 0xc0000005, EXCEPTION_ACCESS_VIOLATION (0xc0000005) at pc=0x00007ffbea18a217]

VM state: not at safepoint (not fully initialized)

VM Mutex/Monitor currently owned by a thread:  ([mutex/lock_event])
[0x0000013d68a28a60] Heap_lock - owner thread: 0x0000013d68a2ce80

Heap address: 0x0000000702000000, size: 4064 MB, Compressed Oops mode: Zero based, Oop shift amount: 3

CDS archive(s) mapped at: [0x0000000000000000-0x0000000000000000-0x0000000000000000), size 0, SharedBaseAddress: 0x0000000800000000, ArchiveRelocationMode: 0.
Narrow klass base: 0x0000000000000000, Narrow klass shift: 0, Narrow klass range: 0x0

GC Precious Log:
 CardTable entry size: 512
 Card Set container configuration: InlinePtr #cards 4 size 8 Array Of Cards #cards 16 size 48 Howl #buckets 8 coarsen threshold 3686 Howl Bitmap #cards 512 size 80 coarsen threshold 460 Card regions per heap region 1 cards per card region 4096

Heap:
 garbage-first heap   total 0K, used 0K [0x0000000702000000, 0x0000000800000000)
  region size 2048K, 0 young (0K), 0 survivors (0K)

[error occurred during error reporting (printing heap information), id 0xc0000005, EXCEPTION_ACCESS_VIOLATION (0xc0000005) at pc=0x00007ffbea570cb9]

GC Heap History (0 events):
No events

Deoptimization events (0 events):
No events

Classes loaded (0 events):
No events

Classes unloaded (0 events):
No events

Classes redefined (0 events):
No events

Internal exceptions (0 events):
No events

VM Operations (0 events):
No events

Events (1 events):
Event: 0.008 Loaded shared library D:\study\JDK\jdk-18_windows-x64_bin\bin\java.dll


Dynamic libraries:
0x00007ff737d00000 - 0x00007ff737d10000 	D:\study\JDK\jdk-18_windows-x64_bin\bin\java.exe
0x00007ffc3f530000 - 0x00007ffc3f728000 	C:\WINDOWS\SYSTEM32\ntdll.dll
0x00007ffc3d660000 - 0x00007ffc3d71f000 	C:\WINDOWS\System32\KERNEL32.DLL
0x00007ffc3ce70000 - 0x00007ffc3d166000 	C:\WINDOWS\System32\KERNELBASE.dll
0x00007ffc3cc70000 - 0x00007ffc3cd70000 	C:\WINDOWS\System32\ucrtbase.dll
0x00007ffc38610000 - 0x00007ffc3862a000 	D:\study\JDK\jdk-18_windows-x64_bin\bin\VCRUNTIME140.dll
0x00007ffc386d0000 - 0x00007ffc386e8000 	D:\study\JDK\jdk-18_windows-x64_bin\bin\jli.dll
0x00007ffc3f440000 - 0x00007ffc3f4ef000 	C:\WINDOWS\System32\ADVAPI32.dll
0x00007ffc3d990000 - 0x00007ffc3da2e000 	C:\WINDOWS\System32\msvcrt.dll
0x00007ffc3f0e0000 - 0x00007ffc3f17c000 	C:\WINDOWS\System32\sechost.dll
0x00007ffc3f230000 - 0x00007ffc3f356000 	C:\WINDOWS\System32\RPCRT4.dll
0x00007ffc3deb0000 - 0x00007ffc3e04d000 	C:\WINDOWS\System32\USER32.dll
0x00007ffc3cc10000 - 0x00007ffc3cc32000 	C:\WINDOWS\System32\win32u.dll
0x00007ffc3d720000 - 0x00007ffc3d74c000 	C:\WINDOWS\System32\GDI32.dll
0x00007ffc3d220000 - 0x00007ffc3d335000 	C:\WINDOWS\System32\gdi32full.dll
0x00007ffc22410000 - 0x00007ffc226aa000 	C:\WINDOWS\WinSxS\amd64_microsoft.windows.common-controls_6595b64144ccf1df_6.0.19041.1110_none_60b5254171f9507e\COMCTL32.dll
0x00007ffc3d4f0000 - 0x00007ffc3d58d000 	C:\WINDOWS\System32\msvcp_win.dll
0x00007ffc363a0000 - 0x00007ffc363aa000 	C:\WINDOWS\SYSTEM32\VERSION.dll
0x00007ffc3e820000 - 0x00007ffc3e850000 	C:\WINDOWS\System32\IMM32.DLL
0x00007ffc386c0000 - 0x00007ffc386cc000 	D:\study\JDK\jdk-18_windows-x64_bin\bin\vcruntime140_1.dll
0x00007ffc1e090000 - 0x00007ffc1e11d000 	D:\study\JDK\jdk-18_windows-x64_bin\bin\msvcp140.dll
0x00007ffbe9e80000 - 0x00007ffbeaa90000 	D:\study\JDK\jdk-18_windows-x64_bin\bin\server\jvm.dll
0x00007ffc3ee50000 - 0x00007ffc3ee58000 	C:\WINDOWS\System32\PSAPI.DLL
0x00007ffc2ad10000 - 0x00007ffc2ad37000 	C:\WINDOWS\SYSTEM32\WINMM.dll
0x00007ffc385a0000 - 0x00007ffc385a9000 	C:\WINDOWS\SYSTEM32\WSOCK32.dll
0x00007ffc3e7a0000 - 0x00007ffc3e80b000 	C:\WINDOWS\System32\WS2_32.dll
0x00007ffc3b460000 - 0x00007ffc3b472000 	C:\WINDOWS\SYSTEM32\kernel.appcore.dll
0x00007ffc38690000 - 0x00007ffc3869a000 	D:\study\JDK\jdk-18_windows-x64_bin\bin\jimage.dll
0x00007ffc3b180000 - 0x00007ffc3b364000 	C:\WINDOWS\SYSTEM32\DBGHELP.DLL
0x00007ffc289a0000 - 0x00007ffc289d4000 	C:\WINDOWS\SYSTEM32\dbgcore.DLL
0x00007ffc3cde0000 - 0x00007ffc3ce62000 	C:\WINDOWS\System32\bcryptPrimitives.dll
0x00007ffc385d0000 - 0x00007ffc385de000 	D:\study\JDK\jdk-18_windows-x64_bin\bin\instrument.dll
0x00007ffc235d0000 - 0x00007ffc235f5000 	D:\study\JDK\jdk-18_windows-x64_bin\bin\java.dll

dbghelp: loaded successfully - version: 4.0.5 - missing functions: none
symbol engine: initialized successfully - sym options: 0x614 - pdb path: .;D:\study\JDK\jdk-18_windows-x64_bin\bin;C:\WINDOWS\SYSTEM32;C:\WINDOWS\WinSxS\amd64_microsoft.windows.common-controls_6595b64144ccf1df_6.0.19041.1110_none_60b5254171f9507e;D:\study\JDK\jdk-18_windows-x64_bin\bin\server

VM Arguments:
jvm_args: -ea -Didea.test.cyclic.buffer.size=1048576 -javaagent:D:\study\IDEA\IntelliJ IDEA 2022.1.1\lib\idea_rt.jar=60936:D:\study\IDEA\IntelliJ IDEA 2022.1.1\bin -Dfile.encoding=GBK 
java_command: com.intellij.rt.junit.JUnitStarter -ideVersion5 -junit5 com.eleadmin.EleAdminApplicationTests,agreementCDUSTest
java_class_path (initial): C:\Users\31055\.m2\repository\org\junit\platform\junit-platform-launcher\1.7.2\junit-platform-launcher-1.7.2.jar;D:\study\IDEA\IntelliJ IDEA 2022.1.1\lib\idea_rt.jar;D:\study\IDEA\IntelliJ IDEA 2022.1.1\plugins\junit\lib\junit5-rt.jar;D:\study\IDEA\IntelliJ IDEA 2022.1.1\plugins\junit\lib\junit-rt.jar;D:\study\IDEA\workspace\eleAdminPro\ele-admin-api-20220731\ele-admin-api\target\test-classes;D:\study\IDEA\workspace\eleAdminPro\ele-admin-api-20220731\ele-admin-api\target\classes;D:\study\IDEA\workspace\eleAdminPro\lib\javax.transaction.jar;D:\study\IDEA\workspace\eleAdminPro\lib\javax.jms.jar;D:\study\IDEA\workspace\eleAdminPro\lib\javax.annotation.jar;D:\study\IDEA\workspace\eleAdminPro\lib\javax.servlet.jsp.jstl.jar;D:\study\IDEA\workspace\eleAdminPro\lib\javax.resource.jar;D:\study\IDEA\workspace\eleAdminPro\lib\javax.ejb.jar;D:\study\IDEA\workspace\eleAdminPro\lib\javax.servlet.jsp.jar;D:\study\IDEA\workspace\eleAdminPro\lib\javax.persistence.jar;C:\Users\31055\.m2\repository\org\springframework\boot\spring-boot-devtools\2.5.4\spring-boot-devtools-2.5.4.jar;C:\Users\31055\.m2\repository\org\springframework\boot\spring-boot\2.5.4\spring-boot-2.5.4.jar;C:\Users\31055\.m2\repository\org\springframework\spring-context\5.3.9\spring-context-5.3.9.jar;C:\Users\31055\.m2\repository\org\springframework\boot\spring-boot-autoconfigure\2.5.4\spring-boot-autoconfigure-2.5.4.jar;C:\Users\31055\.m2\repository\org\springframework\boot\spring-boot-starter-test\2.5.4\spring-boot-starter-test-2.5.4.jar;C:\Users\31055\.m2\repository\org\springframework\boot\spring-boot-starter\2.5.4\spring-boot-starter-2.5.4.jar;C:\Users\31055\.m2\repository\org\springframework\boot\spring-boot-starter-logging\2.5.4\spring-boot-starter-logging-2.5.4.jar;C:\Users\31055\.m2\repository\ch\qos\logback\logback-classic\1.2.5\logback-classic-1.2.5.jar;C:\Users\31055\.m2\repository\ch\qos\logback\logback-core\1.2.5\logback-core-1.2.5.jar;C:\Users\31055\.m2\repository\org\apache\logging\log4j\log4j-to-slf4j\2.14.1\log4j-to-slf4j-2.14.1.jar;C:\Users\31055\.m2\repository\org\apache\logging\log4j\log4j-api\2.14.1\log4j-api-2.14.1.jar;C:\Users\31055\.m2\repository\org\slf4j\jul-to-slf4j\1.7.32\jul-to-slf4j-1.7.32.jar;C:\Users\31055\.m2\repository\jakarta\annotation\jakarta.annotation-api\1.3.5\jakarta.annotation-api-1.3.5.jar;C:\Users\31055\.m2\repository\org\yaml\snakeyaml\1.28\snakeyaml-1.28.jar;C:\Users\31055\.m2\repository\org\springframework\boot\spring-boot-test\2.5.4\spring-boot-test-2.5.4.jar;C:\Users\31055\.m2\repository\org\springframework\boot\spring-boot-test-autoconfigure\2.5.4\spring-boot-test-autoconfigure-2.5.4.jar;C:\Users\31055\.m2\repository\com\jayway\jsonpath\json-path\2.5.0\json-path-2.5.0.jar;C:\Users\31055\.m2\repository\net\minidev\json-smart\2.4.7\json-smart-2.4.7.jar;C:\Users\31055\.m2\repository\net\minidev\accessors-smart\2.4.7\accessors-smart-2.4.7.jar;C:\Users\31055\.m2\repository\org\ow2\asm\asm\9.1\asm-9.1.jar;C:\Users\31055\.m2\repository\jakarta\xml\bind\jakarta.xml.bind-api\2.3.3\jakarta.xml.bind-api-2.3.3.jar;C:\Users\31055\.m2\repository\jakarta\activation\jakarta.activation-api\1.2.2\jakarta.activation-api-1.2.2.jar;C:\Users\31055\.m2\repository\org\assertj\assertj-core\3.19.0\assertj-core-3.19.0.jar;C:\Users\31055\.m2\repository\org\hamcrest\hamcrest\2.2\hamcrest-2.2.jar;C:\Users\31055\.m2\repository\org\junit\jupiter\junit-jupiter\5.7.2\junit-jupiter-5.7.2.jar;C:\Users\31055\.m2\repository\org\junit\jupiter\junit-jupiter-api\5.7.2\junit-jupiter-api-5.7.2.jar;C:\Users\31055\.m2\repository\org\apiguardian\apiguardian-api\1.1.0\apiguardian-api-1.1.0.jar;C:\Users\31055\.m2\repository\org\opentest4j\opentest4j\1.2.0\opentest4j-1.2.0.jar;C:\Users\31055\.m2\repository\org\junit\platform\junit-platform-commons\1.7.2\junit-platform-commons-1.7.2.jar;C:\Users\31055\.m2\repository\org\junit\jupiter\junit-jupiter-params\5.7.2\junit-jupiter-params-5.7.2.jar;C:\Users\31055\.m2\repository\org\junit\jupiter\junit-jupiter-engine\5.7.2\junit-jupiter-engine-5.7.2.jar;C:\Users\31055\.m2\repository\org\junit\platform\junit-platform-engine\1.7.2\junit-platform-engine-1.7.2.jar;C:\Users\31055\.m2\repository\org\mockito\mockito-core\3.9.0\mockito-core-3.9.0.jar;C:\Users\31055\.m2\repository\net\bytebuddy\byte-buddy\1.10.22\byte-buddy-1.10.22.jar;C:\Users\31055\.m2\repository\net\bytebuddy\byte-buddy-agent\1.10.22\byte-buddy-agent-1.10.22.jar;C:\Users\31055\.m2\repository\org\objenesis\objenesis\3.2\objenesis-3.2.jar;C:\Users\31055\.m2\repository\org\mockito\mockito-junit-jupiter\3.9.0\mockito-junit-jupiter-3.9.0.jar;C:\Users\31055\.m2\repository\org\skyscreamer\jsonassert\1.5.0\jsonassert-1.5.0.jar;C:\Users\31055\.m2\repository\com\vaadin\external\google\android-json\0.0.20131108.vaadin1\android-json-0.0.20131108.vaadin1.jar;C:\Users\31055\.m2\repository\org\springframework\spring-core\5.3.9\spring-core-5.3.9.jar;C:\Users\31055\.m2\repository\org\springframework\spring-jcl\5.3.9\spring-jcl-5.3.9.jar;C:\Users\31055\.m2\repository\org\springframework\spring-test\5.3.9\spring-test-5.3.9.jar;C:\Users\31055\.m2\repository\org\xmlunit\xmlunit-core\2.8.2\xmlunit-core-2.8.2.jar;C:\Users\31055\.m2\repository\org\springframework\boot\spring-boot-starter-web\2.5.4\spring-boot-starter-web-2.5.4.jar;C:\Users\31055\.m2\repository\org\springframework\boot\spring-boot-starter-json\2.5.4\spring-boot-starter-json-2.5.4.jar;C:\Users\31055\.m2\repository\com\fasterxml\jackson\datatype\jackson-datatype-jdk8\2.12.4\jackson-datatype-jdk8-2.12.4.jar;C:\Users\31055\.m2\repository\com\fasterxml\jackson\datatype\jackson-datatype-jsr310\2.12.4\jackson-datatype-jsr310-2.12.4.jar;C:\Users\31055\.m2\repository\com\fasterxml\jackson\module\jackson-module-parameter-names\2.12.4\jackson-module-parameter-names-2.12.4.jar;C:\Users\31055\.m2\repository\org\springframework\boot\spring-boot-starter-tomcat\2.5.4\spring-boot-starter-tomcat-2.5.4.jar;C:\Users\31055\.m2\repository\org\apache\tomcat\embed\tomcat-embed-core\9.0.52\tomcat-embed-core-9.0.52.jar;C:\Users\31055\.m2\repository\org\apache\tomcat\embed\tomcat-embed-el\9.0.52\tomcat-embed-el-9.0.52.jar;C:\Users\31055\.m2\repository\org\apache\tomcat\embed\tomcat-embed-websocket\9.0.52\tomcat-embed-websocket-9.0.52.jar;C:\Users\31055\.m2\repository\org\springframework\spring-web\5.3.9\spring-web-5.3.9.jar;C:\Users\31055\.m2\repository\org\springframework\spring-beans\5.3.9\spring-beans-5.3.9.jar;C:\Users\31055\.m2\repository\org\springframework\spring-webmvc\5.3.9\spring-webmvc-5.3.9.jar;C:\Users\31055\.m2\repository\org\springframework\spring-expression\5.3.9\spring-expression-5.3.9.jar;C:\Users\31055\.m2\repository\org\springframework\boot\spring-boot-starter-aop\2.5.4\spring-boot-starter-aop-2.5.4.jar;C:\Users\31055\.m2\repository\org\springframework\spring-aop\5.3.9\spring-aop-5.3.9.jar;C:\Users\31055\.m2\repository\org\aspectj\aspectjweaver\1.9.7\aspectjweaver-1.9.7.jar;C:\Users\31055\.m2\repository\org\springframework\boot\spring-boot-configuration-processor\2.5.4\spring-boot-configuration-processor-2.5.4.jar;C:\Users\31055\.m2\repository\org\projectlombok\lombok\1.18.20\lombok-1.18.20.jar;C:\Users\31055\.m2\repository\mysql\mysql-connector-java\8.0.26\mysql-connector-java-8.0.26.jar;C:\Users\31055\.m2\repository\com\alibaba\druid-spring-boot-starter\1.2.6\druid-spring-boot-starter-1.2.6.jar;C:\Users\31055\.m2\repository\com\alibaba\druid\1.2.6\druid-1.2.6.jar;C:\Users\31055\.m2\repository\org\slf4j\slf4j-api\1.7.32\slf4j-api-1.7.32.jar;C:\Users\31055\.m2\repository\com\baomidou\mybatis-plus-boot-starter\3.4.3.3\mybatis-plus-boot-starter-3.4.3.3.jar;C:\Users\31055\.m2\repository\com\baomidou\mybatis-plus\3.4.3.3\mybatis-plus-3.4.3.3.jar;C:\Users\31055\.m2\repository\org\springframework\boot\spring-boot-starter-jdbc\2.5.4\spring-boot-starter-jdbc-2.5.4.jar;C:\Users\31055\.m2\repository\com\zaxxer\HikariCP\4.0.3\HikariCP-4.0.3.jar;C:\Users\31055\.m2\repository\org\springframework\spring-jdbc\5.3.9\spring-jdbc-5.3.9.jar;C:\Users\31055\.m2\repository\org\springframework\spring-tx\5.3.9\spring-tx-5.3.9.jar;C:\Users\31055\.m2\repository\com\baomidou\mybatis-plus-generator\3.4.1\mybatis-plus-generator-3.4.1.jar;C:\Users\31055\.m2\repository\com\baomidou\mybatis-plus-extension\3.4.1\mybatis-plus-extension-3.4.1.jar;C:\Users\31055\.m2\repository\com\baomidou\mybatis-plus-core\3.4.1\mybatis-plus-core-3.4.1.jar;C:\Users\31055\.m2\repository\com\baomidou\mybatis-plus-annotation\3.4.1\mybatis-plus-annotation-3.4.1.jar;C:\Users\31055\.m2\repository\com\github\jsqlparser\jsqlparser\3.2\jsqlparser-3.2.jar;C:\Users\31055\.m2\repository\org\mybatis\mybatis\3.5.6\mybatis-3.5.6.jar;C:\Users\31055\.m2\repository\org\mybatis\mybatis-spring\2.0.5\mybatis-spring-2.0.5.jar;C:\Users\31055\.m2\repository\cn\hutool\hutool-core\5.7.11\hutool-core-5.7.11.jar;C:\Users\31055\.m2\repository\cn\hutool\hutool-extra\5.7.11\hutool-extra-5.7.11.jar;C:\Users\31055\.m2\repository\cn\hutool\hutool-setting\5.7.11\hutool-setting-5.7.11.jar;C:\Users\31055\.m2\repository\cn\hutool\hutool-log\5.7.11\hutool-log-5.7.11.jar;C:\Users\31055\.m2\repository\cn\hutool\hutool-http\5.7.11\hutool-http-5.7.11.jar;C:\Users\31055\.m2\repository\cn\hutool\hutool-crypto\5.7.11\hutool-crypto-5.7.11.jar;C:\Users\31055\.m2\repository\cn\afterturn\easypoi-base\4.4.0\easypoi-base-4.4.0.jar;C:\Users\31055\.m2\repository\org\apache\poi\poi\4.1.1\poi-4.1.1.jar;C:\Users\31055\.m2\repository\commons-codec\commons-codec\1.15\commons-codec-1.15.jar;C:\Users\31055\.m2\repository\org\apache\commons\commons-collections4\4.4\commons-collections4-4.4.jar;C:\Users\31055\.m2\repository\org\apache\commons\commons-math3\3.6.1\commons-math3-3.6.1.jar;C:\Users\31055\.m2\repository\org\apache\poi\poi-ooxml\4.1.1\poi-ooxml-4.1.1.jar;C:\Users\31055\.m2\repository\org\apache\commons\commons-compress\1.19\commons-compress-1.19.jar;C:\Users\31055\.m2\repository\com\github\virtuald\curvesapi\1.06\curvesapi-1.06.jar;C:\Users\31055\.m2\repository\org\apache\poi\poi-ooxml-schemas\4.1.1\poi-ooxml-schemas-4.1.1.jar;C:\Users\31055\.m2\repository\org\apache\xmlbeans\xmlbeans\3.1.0\xmlbeans-3.1.0.jar;C:\Users\31055\.m2\repository\com\google\guava\guava\16.0.1\guava-16.0.1.jar;C:\Users\31055\.m2\repository\org\apache\commons\commons-lang3\3.12.0\commons-lang3-3.12.0.jar;C:\Users\31055\.m2\repository\ognl\ognl\3.2.6\ognl-3.2.6.jar;C:\Users\31055\.m2\repository\org\javassist\javassist\3.20.0-GA\javassist-3.20.0-GA.jar;C:\Users\31055\.m2\repository\javax\validation\validation-api\2.0.1.Final\validation-api-2.0.1.Final.jar;C:\Users\31055\.m2\repository\cn\afterturn\easypoi-annotation\4.4.0\easypoi-annotation-4.4.0.jar;C:\Users\31055\.m2\repository\org\apache\tika\tika-core\2.1.0\tika-core-2.1.0.jar;C:\Users\31055\.m2\repository\commons-io\commons-io\2.11.0\commons-io-2.11.0.jar;C:\Users\31055\.m2\repository\com\github\livesense\jodconverter-core\1.0.5\jodconverter-core-1.0.5.jar;C:\Users\31055\.m2\repository\org\openoffice\juh\3.2.1\juh-3.2.1.jar;C:\Users\31055\.m2\repository\org\openoffice\jurt\3.2.1\jurt-3.2.1.jar;C:\Users\31055\.m2\repository\org\openoffice\ridl\3.2.1\ridl-3.2.1.jar;C:\Users\31055\.m2\repository\org\openoffice\unoil\3.2.1\unoil-3.2.1.jar;C:\Users\31055\.m2\repository\org\springframework\boot\spring-boot-starter-mail\2.5.4\spring-boot-starter-mail-2.5.4.jar;C:\Users\31055\.m2\repository\org\springframework\spring-context-support\5.3.9\spring-context-support-5.3.9.jar;C:\Users\31055\.m2\repository\com\sun\mail\jakarta.mail\1.6.7\jakarta.mail-1.6.7.jar;C:\Users\31055\.m2\repository\com\sun\activation\jakarta.activation\1.2.2\jakarta.activation-1.2.2.jar;C:\Users\31055\.m2\repository\com\ibeetl\beetl\3.6.1.RELEASE\beetl-3.6.1.RELEASE.jar;C:\Users\31055\.m2\repository\org\antlr\antlr4-runtime\4.9.2\antlr4-runtime-4.9.2.jar;C:\Users\31055\.m2\repository\io\springfox\springfox-boot-starter\3.0.0\springfox-boot-starter-3.0.0.jar;C:\Users\31055\.m2\repository\io\springfox\springfox-oas\3.0.0\springfox-oas-3.0.0.jar;C:\Users\31055\.m2\repository\io\swagger\core\v3\swagger-annotations\2.1.2\swagger-annotations-2.1.2.jar;C:\Users\31055\.m2\repository\io\swagger\core\v3\swagger-models\2.1.2\swagger-models-2.1.2.jar;C:\Users\31055\.m2\repository\io\springfox\springfox-spi\3.0.0\springfox-spi-3.0.0.jar;C:\Users\31055\.m2\repository\io\springfox\springfox-schema\3.0.0\springfox-schema-3.0.0.jar;C:\Users\31055\.m2\repository\io\springfox\springfox-core\3.0.0\springfox-core-3.0.0.jar;C:\Users\31055\.m2\repository\io\springfox\springfox-spring-web\3.0.0\springfox-spring-web-3.0.0.jar;C:\Users\31055\.m2\repository\io\github\classgraph\classgraph\4.8.83\classgraph-4.8.83.jar;C:\Users\31055\.m2\repository\io\springfox\springfox-spring-webmvc\3.0.0\springfox-spring-webmvc-3.0.0.jar;C:\Users\31055\.m2\repository\io\springfox\springfox-spring-webflux\3.0.0\springfox-spring-webflux-3.0.0.jar;C:\Users\31055\.m2\repository\io\springfox\springfox-swagger-common\3.0.0\springfox-swagger-common-3.0.0.jar;C:\Users\31055\.m2\repository\org\mapstruct\mapstruct\1.3.1.Final\mapstruct-1.3.1.Final.jar;C:\Users\31055\.m2\repository\io\springfox\springfox-data-rest\3.0.0\springfox-data-rest-3.0.0.jar;C:\Users\31055\.m2\repository\io\springfox\springfox-bean-validators\3.0.0\springfox-bean-validators-3.0.0.jar;C:\Users\31055\.m2\repository\io\springfox\springfox-swagger2\3.0.0\springfox-swagger2-3.0.0.jar;C:\Users\31055\.m2\repository\io\swagger\swagger-annotations\1.5.20\swagger-annotations-1.5.20.jar;C:\Users\31055\.m2\repository\io\swagger\swagger-models\1.5.20\swagger-models-1.5.20.jar;C:\Users\31055\.m2\repository\io\springfox\springfox-swagger-ui\3.0.0\springfox-swagger-ui-3.0.0.jar;C:\Users\31055\.m2\repository\com\fasterxml\classmate\1.5.1\classmate-1.5.1.jar;C:\Users\31055\.m2\repository\org\springframework\plugin\spring-plugin-core\2.0.0.RELEASE\spring-plugin-core-2.0.0.RELEASE.jar;C:\Users\31055\.m2\repository\org\springframework\plugin\spring-plugin-metadata\2.0.0.RELEASE\spring-plugin-metadata-2.0.0.RELEASE.jar;C:\Users\31055\.m2\repository\org\springframework\boot\spring-boot-starter-security\2.5.4\spring-boot-starter-security-2.5.4.jar;C:\Users\31055\.m2\repository\org\springframework\security\spring-security-config\5.5.2\spring-security-config-5.5.2.jar;C:\Users\31055\.m2\repository\org\springframework\security\spring-security-core\5.5.2\spring-security-core-5.5.2.jar;C:\Users\31055\.m2\repository\org\springframework\security\spring-security-crypto\5.5.2\spring-security-crypto-5.5.2.jar;C:\Users\31055\.m2\repository\org\springframework\security\spring-security-web\5.5.2\spring-security-web-5.5.2.jar;C:\Users\31055\.m2\repository\io\jsonwebtoken\jjwt-impl\0.11.2\jjwt-impl-0.11.2.jar;C:\Users\31055\.m2\repository\io\jsonwebtoken\jjwt-api\0.11.2\jjwt-api-0.11.2.jar;C:\Users\31055\.m2\repository\io\jsonwebtoken\jjwt-jackson\0.11.2\jjwt-jackson-0.11.2.jar;C:\Users\31055\.m2\repository\com\fasterxml\jackson\core\jackson-databind\2.12.4\jackson-databind-2.12.4.jar;C:\Users\31055\.m2\repository\com\fasterxml\jackson\core\jackson-annotations\2.12.4\jackson-annotations-2.12.4.jar;C:\Users\31055\.m2\repository\com\fasterxml\jackson\core\jackson-core\2.12.4\jackson-core-2.12.4.jar;C:\Users\31055\.m2\repository\com\github\whvcse\easy-captcha\1.6.2\easy-captcha-1.6.2.jar
Launcher Type: SUN_STANDARD

[Global flags]
     intx CICompilerCount                          = 12                                        {product} {ergonomic}
     uint ConcGCThreads                            = 3                                         {product} {ergonomic}
     uint G1ConcRefinementThreads                  = 13                                        {product} {ergonomic}
   size_t G1HeapRegionSize                         = 2097152                                   {product} {ergonomic}
    uintx GCDrainStackTargetSize                   = 64                                        {product} {ergonomic}
   size_t InitialHeapSize                          = 266338304                                 {product} {ergonomic}
   size_t MarkStackSize                            = 4194304                                   {product} {ergonomic}
   size_t MaxHeapSize                              = 4261412864                                {product} {ergonomic}
   size_t MinHeapDeltaBytes                        = 2097152                                   {product} {ergonomic}
   size_t MinHeapSize                              = 8388608                                   {product} {ergonomic}
    uintx NonNMethodCodeHeapSize                   = 7602480                                {pd product} {ergonomic}
    uintx NonProfiledCodeHeapSize                  = 122027880                              {pd product} {ergonomic}
    uintx ProfiledCodeHeapSize                     = 122027880                              {pd product} {ergonomic}
    uintx ReservedCodeCacheSize                    = 251658240                              {pd product} {ergonomic}
     bool SegmentedCodeCache                       = true                                      {product} {ergonomic}
   size_t SoftMaxHeapSize                          = 4261412864                             {manageable} {ergonomic}
     bool UseCompressedClassPointers               = true                           {product lp64_product} {ergonomic}
     bool UseCompressedOops                        = true                           {product lp64_product} {ergonomic}
     bool UseG1GC                                  = true                                      {product} {ergonomic}
     bool UseLargePagesIndividualAllocation        = false                                  {pd product} {ergonomic}

Logging:
Log output configuration:
 #0: stdout all=warning uptime,level,tags foldmultilines=false
 #1: stderr all=off uptime,level,tags foldmultilines=false

Environment Variables:
JAVA_HOME=D:\study\JDK\jdk-18_windows-x64_bin
PATH=C:\Program Files (x86)\Razer\ChromaBroadcast\bin;C:\Program Files\Razer\ChromaBroadcast\bin;C:\Windows\system32;C:\Windows;C:\Windows\System32\Wbem;C:\Windows\System32\WindowsPowerShell\v1.0\;C:\Windows\System32\OpenSSH\;C:\Program Files (x86)\NVIDIA Corporation\PhysX\Common;C:\Program Files\NVIDIA Corporation\NVIDIA NvDLISR;C:\WINDOWS\system32;C:\WINDOWS;C:\WINDOWS\System32\Wbem;C:\WINDOWS\System32\WindowsPowerShell\v1.0\;C:\WINDOWS\System32\OpenSSH\;C:\Program Files (x86)\Microsoft SQL Server\150\Tools\Binn\;C:\Program Files\Microsoft SQL Server\150\Tools\Binn\;C:\Program Files\Microsoft SQL Server\150\DTS\Binn\;C:\Program Files\Microsoft SQL Server\Client SDK\ODBC\170\Tools\Binn\;C:\Program Files\Azure Data Studio\bin;D:\study\JDK\jdk-18_windows-x64_bin\bin;D:\study\JDK\jdk-18_windows-x64_bin\jre\bin;C:\WINDOWS\system32\config\systemprofile\AppData\Local\Microsoft\WindowsApps;D:\study\maven\apache-maven-3.8.6\bin;D:\study\nodejs;D:\study\Python\python\Scripts\;D:\study\Python\python\;C:\Users\31055\AppData\Local\Microsoft\WindowsApps;C:\Program Files\Azure Data Studio\bin;D:\study\JDK\jdk-18_windows-x64_bin\bin;D:\study\JDK\jdk-18_windows-x64_bin\jre\bin;&mysql_home%;&mysql_home%\bin;D:\study\Python\pycharm\PyCharm Community Edition 2022.2.1\bin;;D:\Environment\nodejs\node_global;C:\Users\31055\AppData\Roaming\npm;
USERNAME=31055
OS=Windows_NT
PROCESSOR_IDENTIFIER=Intel64 Family 6 Model 165 Stepping 2, GenuineIntel



---------------  S Y S T E M  ---------------

OS:
 Windows 10 , 64 bit Build 19041 (10.0.19041.2913)
OS uptime: 2 days 10:51 hours

CPU: total 16 (initial active 16) (8 cores per cpu, 2 threads per core) family 6 model 165 stepping 2 microcode 0xc8, cx8, cmov, fxsr, ht, mmx, 3dnowpref, sse, sse2, sse3, ssse3, sse4.1, sse4.2, popcnt, lzcnt, tsc, tscinvbit, avx, avx2, aes, erms, clmul, bmi1, bmi2, adx, fma, vzeroupper, clflush, clflushopt

Memory: 4k page, system-wide physical 16250M (2996M free)
TotalPageFile size 22394M (AvailPageFile size 47M)
current process WorkingSet (physical memory assigned to process): 11M, peak: 11M
current process commit charge ("private bytes"): 71M, peak: 324M

vm_info: Java HotSpot(TM) 64-Bit Server VM (18.0.1+10-24) for windows-amd64 JRE (18.0.1+10-24), built on Mar  9 2022 22:41:56 by "mach5one" with MS VC++ 16.8 / 16.9 (VS2019)

END.
